###############################################################################
#                                                                             #
# IAR C/C++ Compiler V8.10.3.10338/W32 for 8051         19/Dec/2020  11:46:42 #
# Copyright 2004-2011 IAR Systems AB.                                         #
#                                                                             #
#    Core               =  plain                                              #
#    Code model         =  banked                                             #
#    Data model         =  large                                              #
#    Calling convention =  xdata reentrant                                    #
#    Constant location  =  data_rom                                           #
#    Dptr setup         =  1,16                                               #
#    Source file        =  E:\ณฃำรฤฃฟ้สตั้\ZigBeeอจะลสตั้\9.ZigBeeอ๘ย็ฟุึฦทไร #
#                          ๙ฦ๗สตั้\Components\HARDWARE\beep.c                 #
#    Command line       =  -f E:\ณฃำรฤฃฟ้สตั้\ZigBeeอจะลสตั้\9.ZigBeeอ๘ย็ฟุึฦ #
#                          ทไร๙ฦ๗สตั้\Projects\zstack\Samples\SampleApp\CC253 #
#                          0DB\..\..\..\Tools\CC2530DB\f8wCoord.cfg           #
#                          (-DCPU32MHZ -DROOT=__near_func                     #
#                          -DMAC_CFG_APP_PENDING_QUEUE=TRUE                   #
#                          -DZDO_COORDINATOR -DRTR_NWK -DBLINK_LEDS) -f       #
#                          E:\ณฃำรฤฃฟ้สตั้\ZigBeeอจะลสตั้\9.ZigBeeอ๘ย็ฟุึฦทไร #
#                          ๙ฦ๗สตั้\Projects\zstack\Samples\SampleApp\CC2530DB #
#                          \..\..\..\Tools\CC2530DB\f8wConfig.cfg             #
#                          (-DSECURE=0 -DZG_SECURE_DYNAMIC=0 -DREFLECTOR      #
#                          -DDEFAULT_CHANLIST=0x00000800                      #
#                          -DZDAPP_CONFIG_PAN_ID=0xFF11                       #
#                          -DNWK_START_DELAY=100 -DEXTENDED_JOINING_RANDOM_MA #
#                          SK=0x007F -DBEACON_REQUEST_DELAY=100               #
#                          -DBEACON_REQ_DELAY_MASK=0x00FF                     #
#                          -DROUTE_EXPIRY_TIME=30 -DAPSC_ACK_WAIT_DURATION_PO #
#                          LLED=3000 -DNWK_INDIRECT_MSG_TIMEOUT=7             #
#                          -DMAX_RREQ_ENTRIES=8 -DAPSC_MAX_FRAME_RETRIES=3    #
#                          -DNWK_MAX_DATA_RETRIES=2                           #
#                          -DMAX_POLL_FAILURE_RETRIES=2 -DMAX_BCAST=9         #
#                          -DAPS_MAX_GROUPS=16 -DMAX_RTG_ENTRIES=40           #
#                          -DNWK_MAX_BINDING_ENTRIES=4                        #
#                          -DMAX_BINDING_CLUSTER_IDS=4 "-DDEFAULT_KEY={0x01,  #
#                          0x03, 0x05, 0x07, 0x09, 0x0B, 0x0D, 0x0F, 0x00,    #
#                          0x02, 0x04, 0x06, 0x08, 0x0A, 0x0C, 0x0D}"         #
#                          -DMAC_MAX_FRAME_SIZE=116 "-DCONST=const __code"    #
#                          -DGENERIC=__generic -DRFD_RCVC_ALWAYS_ON=FALSE     #
#                          -DPOLL_RATE=1000 -DQUEUED_POLL_RATE=100            #
#                          -DRESPONSE_POLL_RATE=100) -DREJOIN_POLL_RATE=440   #
#                          E:\ณฃำรฤฃฟ้สตั้\ZigBeeอจะลสตั้\9.ZigBeeอ๘ย็ฟุึฦทไร #
#                          ๙ฦ๗สตั้\Components\HARDWARE\beep.c -D ZIGBEEPRO    #
#                          -D ZTOOL_P1 -D MT_SYS_FUNC -D xMT_ZDO_FUNC -D      #
#                          LCD_SUPPORTED=DEBUG -D NV_RESTORE -lC              #
#                          E:\ณฃำรฤฃฟ้สตั้\ZigBeeอจะลสตั้\9.ZigBeeอ๘ย็ฟุึฦทไร #
#                          ๙ฦ๗สตั้\Projects\zstack\Samples\SampleApp\CC2530DB #
#                          \Coordinator\List\ -lA E:\ณฃำรฤฃฟ้สตั้\ZigBeeอจะลส #
#                          ตั้\9.ZigBeeอ๘ย็ฟุึฦทไร๙ฦ๗สตั้\Projects\zstack\Sam #
#                          ples\SampleApp\CC2530DB\Coordinator\List\          #
#                          --diag_suppress Pe001,Pa010 -o                     #
#                          E:\ณฃำรฤฃฟ้สตั้\ZigBeeอจะลสตั้\9.ZigBeeอ๘ย็ฟุึฦทไร #
#                          ๙ฦ๗สตั้\Projects\zstack\Samples\SampleApp\CC2530DB #
#                          \Coordinator\Obj\ -e --debug --core=plain          #
#                          --dptr=16,1 --data_model=large                     #
#                          --code_model=banked --calling_convention=xdata_ree #
#                          ntrant --place_constants=data_rom                  #
#                          --nr_virtual_regs 16 -I E:\ณฃำรฤฃฟ้สตั้\ZigBeeอจะล #
#                          สตั้\9.ZigBeeอ๘ย็ฟุึฦทไร๙ฦ๗สตั้\Projects\zstack\Sa #
#                          mples\SampleApp\CC2530DB\ -I                       #
#                          E:\ณฃำรฤฃฟ้สตั้\ZigBeeอจะลสตั้\9.ZigBeeอ๘ย็ฟุึฦทไร #
#                          ๙ฦ๗สตั้\Projects\zstack\Samples\SampleApp\CC2530DB #
#                          \..\SOURCE\ -I E:\ณฃำรฤฃฟ้สตั้\ZigBeeอจะลสตั้\9.Zi #
#                          gBeeอ๘ย็ฟุึฦทไร๙ฦ๗สตั้\Projects\zstack\Samples\Sam #
#                          pleApp\CC2530DB\..\..\..\ZMAIN\TI2530DB\ -I        #
#                          E:\ณฃำรฤฃฟ้สตั้\ZigBeeอจะลสตั้\9.ZigBeeอ๘ย็ฟุึฦทไร #
#                          ๙ฦ๗สตั้\Projects\zstack\Samples\SampleApp\CC2530DB #
#                          \..\..\..\..\..\COMPONENTS\MT\ -I                  #
#                          E:\ณฃำรฤฃฟ้สตั้\ZigBeeอจะลสตั้\9.ZigBeeอ๘ย็ฟุึฦทไร #
#                          ๙ฦ๗สตั้\Projects\zstack\Samples\SampleApp\CC2530DB #
#                          \..\..\..\..\..\COMPONENTS\HAL\INCLUDE\ -I         #
#                          E:\ณฃำรฤฃฟ้สตั้\ZigBeeอจะลสตั้\9.ZigBeeอ๘ย็ฟุึฦทไร #
#                          ๙ฦ๗สตั้\Projects\zstack\Samples\SampleApp\CC2530DB #
#                          \..\..\..\..\..\COMPONENTS\HAL\TARGET\CC2530EB\    #
#                          -I E:\ณฃำรฤฃฟ้สตั้\ZigBeeอจะลสตั้\9.ZigBeeอ๘ย็ฟุึฦ #
#                          ทไร๙ฦ๗สตั้\Projects\zstack\Samples\SampleApp\CC253 #
#                          0DB\..\..\..\..\..\COMPONENTS\OSAL\MCU\CCSOC\ -I   #
#                          E:\ณฃำรฤฃฟ้สตั้\ZigBeeอจะลสตั้\9.ZigBeeอ๘ย็ฟุึฦทไร #
#                          ๙ฦ๗สตั้\Projects\zstack\Samples\SampleApp\CC2530DB #
#                          \..\..\..\..\..\COMPONENTS\OSAL\INCLUDE\ -I        #
#                          E:\ณฃำรฤฃฟ้สตั้\ZigBeeอจะลสตั้\9.ZigBeeอ๘ย็ฟุึฦทไร #
#                          ๙ฦ๗สตั้\Projects\zstack\Samples\SampleApp\CC2530DB #
#                          \..\..\..\..\..\COMPONENTS\STACK\AF\ -I            #
#                          E:\ณฃำรฤฃฟ้สตั้\ZigBeeอจะลสตั้\9.ZigBeeอ๘ย็ฟุึฦทไร #
#                          ๙ฦ๗สตั้\Projects\zstack\Samples\SampleApp\CC2530DB #
#                          \..\..\..\..\..\COMPONENTS\STACK\NWK\ -I           #
#                          E:\ณฃำรฤฃฟ้สตั้\ZigBeeอจะลสตั้\9.ZigBeeอ๘ย็ฟุึฦทไร #
#                          ๙ฦ๗สตั้\Projects\zstack\Samples\SampleApp\CC2530DB #
#                          \..\..\..\..\..\COMPONENTS\STACK\SEC\ -I           #
#                          E:\ณฃำรฤฃฟ้สตั้\ZigBeeอจะลสตั้\9.ZigBeeอ๘ย็ฟุึฦทไร #
#                          ๙ฦ๗สตั้\Projects\zstack\Samples\SampleApp\CC2530DB #
#                          \..\..\..\..\..\COMPONENTS\STACK\SAPI\ -I          #
#                          E:\ณฃำรฤฃฟ้สตั้\ZigBeeอจะลสตั้\9.ZigBeeอ๘ย็ฟุึฦทไร #
#                          ๙ฦ๗สตั้\Projects\zstack\Samples\SampleApp\CC2530DB #
#                          \..\..\..\..\..\COMPONENTS\STACK\SYS\ -I           #
#                          E:\ณฃำรฤฃฟ้สตั้\ZigBeeอจะลสตั้\9.ZigBeeอ๘ย็ฟุึฦทไร #
#                          ๙ฦ๗สตั้\Projects\zstack\Samples\SampleApp\CC2530DB #
#                          \..\..\..\..\..\COMPONENTS\STACK\ZDO\ -I           #
#                          E:\ณฃำรฤฃฟ้สตั้\ZigBeeอจะลสตั้\9.ZigBeeอ๘ย็ฟุึฦทไร #
#                          ๙ฦ๗สตั้\Projects\zstack\Samples\SampleApp\CC2530DB #
#                          \..\..\..\..\..\COMPONENTS\ZMAC\F8W\ -I            #
#                          E:\ณฃำรฤฃฟ้สตั้\ZigBeeอจะลสตั้\9.ZigBeeอ๘ย็ฟุึฦทไร #
#                          ๙ฦ๗สตั้\Projects\zstack\Samples\SampleApp\CC2530DB #
#                          \..\..\..\..\..\COMPONENTS\ZMAC\ -I                #
#                          E:\ณฃำรฤฃฟ้สตั้\ZigBeeอจะลสตั้\9.ZigBeeอ๘ย็ฟุึฦทไร #
#                          ๙ฦ๗สตั้\Projects\zstack\Samples\SampleApp\CC2530DB #
#                          \..\..\..\..\..\COMPONENTS\SERVICES\SADDR\ -I      #
#                          E:\ณฃำรฤฃฟ้สตั้\ZigBeeอจะลสตั้\9.ZigBeeอ๘ย็ฟุึฦทไร #
#                          ๙ฦ๗สตั้\Projects\zstack\Samples\SampleApp\CC2530DB #
#                          \..\..\..\..\..\COMPONENTS\SERVICES\SDATA\ -I      #
#                          E:\ณฃำรฤฃฟ้สตั้\ZigBeeอจะลสตั้\9.ZigBeeอ๘ย็ฟุึฦทไร #
#                          ๙ฦ๗สตั้\Projects\zstack\Samples\SampleApp\CC2530DB #
#                          \..\..\..\..\..\COMPONENTS\MAC\INCLUDE\ -I         #
#                          E:\ณฃำรฤฃฟ้สตั้\ZigBeeอจะลสตั้\9.ZigBeeอ๘ย็ฟุึฦทไร #
#                          ๙ฦ๗สตั้\Projects\zstack\Samples\SampleApp\CC2530DB #
#                          \..\..\..\..\..\COMPONENTS\MAC\HIGH_LEVEL\ -I      #
#                          E:\ณฃำรฤฃฟ้สตั้\ZigBeeอจะลสตั้\9.ZigBeeอ๘ย็ฟุึฦทไร #
#                          ๙ฦ๗สตั้\Projects\zstack\Samples\SampleApp\CC2530DB #
#                          \..\..\..\..\..\COMPONENTS\MAC\LOW_LEVEL\srf04\    #
#                          -I E:\ณฃำรฤฃฟ้สตั้\ZigBeeอจะลสตั้\9.ZigBeeอ๘ย็ฟุึฦ #
#                          ทไร๙ฦ๗สตั้\Projects\zstack\Samples\SampleApp\CC253 #
#                          0DB\..\..\..\..\..\COMPONENTS\MAC\LOW_LEVEL\srf04\ #
#                          SINGLE_CHIP\ -I E:\ณฃำรฤฃฟ้สตั้\ZigBeeอจะลสตั้\9.Z #
#                          igBeeอ๘ย็ฟุึฦทไร๙ฦ๗สตั้\Projects\zstack\Samples\Sa #
#                          mpleApp\CC2530DB\..\..\..\..\..\COMPONENTS\HARDWAR #
#                          E\ -Ohz                                            #
#    List file          =  E:\ณฃำรฤฃฟ้สตั้\ZigBeeอจะลสตั้\9.ZigBeeอ๘ย็ฟุึฦทไร #
#                          ๙ฦ๗สตั้\Projects\zstack\Samples\SampleApp\CC2530DB #
#                          \Coordinator\List\beep.lst                         #
#    Object file        =  E:\ณฃำรฤฃฟ้สตั้\ZigBeeอจะลสตั้\9.ZigBeeอ๘ย็ฟุึฦทไร #
#                          ๙ฦ๗สตั้\Projects\zstack\Samples\SampleApp\CC2530DB #
#                          \Coordinator\Obj\beep.r51                          #
#                                                                             #
#                                                                             #
###############################################################################

E:\ณฃำรฤฃฟ้สตั้\ZigBeeอจะลสตั้\9.ZigBeeอ๘ย็ฟุึฦทไร๙ฦ๗สตั้\Components\HARDWARE\beep.c
      1          #include "beep.h"

   \                                 In  segment SFR_AN, at 0xf4
   \   unsigned char volatile __sfr P1SEL
   \                     P1SEL:
   \   000000                DS 1

   \                                 In  segment SFR_AN, at 0xfe
   \   unsigned char volatile __sfr P1DIR
   \                     P1DIR:
   \   000000                DS 1
      2          //==========================================================
      3          //	บฏสร๛ณฦฃบ	Beep_Init()
      4          //
      5          //	บฏสนฆฤฃบ	ณ๕สผปฏBEEP ฟุึฦIO
      6          //
      7          //	ศ๋ฟฺฒฮสฃบ	ฮ
      8          //
      9          //	ทตปุฒฮสฃบ	ฮ
     10          //
     11          //	หตร๗ฃบ		
     12          //==========================================================

   \                                 In  segment BANKED_CODE, align 1, keep-with-next
     13          void Beep_Init(void)
   \                     Beep_Init:
     14          {
   \   000000                ; Saved register size: 0
   \   000000                ; Auto size: 0
     15          	 P1SEL &= ~BV(6); //GPIOนฆฤ		
   \   000000   53F4BF       ANL     0xf4,#0xbf
     16             P1DIR |= BV(6);  //P1.6ถจาๅฮชสไณ๖
   \   000003   43FE40       ORL     0xfe,#0x40
     17          }
   \   000006   02....       LJMP    ?BRET
   \   000009                REQUIRE P1SEL
   \   000009                REQUIRE P1DIR

   \                                 In  segment BANK_RELAYS, align 1
   \                     ??Beep_Init?relay:
   \   000000   12....       LCALL   ?BDISPATCH
   \   000003   ......       DC24    Beep_Init

   Maximum stack usage in bytes:

     Function  ISTACK PSTACK XSTACK
     --------  ------ ------ ------
     Beep_Init     0      0      0


   Segment part sizes:

     Function/Label    Bytes
     --------------    -----
     P1SEL                1
     P1DIR                1
     Beep_Init            9
     ??Beep_Init?relay    6

 
 9 bytes in segment BANKED_CODE
 6 bytes in segment BANK_RELAYS
 2 bytes in segment SFR_AN
 
 15 bytes of CODE memory
  0 bytes of DATA memory (+ 2 bytes shared)

Errors: none
Warnings: none
