###############################################################################
#                                                                             #
# IAR C/C++ Compiler V8.10.3.10338/W32 for 8051         26/Feb/2019  17:37:41 #
# Copyright 2004-2011 IAR Systems AB.                                         #
#                                                                             #
#    Core               =  plain                                              #
#    Code model         =  banked                                             #
#    Data model         =  large                                              #
#    Calling convention =  xdata reentrant                                    #
#    Constant location  =  data_rom                                           #
#    Dptr setup         =  1,16                                               #
#    Source file        =  D:\ZigBee\KJXY-ZigBee\useful_code\ZigBee-Ext\point #
#                          2point-bind\Projects\zstack\Samples\SampleApp\Sour #
#                          ce\OSAL_SampleApp.c                                #
#    Command line       =  -f D:\ZigBee\KJXY-ZigBee\useful_code\ZigBee-Ext\po #
#                          int2point-bind\Projects\zstack\Samples\SampleApp\C #
#                          C2530DB\..\..\..\Tools\CC2530DB\f8wEndev.cfg       #
#                          (-DCPU32MHZ -DROOT=__near_func -DBLINK_LEDS) -f    #
#                          D:\ZigBee\KJXY-ZigBee\useful_code\ZigBee-Ext\point #
#                          2point-bind\Projects\zstack\Samples\SampleApp\CC25 #
#                          30DB\..\..\..\Tools\CC2530DB\f8wConfig.cfg         #
#                          (-DSECURE=0 -DZG_SECURE_DYNAMIC=0 -DREFLECTOR      #
#                          -DDEFAULT_CHANLIST=0x00000800                      #
#                          -DZDAPP_CONFIG_PAN_ID=0xFF11                       #
#                          -DNWK_START_DELAY=100 -DEXTENDED_JOINING_RANDOM_MA #
#                          SK=0x007F -DBEACON_REQUEST_DELAY=100               #
#                          -DBEACON_REQ_DELAY_MASK=0x00FF                     #
#                          -DROUTE_EXPIRY_TIME=30 -DAPSC_ACK_WAIT_DURATION_PO #
#                          LLED=3000 -DNWK_INDIRECT_MSG_TIMEOUT=7             #
#                          -DMAX_RREQ_ENTRIES=8 -DAPSC_MAX_FRAME_RETRIES=3    #
#                          -DNWK_MAX_DATA_RETRIES=2                           #
#                          -DMAX_POLL_FAILURE_RETRIES=2 -DMAX_BCAST=9         #
#                          -DAPS_MAX_GROUPS=16 -DMAX_RTG_ENTRIES=40           #
#                          -DNWK_MAX_BINDING_ENTRIES=4                        #
#                          -DMAX_BINDING_CLUSTER_IDS=4 "-DDEFAULT_KEY={0x01,  #
#                          0x03, 0x05, 0x07, 0x09, 0x0B, 0x0D, 0x0F, 0x00,    #
#                          0x02, 0x04, 0x06, 0x08, 0x0A, 0x0C, 0x0D}"         #
#                          -DMAC_MAX_FRAME_SIZE=116 "-DCONST=const __code"    #
#                          -DGENERIC=__generic -DRFD_RCVC_ALWAYS_ON=FALSE     #
#                          -DPOLL_RATE=1000 -DQUEUED_POLL_RATE=100            #
#                          -DRESPONSE_POLL_RATE=100) -DREJOIN_POLL_RATE=440   #
#                          D:\ZigBee\KJXY-ZigBee\useful_code\ZigBee-Ext\point #
#                          2point-bind\Projects\zstack\Samples\SampleApp\Sour #
#                          ce\OSAL_SampleApp.c -D NWK_AUTO_POLL -D ZTOOL_P1   #
#                          -D MT_SYS_FUNC -D MT_ZDO_FUNC -D                   #
#                          LCD_SUPPORTED=DEBUG -lC D:\ZigBee\KJXY-ZigBee\usef #
#                          ul_code\ZigBee-Ext\point2point-bind\Projects\zstac #
#                          k\Samples\SampleApp\CC2530DB\EndDeviceEB\List\     #
#                          -lA D:\ZigBee\KJXY-ZigBee\useful_code\ZigBee-Ext\p #
#                          oint2point-bind\Projects\zstack\Samples\SampleApp\ #
#                          CC2530DB\EndDeviceEB\List\ --diag_suppress         #
#                          Pe001,Pa010 -o D:\ZigBee\KJXY-ZigBee\useful_code\Z #
#                          igBee-Ext\point2point-bind\Projects\zstack\Samples #
#                          \SampleApp\CC2530DB\EndDeviceEB\Obj\ -e            #
#                          --no_unroll --no_inline --no_tbaa --debug          #
#                          --core=plain --dptr=16,1 --data_model=large        #
#                          --code_model=banked --calling_convention=xdata_ree #
#                          ntrant --place_constants=data_rom                  #
#                          --nr_virtual_regs 16 -I D:\ZigBee\KJXY-ZigBee\usef #
#                          ul_code\ZigBee-Ext\point2point-bind\Projects\zstac #
#                          k\Samples\SampleApp\CC2530DB\ -I                   #
#                          D:\ZigBee\KJXY-ZigBee\useful_code\ZigBee-Ext\point #
#                          2point-bind\Projects\zstack\Samples\SampleApp\CC25 #
#                          30DB\..\SOURCE\ -I D:\ZigBee\KJXY-ZigBee\useful_co #
#                          de\ZigBee-Ext\point2point-bind\Projects\zstack\Sam #
#                          ples\SampleApp\CC2530DB\..\..\..\ZMAIN\TI2530DB\   #
#                          -I D:\ZigBee\KJXY-ZigBee\useful_code\ZigBee-Ext\po #
#                          int2point-bind\Projects\zstack\Samples\SampleApp\C #
#                          C2530DB\..\..\..\..\..\COMPONENTS\MT\ -I           #
#                          D:\ZigBee\KJXY-ZigBee\useful_code\ZigBee-Ext\point #
#                          2point-bind\Projects\zstack\Samples\SampleApp\CC25 #
#                          30DB\..\..\..\..\..\COMPONENTS\HAL\INCLUDE\ -I     #
#                          D:\ZigBee\KJXY-ZigBee\useful_code\ZigBee-Ext\point #
#                          2point-bind\Projects\zstack\Samples\SampleApp\CC25 #
#                          30DB\..\..\..\..\..\COMPONENTS\HAL\TARGET\CC2530EB #
#                          \ -I D:\ZigBee\KJXY-ZigBee\useful_code\ZigBee-Ext\ #
#                          point2point-bind\Projects\zstack\Samples\SampleApp #
#                          \CC2530DB\..\..\..\..\..\COMPONENTS\OSAL\MCU\CCSOC #
#                          \ -I D:\ZigBee\KJXY-ZigBee\useful_code\ZigBee-Ext\ #
#                          point2point-bind\Projects\zstack\Samples\SampleApp #
#                          \CC2530DB\..\..\..\..\..\COMPONENTS\OSAL\INCLUDE\  #
#                          -I D:\ZigBee\KJXY-ZigBee\useful_code\ZigBee-Ext\po #
#                          int2point-bind\Projects\zstack\Samples\SampleApp\C #
#                          C2530DB\..\..\..\..\..\COMPONENTS\STACK\AF\ -I     #
#                          D:\ZigBee\KJXY-ZigBee\useful_code\ZigBee-Ext\point #
#                          2point-bind\Projects\zstack\Samples\SampleApp\CC25 #
#                          30DB\..\..\..\..\..\COMPONENTS\STACK\NWK\ -I       #
#                          D:\ZigBee\KJXY-ZigBee\useful_code\ZigBee-Ext\point #
#                          2point-bind\Projects\zstack\Samples\SampleApp\CC25 #
#                          30DB\..\..\..\..\..\COMPONENTS\STACK\SEC\ -I       #
#                          D:\ZigBee\KJXY-ZigBee\useful_code\ZigBee-Ext\point #
#                          2point-bind\Projects\zstack\Samples\SampleApp\CC25 #
#                          30DB\..\..\..\..\..\COMPONENTS\STACK\SAPI\ -I      #
#                          D:\ZigBee\KJXY-ZigBee\useful_code\ZigBee-Ext\point #
#                          2point-bind\Projects\zstack\Samples\SampleApp\CC25 #
#                          30DB\..\..\..\..\..\COMPONENTS\STACK\SYS\ -I       #
#                          D:\ZigBee\KJXY-ZigBee\useful_code\ZigBee-Ext\point #
#                          2point-bind\Projects\zstack\Samples\SampleApp\CC25 #
#                          30DB\..\..\..\..\..\COMPONENTS\STACK\ZDO\ -I       #
#                          D:\ZigBee\KJXY-ZigBee\useful_code\ZigBee-Ext\point #
#                          2point-bind\Projects\zstack\Samples\SampleApp\CC25 #
#                          30DB\..\..\..\..\..\COMPONENTS\ZMAC\F8W\ -I        #
#                          D:\ZigBee\KJXY-ZigBee\useful_code\ZigBee-Ext\point #
#                          2point-bind\Projects\zstack\Samples\SampleApp\CC25 #
#                          30DB\..\..\..\..\..\COMPONENTS\ZMAC\ -I            #
#                          D:\ZigBee\KJXY-ZigBee\useful_code\ZigBee-Ext\point #
#                          2point-bind\Projects\zstack\Samples\SampleApp\CC25 #
#                          30DB\..\..\..\..\..\COMPONENTS\SERVICES\SADDR\ -I  #
#                          D:\ZigBee\KJXY-ZigBee\useful_code\ZigBee-Ext\point #
#                          2point-bind\Projects\zstack\Samples\SampleApp\CC25 #
#                          30DB\..\..\..\..\..\COMPONENTS\SERVICES\SDATA\ -I  #
#                          D:\ZigBee\KJXY-ZigBee\useful_code\ZigBee-Ext\point #
#                          2point-bind\Projects\zstack\Samples\SampleApp\CC25 #
#                          30DB\..\..\..\..\..\COMPONENTS\MAC\INCLUDE\ -I     #
#                          D:\ZigBee\KJXY-ZigBee\useful_code\ZigBee-Ext\point #
#                          2point-bind\Projects\zstack\Samples\SampleApp\CC25 #
#                          30DB\..\..\..\..\..\COMPONENTS\MAC\HIGH_LEVEL\ -I  #
#                          D:\ZigBee\KJXY-ZigBee\useful_code\ZigBee-Ext\point #
#                          2point-bind\Projects\zstack\Samples\SampleApp\CC25 #
#                          30DB\..\..\..\..\..\COMPONENTS\MAC\LOW_LEVEL\srf04 #
#                          \ -I D:\ZigBee\KJXY-ZigBee\useful_code\ZigBee-Ext\ #
#                          point2point-bind\Projects\zstack\Samples\SampleApp #
#                          \CC2530DB\..\..\..\..\..\COMPONENTS\MAC\LOW_LEVEL\ #
#                          srf04\SINGLE_CHIP\ -I D:\ZigBee\KJXY-ZigBee\useful #
#                          _code\ZigBee-Ext\point2point-bind\Projects\zstack\ #
#                          Samples\SampleApp\CC2530DB\..\..\..\..\..\COMPONEN #
#                          TS\HARDWARE\ -Om                                   #
#    List file          =  D:\ZigBee\KJXY-ZigBee\useful_code\ZigBee-Ext\point #
#                          2point-bind\Projects\zstack\Samples\SampleApp\CC25 #
#                          30DB\EndDeviceEB\List\OSAL_SampleApp.lst           #
#    Object file        =  D:\ZigBee\KJXY-ZigBee\useful_code\ZigBee-Ext\point #
#                          2point-bind\Projects\zstack\Samples\SampleApp\CC25 #
#                          30DB\EndDeviceEB\Obj\OSAL_SampleApp.r51            #
#                                                                             #
#                                                                             #
###############################################################################

D:\ZigBee\KJXY-ZigBee\useful_code\ZigBee-Ext\point2point-bind\Projects\zstack\Samples\SampleApp\Source\OSAL_SampleApp.c
      1          /**************************************************************************************************
      2            Filename:       OSAL_SampleApp.c
      3            Revised:        $Date: 2008-02-07 12:10:00 -0800 (Thu, 07 Feb 2008) $
      4            Revision:       $Revision: 16360 $
      5          
      6            Description:    This file contains all the settings and other functions
      7                            that the user should set and change.
      8          
      9          
     10            Copyright 2007 Texas Instruments Incorporated. All rights reserved.
     11          
     12            IMPORTANT: Your use of this Software is limited to those specific rights
     13            granted under the terms of a software license agreement between the user
     14            who downloaded the software, his/her employer (which must be your employer)
     15            and Texas Instruments Incorporated (the "License").  You may not use this
     16            Software unless you agree to abide by the terms of the License. The License
     17            limits your use, and you acknowledge, that the Software may not be modified,
     18            copied or distributed unless embedded on a Texas Instruments microcontroller
     19            or used solely and exclusively in conjunction with a Texas Instruments radio
     20            frequency transceiver, which is integrated into your product.  Other than for
     21            the foregoing purpose, you may not use, reproduce, copy, prepare derivative
     22            works of, modify, distribute, perform, display or sell this Software and/or
     23            its documentation for any purpose.
     24          
     25            YOU FURTHER ACKNOWLEDGE AND AGREE THAT THE SOFTWARE AND DOCUMENTATION ARE
     26            PROVIDED “AS IS?WITHOUT WARRANTY OF ANY KIND, EITHER EXPRESS OR IMPLIED,
     27            INCLUDING WITHOUT LIMITATION, ANY WARRANTY OF MERCHANTABILITY, TITLE,
     28            NON-INFRINGEMENT AND FITNESS FOR A PARTICULAR PURPOSE. IN NO EVENT SHALL
     29            TEXAS INSTRUMENTS OR ITS LICENSORS BE LIABLE OR OBLIGATED UNDER CONTRACT,
     30            NEGLIGENCE, STRICT LIABILITY, CONTRIBUTION, BREACH OF WARRANTY, OR OTHER
     31            LEGAL EQUITABLE THEORY ANY DIRECT OR INDIRECT DAMAGES OR EXPENSES
     32            INCLUDING BUT NOT LIMITED TO ANY INCIDENTAL, SPECIAL, INDIRECT, PUNITIVE
     33            OR CONSEQUENTIAL DAMAGES, LOST PROFITS OR LOST DATA, COST OF PROCUREMENT
     34            OF SUBSTITUTE GOODS, TECHNOLOGY, SERVICES, OR ANY CLAIMS BY THIRD PARTIES
     35            (INCLUDING BUT NOT LIMITED TO ANY DEFENSE THEREOF), OR OTHER SIMILAR COSTS.
     36          
     37            Should you have any questions regarding your right to use this Software,
     38            contact Texas Instruments Incorporated at www.TI.com.
     39          **************************************************************************************************/
     40          
     41          
     42          
     43          
     44          /*********************************************************************
     45          *********************************************************************/


 
 
 0 bytes of memory

Errors: none
Warnings: none
