###############################################################################
#                                                                             #
# IAR C/C++ Compiler V8.10.3.10338/W32 for 8051         18/Dec/2020  11:23:31 #
# Copyright 2004-2011 IAR Systems AB.                                         #
#                                                                             #
#    Core               =  plain                                              #
#    Code model         =  banked                                             #
#    Data model         =  large                                              #
#    Calling convention =  xdata reentrant                                    #
#    Constant location  =  data_rom                                           #
#    Dptr setup         =  1,16                                               #
#    Source file        =  C:\Users\Administrator\Desktop\eps\ZigBeeÍ¨ÐÅÊµÑé\ #
#                          4.ZigBeeÍøÂç´«ÊäPM2.5ÊµÑé\Components\HARDWARE\dela #
#                          y.c                                                #
#    Command line       =  -f C:\Users\Administrator\Desktop\eps\ZigBeeÍ¨ÐÅÊµ #
#                          Ñé\4.ZigBeeÍøÂç´«ÊäPM2.5ÊµÑé\Projects\zstack\Sampl #
#                          es\SampleApp\CC2530DB\..\..\..\Tools\CC2530DB\f8wE #
#                          ndev.cfg (-DCPU32MHZ -DROOT=__near_func            #
#                          -DBLINK_LEDS) -f C:\Users\Administrator\Desktop\ep #
#                          s\ZigBeeÍ¨ÐÅÊµÑé\4.ZigBeeÍøÂç´«ÊäPM2.5ÊµÑé\Project #
#                          s\zstack\Samples\SampleApp\CC2530DB\..\..\..\Tools #
#                          \CC2530DB\f8wConfig.cfg (-DSECURE=0                #
#                          -DZG_SECURE_DYNAMIC=0 -DREFLECTOR                  #
#                          -DDEFAULT_CHANLIST=0x00000800                      #
#                          -DZDAPP_CONFIG_PAN_ID=0xFF11                       #
#                          -DNWK_START_DELAY=100 -DEXTENDED_JOINING_RANDOM_MA #
#                          SK=0x007F -DBEACON_REQUEST_DELAY=100               #
#                          -DBEACON_REQ_DELAY_MASK=0x00FF                     #
#                          -DROUTE_EXPIRY_TIME=30 -DAPSC_ACK_WAIT_DURATION_PO #
#                          LLED=3000 -DNWK_INDIRECT_MSG_TIMEOUT=7             #
#                          -DMAX_RREQ_ENTRIES=8 -DAPSC_MAX_FRAME_RETRIES=3    #
#                          -DNWK_MAX_DATA_RETRIES=2                           #
#                          -DMAX_POLL_FAILURE_RETRIES=2 -DMAX_BCAST=9         #
#                          -DAPS_MAX_GROUPS=16 -DMAX_RTG_ENTRIES=40           #
#                          -DNWK_MAX_BINDING_ENTRIES=4                        #
#                          -DMAX_BINDING_CLUSTER_IDS=4 "-DDEFAULT_KEY={0x01,  #
#                          0x03, 0x05, 0x07, 0x09, 0x0B, 0x0D, 0x0F, 0x00,    #
#                          0x02, 0x04, 0x06, 0x08, 0x0A, 0x0C, 0x0D}"         #
#                          -DMAC_MAX_FRAME_SIZE=116 "-DCONST=const __code"    #
#                          -DGENERIC=__generic -DRFD_RCVC_ALWAYS_ON=FALSE     #
#                          -DPOLL_RATE=1000 -DQUEUED_POLL_RATE=100            #
#                          -DRESPONSE_POLL_RATE=100) -DREJOIN_POLL_RATE=440   #
#                          C:\Users\Administrator\Desktop\eps\ZigBeeÍ¨ÐÅÊµÑé\ #
#                          4.ZigBeeÍøÂç´«ÊäPM2.5ÊµÑé\Components\HARDWARE\dela #
#                          y.c -D NWK_AUTO_POLL -D ZTOOL_P1 -D MT_SYS_FUNC    #
#                          -D MT_ZDO_FUNC -D LCD_SUPPORTED=DEBUG -lC          #
#                          C:\Users\Administrator\Desktop\eps\ZigBeeÍ¨ÐÅÊµÑé\ #
#                          4.ZigBeeÍøÂç´«ÊäPM2.5ÊµÑé\Projects\zstack\Samples\ #
#                          SampleApp\CC2530DB\EndDeviceEB\List\ -lA           #
#                          C:\Users\Administrator\Desktop\eps\ZigBeeÍ¨ÐÅÊµÑé\ #
#                          4.ZigBeeÍøÂç´«ÊäPM2.5ÊµÑé\Projects\zstack\Samples\ #
#                          SampleApp\CC2530DB\EndDeviceEB\List\               #
#                          --diag_suppress Pe001,Pa010 -o                     #
#                          C:\Users\Administrator\Desktop\eps\ZigBeeÍ¨ÐÅÊµÑé\ #
#                          4.ZigBeeÍøÂç´«ÊäPM2.5ÊµÑé\Projects\zstack\Samples\ #
#                          SampleApp\CC2530DB\EndDeviceEB\Obj\ -e             #
#                          --no_unroll --no_inline --no_tbaa --debug          #
#                          --core=plain --dptr=16,1 --data_model=large        #
#                          --code_model=banked --calling_convention=xdata_ree #
#                          ntrant --place_constants=data_rom                  #
#                          --nr_virtual_regs 16 -I C:\Users\Administrator\Des #
#                          ktop\eps\ZigBeeÍ¨ÐÅÊµÑé\4.ZigBeeÍøÂç´«ÊäPM2.5ÊµÑé\ #
#                          Projects\zstack\Samples\SampleApp\CC2530DB\ -I     #
#                          C:\Users\Administrator\Desktop\eps\ZigBeeÍ¨ÐÅÊµÑé\ #
#                          4.ZigBeeÍøÂç´«ÊäPM2.5ÊµÑé\Projects\zstack\Samples\ #
#                          SampleApp\CC2530DB\..\SOURCE\ -I                   #
#                          C:\Users\Administrator\Desktop\eps\ZigBeeÍ¨ÐÅÊµÑé\ #
#                          4.ZigBeeÍøÂç´«ÊäPM2.5ÊµÑé\Projects\zstack\Samples\ #
#                          SampleApp\CC2530DB\..\..\..\ZMAIN\TI2530DB\ -I     #
#                          C:\Users\Administrator\Desktop\eps\ZigBeeÍ¨ÐÅÊµÑé\ #
#                          4.ZigBeeÍøÂç´«ÊäPM2.5ÊµÑé\Projects\zstack\Samples\ #
#                          SampleApp\CC2530DB\..\..\..\..\..\COMPONENTS\MT\   #
#                          -I C:\Users\Administrator\Desktop\eps\ZigBeeÍ¨ÐÅÊµ #
#                          Ñé\4.ZigBeeÍøÂç´«ÊäPM2.5ÊµÑé\Projects\zstack\Sampl #
#                          es\SampleApp\CC2530DB\..\..\..\..\..\COMPONENTS\HA #
#                          L\INCLUDE\ -I C:\Users\Administrator\Desktop\eps\Z #
#                          igBeeÍ¨ÐÅÊµÑé\4.ZigBeeÍøÂç´«ÊäPM2.5ÊµÑé\Projects\z #
#                          stack\Samples\SampleApp\CC2530DB\..\..\..\..\..\CO #
#                          MPONENTS\HAL\TARGET\CC2530EB\ -I                   #
#                          C:\Users\Administrator\Desktop\eps\ZigBeeÍ¨ÐÅÊµÑé\ #
#                          4.ZigBeeÍøÂç´«ÊäPM2.5ÊµÑé\Projects\zstack\Samples\ #
#                          SampleApp\CC2530DB\..\..\..\..\..\COMPONENTS\OSAL\ #
#                          MCU\CCSOC\ -I C:\Users\Administrator\Desktop\eps\Z #
#                          igBeeÍ¨ÐÅÊµÑé\4.ZigBeeÍøÂç´«ÊäPM2.5ÊµÑé\Projects\z #
#                          stack\Samples\SampleApp\CC2530DB\..\..\..\..\..\CO #
#                          MPONENTS\OSAL\INCLUDE\ -I                          #
#                          C:\Users\Administrator\Desktop\eps\ZigBeeÍ¨ÐÅÊµÑé\ #
#                          4.ZigBeeÍøÂç´«ÊäPM2.5ÊµÑé\Projects\zstack\Samples\ #
#                          SampleApp\CC2530DB\..\..\..\..\..\COMPONENTS\STACK #
#                          \AF\ -I C:\Users\Administrator\Desktop\eps\ZigBeeÍ #
#                          ¨ÐÅÊµÑé\4.ZigBeeÍøÂç´«ÊäPM2.5ÊµÑé\Projects\zstack\ #
#                          Samples\SampleApp\CC2530DB\..\..\..\..\..\COMPONEN #
#                          TS\STACK\NWK\ -I C:\Users\Administrator\Desktop\ep #
#                          s\ZigBeeÍ¨ÐÅÊµÑé\4.ZigBeeÍøÂç´«ÊäPM2.5ÊµÑé\Project #
#                          s\zstack\Samples\SampleApp\CC2530DB\..\..\..\..\.. #
#                          \COMPONENTS\STACK\SEC\ -I                          #
#                          C:\Users\Administrator\Desktop\eps\ZigBeeÍ¨ÐÅÊµÑé\ #
#                          4.ZigBeeÍøÂç´«ÊäPM2.5ÊµÑé\Projects\zstack\Samples\ #
#                          SampleApp\CC2530DB\..\..\..\..\..\COMPONENTS\STACK #
#                          \SAPI\ -I C:\Users\Administrator\Desktop\eps\ZigBe #
#                          eÍ¨ÐÅÊµÑé\4.ZigBeeÍøÂç´«ÊäPM2.5ÊµÑé\Projects\zstac #
#                          k\Samples\SampleApp\CC2530DB\..\..\..\..\..\COMPON #
#                          ENTS\STACK\SYS\ -I C:\Users\Administrator\Desktop\ #
#                          eps\ZigBeeÍ¨ÐÅÊµÑé\4.ZigBeeÍøÂç´«ÊäPM2.5ÊµÑé\Proje #
#                          cts\zstack\Samples\SampleApp\CC2530DB\..\..\..\..\ #
#                          ..\COMPONENTS\STACK\ZDO\ -I                        #
#                          C:\Users\Administrator\Desktop\eps\ZigBeeÍ¨ÐÅÊµÑé\ #
#                          4.ZigBeeÍøÂç´«ÊäPM2.5ÊµÑé\Projects\zstack\Samples\ #
#                          SampleApp\CC2530DB\..\..\..\..\..\COMPONENTS\ZMAC\ #
#                          F8W\ -I C:\Users\Administrator\Desktop\eps\ZigBeeÍ #
#                          ¨ÐÅÊµÑé\4.ZigBeeÍøÂç´«ÊäPM2.5ÊµÑé\Projects\zstack\ #
#                          Samples\SampleApp\CC2530DB\..\..\..\..\..\COMPONEN #
#                          TS\ZMAC\ -I C:\Users\Administrator\Desktop\eps\Zig #
#                          BeeÍ¨ÐÅÊµÑé\4.ZigBeeÍøÂç´«ÊäPM2.5ÊµÑé\Projects\zst #
#                          ack\Samples\SampleApp\CC2530DB\..\..\..\..\..\COMP #
#                          ONENTS\SERVICES\SADDR\ -I                          #
#                          C:\Users\Administrator\Desktop\eps\ZigBeeÍ¨ÐÅÊµÑé\ #
#                          4.ZigBeeÍøÂç´«ÊäPM2.5ÊµÑé\Projects\zstack\Samples\ #
#                          SampleApp\CC2530DB\..\..\..\..\..\COMPONENTS\SERVI #
#                          CES\SDATA\ -I C:\Users\Administrator\Desktop\eps\Z #
#                          igBeeÍ¨ÐÅÊµÑé\4.ZigBeeÍøÂç´«ÊäPM2.5ÊµÑé\Projects\z #
#                          stack\Samples\SampleApp\CC2530DB\..\..\..\..\..\CO #
#                          MPONENTS\MAC\INCLUDE\ -I                           #
#                          C:\Users\Administrator\Desktop\eps\ZigBeeÍ¨ÐÅÊµÑé\ #
#                          4.ZigBeeÍøÂç´«ÊäPM2.5ÊµÑé\Projects\zstack\Samples\ #
#                          SampleApp\CC2530DB\..\..\..\..\..\COMPONENTS\MAC\H #
#                          IGH_LEVEL\ -I C:\Users\Administrator\Desktop\eps\Z #
#                          igBeeÍ¨ÐÅÊµÑé\4.ZigBeeÍøÂç´«ÊäPM2.5ÊµÑé\Projects\z #
#                          stack\Samples\SampleApp\CC2530DB\..\..\..\..\..\CO #
#                          MPONENTS\MAC\LOW_LEVEL\srf04\ -I                   #
#                          C:\Users\Administrator\Desktop\eps\ZigBeeÍ¨ÐÅÊµÑé\ #
#                          4.ZigBeeÍøÂç´«ÊäPM2.5ÊµÑé\Projects\zstack\Samples\ #
#                          SampleApp\CC2530DB\..\..\..\..\..\COMPONENTS\MAC\L #
#                          OW_LEVEL\srf04\SINGLE_CHIP\ -I                     #
#                          C:\Users\Administrator\Desktop\eps\ZigBeeÍ¨ÐÅÊµÑé\ #
#                          4.ZigBeeÍøÂç´«ÊäPM2.5ÊµÑé\Projects\zstack\Samples\ #
#                          SampleApp\CC2530DB\..\..\..\..\..\COMPONENTS\HARDW #
#                          ARE\ -Om                                           #
#    List file          =  C:\Users\Administrator\Desktop\eps\ZigBeeÍ¨ÐÅÊµÑé\ #
#                          4.ZigBeeÍøÂç´«ÊäPM2.5ÊµÑé\Projects\zstack\Samples\ #
#                          SampleApp\CC2530DB\EndDeviceEB\List\delay.lst      #
#    Object file        =  C:\Users\Administrator\Desktop\eps\ZigBeeÍ¨ÐÅÊµÑé\ #
#                          4.ZigBeeÍøÂç´«ÊäPM2.5ÊµÑé\Projects\zstack\Samples\ #
#                          SampleApp\CC2530DB\EndDeviceEB\Obj\delay.r51       #
#                                                                             #
#                                                                             #
###############################################################################

C:\Users\Administrator\Desktop\eps\ZigBeeÍ¨ÐÅÊµÑé\4.ZigBeeÍøÂç´«ÊäPM2.5ÊµÑé\Components\HARDWARE\delay.c
      1          #include "delay.h"
      2          
      3          //==========================================================
      4          //	º¯ÊýÃû³Æ£º	delay_ms()
      5          //
      6          //	º¯Êý¹¦ÄÜ£º	ºÁÃëÑÓÊ±º¯Êý
      7          //
      8          //	Èë¿Ú²ÎÊý£º	ÎÞ
      9          //
     10          //	·µ»Ø²ÎÊý£º	ÎÞ
     11          //
     12          //	ËµÃ÷£º		
     13          //==========================================================

   \                                 In  segment BANKED_CODE, align 1, keep-with-next
     14          void delay_ms(uint32 nms)
   \                     delay_ms:
     15          {		
   \   000000   74F0         MOV     A,#-0x10
   \   000002   12....       LCALL   ?BANKED_ENTER_XDATA
   \   000005                ; Saved register size: 16
   \   000005                ; Auto size: 0
   \   000005   8A..         MOV     ?V0 + 4,R2
   \   000007   8B..         MOV     ?V0 + 5,R3
   \   000009   8C..         MOV     ?V0 + 6,R4
   \   00000B   8D..         MOV     ?V0 + 7,R5
     16              uint16 i,j;
     17              
     18              for (i=0; i<nms; i++)
   \   00000D   7A00         MOV     R2,#0x0
   \   00000F   7B00         MOV     R3,#0x0
   \   000011   8019         SJMP    ??delay_ms_0
     19                  for (j=0; j<535; j++);
   \                     ??delay_ms_1:
   \   000013   E8           MOV     A,R0
   \   000014   2401         ADD     A,#0x1
   \   000016   08           INC     R0
   \   000017   E9           MOV     A,R1
   \   000018   3400         ADDC    A,#0x0
   \   00001A   F9           MOV     R1,A
   \                     ??delay_ms_2:
   \   00001B   C3           CLR     C
   \   00001C   E8           MOV     A,R0
   \   00001D   9417         SUBB    A,#0x17
   \   00001F   E9           MOV     A,R1
   \   000020   9402         SUBB    A,#0x2
   \   000022   40EF         JC      ??delay_ms_1
   \   000024   EA           MOV     A,R2
   \   000025   2401         ADD     A,#0x1
   \   000027   0A           INC     R2
   \   000028   EB           MOV     A,R3
   \   000029   3400         ADDC    A,#0x0
   \   00002B   FB           MOV     R3,A
   \                     ??delay_ms_0:
   \   00002C   8A..         MOV     ?V0 + 0,R2
   \   00002E   8B..         MOV     ?V0 + 1,R3
   \   000030   E4           CLR     A
   \   000031   F5..         MOV     ?V0 + 2,A
   \   000033   F5..         MOV     ?V0 + 3,A
   \   000035   78..         MOV     R0,#?V0 + 4
   \   000037   79..         MOV     R1,#?V0 + 0
   \   000039   12....       LCALL   ?UL_GT
   \   00003C   5006         JNC     ??delay_ms_3
   \   00003E   7800         MOV     R0,#0x0
   \   000040   7900         MOV     R1,#0x0
   \   000042   80D7         SJMP    ??delay_ms_2
     20          }
   \                     ??delay_ms_3:
   \   000044   7F08         MOV     R7,#0x8
   \   000046   02....       LJMP    ?BANKED_LEAVE_XDATA
     21          
     22          //==========================================================
     23          //	º¯ÊýÃû³Æ£º	delay_us()
     24          //
     25          //	º¯Êý¹¦ÄÜ£º	Î¢ÃëÑÓÊ±º¯Êý
     26          //
     27          //	Èë¿Ú²ÎÊý£º	ÎÞ
     28          //
     29          //	·µ»Ø²ÎÊý£º	ÎÞ
     30          //
     31          //	ËµÃ÷£º		
     32          //==========================================================

   \                                 In  segment BANKED_CODE, align 1, keep-with-next
     33          void delay_us(uint32 nus)
   \                     delay_us:
     34          {		
   \   000000   74F0         MOV     A,#-0x10
   \   000002   12....       LCALL   ?BANKED_ENTER_XDATA
   \   000005                ; Saved register size: 16
   \   000005                ; Auto size: 0
   \   000005   8A..         MOV     ?V0 + 4,R2
   \   000007   8B..         MOV     ?V0 + 5,R3
   \   000009   8C..         MOV     ?V0 + 6,R4
   \   00000B   8D..         MOV     ?V0 + 7,R5
     35              uint8 i;
     36              
     37              for (i=0; i<nus; i++);
   \   00000D   7A00         MOV     R2,#0x0
   \   00000F   8001         SJMP    ??delay_us_0
   \                     ??delay_us_1:
   \   000011   0A           INC     R2
   \                     ??delay_us_0:
   \   000012   8A..         MOV     ?V0 + 0,R2
   \   000014   E4           CLR     A
   \   000015   F5..         MOV     ?V0 + 1,A
   \   000017   F5..         MOV     ?V0 + 2,A
   \   000019   F5..         MOV     ?V0 + 3,A
   \   00001B   78..         MOV     R0,#?V0 + 4
   \   00001D   79..         MOV     R1,#?V0 + 0
   \   00001F   12....       LCALL   ?UL_GT
   \   000022   40ED         JC      ??delay_us_1
     38          }
   \   000024   7F08         MOV     R7,#0x8
   \   000026   02....       LJMP    ?BANKED_LEAVE_XDATA

   \                                 In  segment BANK_RELAYS, align 1
   \                     ??delay_ms?relay:
   \   000000   12....       LCALL   ?BDISPATCH
   \   000003   ......       DC24    delay_ms

   \                                 In  segment BANK_RELAYS, align 1
   \                     ??delay_us?relay:
   \   000000   12....       LCALL   ?BDISPATCH
   \   000003   ......       DC24    delay_us
     39          
     40          
     41          //==========================================================
     42          //	º¯ÊýÃû³Æ£º	Hal_Init_Mcu()
     43          //
     44          //	º¯Êý¹¦ÄÜ£º	Ê±ÖÓ³õÊ¼»¯
     45          //
     46          //	Èë¿Ú²ÎÊý£º	ÎÞ
     47          //
     48          //	·µ»Ø²ÎÊý£º	ÎÞ
     49          //
     50          //	ËµÃ÷£º		
     51          //==========================================================
     52          //void Hal_Init_Mcu(void)
     53          //{
     54          //
     55          //  SLEEPCMD &= ~0X04;//½«Á½¸ö¸ßÆµµÄ¾§ÕñÍ¬Ê±ÉÏµç(¼´Í¬Ê±¿ªÆô)
     56          //
     57          //
     58          //  while(!(SLEEPSTA & 0x20) || !(SLEEPSTA & 0x40));//µÈ´ýÁ½¸ö¸ßÆµ¾§Õñ¶¼ÎÈ¶¨
     59          //  
     60          //  asm("NOP");
     61          //
     62          //  {
     63          //
     64          //    uint16 i;
     65          //
     66          //    for(i=0;i<504;i++)
     67          //
     68          //    asm("NOP");
     69          //  }
     70          //
     71          //  CLKCONCMD = 0X00;
     72          //  SLEEPCMD |= 0X04;
     73          //
     74          //}

   Maximum stack usage in bytes:

     Function ISTACK PSTACK XSTACK
     -------- ------ ------ ------
     delay_ms     0      0     16
     delay_us     0      0     16


   Segment part sizes:

     Function/Label   Bytes
     --------------   -----
     delay_ms           73
     delay_us           41
     ??delay_ms?relay    6
     ??delay_us?relay    6

 
 114 bytes in segment BANKED_CODE
  12 bytes in segment BANK_RELAYS
 
 126 bytes of CODE memory

Errors: none
Warnings: none
