###############################################################################
#                                                                             #
# IAR C/C++ Compiler V8.10.3.10338/W32 for 8051         18/Dec/2020  11:23:34 #
# Copyright 2004-2011 IAR Systems AB.                                         #
#                                                                             #
#    Core               =  plain                                              #
#    Code model         =  banked                                             #
#    Data model         =  large                                              #
#    Calling convention =  xdata reentrant                                    #
#    Constant location  =  data_rom                                           #
#    Dptr setup         =  1,16                                               #
#    Source file        =  C:\Users\Administrator\Desktop\eps\ZigBeeÕ®–≈ µ—È\ #
#                          4.ZigBeeÕ¯¬Á¥´ ‰PM2.5 µ—È\Components\mac\low_level #
#                          \srf04\mac_autopend.c                              #
#    Command line       =  -f C:\Users\Administrator\Desktop\eps\ZigBeeÕ®–≈ µ #
#                          —È\4.ZigBeeÕ¯¬Á¥´ ‰PM2.5 µ—È\Projects\zstack\Sampl #
#                          es\SampleApp\CC2530DB\..\..\..\Tools\CC2530DB\f8wE #
#                          ndev.cfg (-DCPU32MHZ -DROOT=__near_func            #
#                          -DBLINK_LEDS) -f C:\Users\Administrator\Desktop\ep #
#                          s\ZigBeeÕ®–≈ µ—È\4.ZigBeeÕ¯¬Á¥´ ‰PM2.5 µ—È\Project #
#                          s\zstack\Samples\SampleApp\CC2530DB\..\..\..\Tools #
#                          \CC2530DB\f8wConfig.cfg (-DSECURE=0                #
#                          -DZG_SECURE_DYNAMIC=0 -DREFLECTOR                  #
#                          -DDEFAULT_CHANLIST=0x00000800                      #
#                          -DZDAPP_CONFIG_PAN_ID=0xFF11                       #
#                          -DNWK_START_DELAY=100 -DEXTENDED_JOINING_RANDOM_MA #
#                          SK=0x007F -DBEACON_REQUEST_DELAY=100               #
#                          -DBEACON_REQ_DELAY_MASK=0x00FF                     #
#                          -DROUTE_EXPIRY_TIME=30 -DAPSC_ACK_WAIT_DURATION_PO #
#                          LLED=3000 -DNWK_INDIRECT_MSG_TIMEOUT=7             #
#                          -DMAX_RREQ_ENTRIES=8 -DAPSC_MAX_FRAME_RETRIES=3    #
#                          -DNWK_MAX_DATA_RETRIES=2                           #
#                          -DMAX_POLL_FAILURE_RETRIES=2 -DMAX_BCAST=9         #
#                          -DAPS_MAX_GROUPS=16 -DMAX_RTG_ENTRIES=40           #
#                          -DNWK_MAX_BINDING_ENTRIES=4                        #
#                          -DMAX_BINDING_CLUSTER_IDS=4 "-DDEFAULT_KEY={0x01,  #
#                          0x03, 0x05, 0x07, 0x09, 0x0B, 0x0D, 0x0F, 0x00,    #
#                          0x02, 0x04, 0x06, 0x08, 0x0A, 0x0C, 0x0D}"         #
#                          -DMAC_MAX_FRAME_SIZE=116 "-DCONST=const __code"    #
#                          -DGENERIC=__generic -DRFD_RCVC_ALWAYS_ON=FALSE     #
#                          -DPOLL_RATE=1000 -DQUEUED_POLL_RATE=100            #
#                          -DRESPONSE_POLL_RATE=100) -DREJOIN_POLL_RATE=440   #
#                          C:\Users\Administrator\Desktop\eps\ZigBeeÕ®–≈ µ—È\ #
#                          4.ZigBeeÕ¯¬Á¥´ ‰PM2.5 µ—È\Components\mac\low_level #
#                          \srf04\mac_autopend.c -D NWK_AUTO_POLL -D          #
#                          ZTOOL_P1 -D MT_SYS_FUNC -D MT_ZDO_FUNC -D          #
#                          LCD_SUPPORTED=DEBUG -lC C:\Users\Administrator\Des #
#                          ktop\eps\ZigBeeÕ®–≈ µ—È\4.ZigBeeÕ¯¬Á¥´ ‰PM2.5 µ—È\ #
#                          Projects\zstack\Samples\SampleApp\CC2530DB\EndDevi #
#                          ceEB\List\ -lA C:\Users\Administrator\Desktop\eps\ #
#                          ZigBeeÕ®–≈ µ—È\4.ZigBeeÕ¯¬Á¥´ ‰PM2.5 µ—È\Projects\ #
#                          zstack\Samples\SampleApp\CC2530DB\EndDeviceEB\List #
#                          \ --diag_suppress Pe001,Pa010 -o                   #
#                          C:\Users\Administrator\Desktop\eps\ZigBeeÕ®–≈ µ—È\ #
#                          4.ZigBeeÕ¯¬Á¥´ ‰PM2.5 µ—È\Projects\zstack\Samples\ #
#                          SampleApp\CC2530DB\EndDeviceEB\Obj\ -e             #
#                          --no_unroll --no_inline --no_tbaa --debug          #
#                          --core=plain --dptr=16,1 --data_model=large        #
#                          --code_model=banked --calling_convention=xdata_ree #
#                          ntrant --place_constants=data_rom                  #
#                          --nr_virtual_regs 16 -I C:\Users\Administrator\Des #
#                          ktop\eps\ZigBeeÕ®–≈ µ—È\4.ZigBeeÕ¯¬Á¥´ ‰PM2.5 µ—È\ #
#                          Projects\zstack\Samples\SampleApp\CC2530DB\ -I     #
#                          C:\Users\Administrator\Desktop\eps\ZigBeeÕ®–≈ µ—È\ #
#                          4.ZigBeeÕ¯¬Á¥´ ‰PM2.5 µ—È\Projects\zstack\Samples\ #
#                          SampleApp\CC2530DB\..\SOURCE\ -I                   #
#                          C:\Users\Administrator\Desktop\eps\ZigBeeÕ®–≈ µ—È\ #
#                          4.ZigBeeÕ¯¬Á¥´ ‰PM2.5 µ—È\Projects\zstack\Samples\ #
#                          SampleApp\CC2530DB\..\..\..\ZMAIN\TI2530DB\ -I     #
#                          C:\Users\Administrator\Desktop\eps\ZigBeeÕ®–≈ µ—È\ #
#                          4.ZigBeeÕ¯¬Á¥´ ‰PM2.5 µ—È\Projects\zstack\Samples\ #
#                          SampleApp\CC2530DB\..\..\..\..\..\COMPONENTS\MT\   #
#                          -I C:\Users\Administrator\Desktop\eps\ZigBeeÕ®–≈ µ #
#                          —È\4.ZigBeeÕ¯¬Á¥´ ‰PM2.5 µ—È\Projects\zstack\Sampl #
#                          es\SampleApp\CC2530DB\..\..\..\..\..\COMPONENTS\HA #
#                          L\INCLUDE\ -I C:\Users\Administrator\Desktop\eps\Z #
#                          igBeeÕ®–≈ µ—È\4.ZigBeeÕ¯¬Á¥´ ‰PM2.5 µ—È\Projects\z #
#                          stack\Samples\SampleApp\CC2530DB\..\..\..\..\..\CO #
#                          MPONENTS\HAL\TARGET\CC2530EB\ -I                   #
#                          C:\Users\Administrator\Desktop\eps\ZigBeeÕ®–≈ µ—È\ #
#                          4.ZigBeeÕ¯¬Á¥´ ‰PM2.5 µ—È\Projects\zstack\Samples\ #
#                          SampleApp\CC2530DB\..\..\..\..\..\COMPONENTS\OSAL\ #
#                          MCU\CCSOC\ -I C:\Users\Administrator\Desktop\eps\Z #
#                          igBeeÕ®–≈ µ—È\4.ZigBeeÕ¯¬Á¥´ ‰PM2.5 µ—È\Projects\z #
#                          stack\Samples\SampleApp\CC2530DB\..\..\..\..\..\CO #
#                          MPONENTS\OSAL\INCLUDE\ -I                          #
#                          C:\Users\Administrator\Desktop\eps\ZigBeeÕ®–≈ µ—È\ #
#                          4.ZigBeeÕ¯¬Á¥´ ‰PM2.5 µ—È\Projects\zstack\Samples\ #
#                          SampleApp\CC2530DB\..\..\..\..\..\COMPONENTS\STACK #
#                          \AF\ -I C:\Users\Administrator\Desktop\eps\ZigBeeÕ #
#                          ®–≈ µ—È\4.ZigBeeÕ¯¬Á¥´ ‰PM2.5 µ—È\Projects\zstack\ #
#                          Samples\SampleApp\CC2530DB\..\..\..\..\..\COMPONEN #
#                          TS\STACK\NWK\ -I C:\Users\Administrator\Desktop\ep #
#                          s\ZigBeeÕ®–≈ µ—È\4.ZigBeeÕ¯¬Á¥´ ‰PM2.5 µ—È\Project #
#                          s\zstack\Samples\SampleApp\CC2530DB\..\..\..\..\.. #
#                          \COMPONENTS\STACK\SEC\ -I                          #
#                          C:\Users\Administrator\Desktop\eps\ZigBeeÕ®–≈ µ—È\ #
#                          4.ZigBeeÕ¯¬Á¥´ ‰PM2.5 µ—È\Projects\zstack\Samples\ #
#                          SampleApp\CC2530DB\..\..\..\..\..\COMPONENTS\STACK #
#                          \SAPI\ -I C:\Users\Administrator\Desktop\eps\ZigBe #
#                          eÕ®–≈ µ—È\4.ZigBeeÕ¯¬Á¥´ ‰PM2.5 µ—È\Projects\zstac #
#                          k\Samples\SampleApp\CC2530DB\..\..\..\..\..\COMPON #
#                          ENTS\STACK\SYS\ -I C:\Users\Administrator\Desktop\ #
#                          eps\ZigBeeÕ®–≈ µ—È\4.ZigBeeÕ¯¬Á¥´ ‰PM2.5 µ—È\Proje #
#                          cts\zstack\Samples\SampleApp\CC2530DB\..\..\..\..\ #
#                          ..\COMPONENTS\STACK\ZDO\ -I                        #
#                          C:\Users\Administrator\Desktop\eps\ZigBeeÕ®–≈ µ—È\ #
#                          4.ZigBeeÕ¯¬Á¥´ ‰PM2.5 µ—È\Projects\zstack\Samples\ #
#                          SampleApp\CC2530DB\..\..\..\..\..\COMPONENTS\ZMAC\ #
#                          F8W\ -I C:\Users\Administrator\Desktop\eps\ZigBeeÕ #
#                          ®–≈ µ—È\4.ZigBeeÕ¯¬Á¥´ ‰PM2.5 µ—È\Projects\zstack\ #
#                          Samples\SampleApp\CC2530DB\..\..\..\..\..\COMPONEN #
#                          TS\ZMAC\ -I C:\Users\Administrator\Desktop\eps\Zig #
#                          BeeÕ®–≈ µ—È\4.ZigBeeÕ¯¬Á¥´ ‰PM2.5 µ—È\Projects\zst #
#                          ack\Samples\SampleApp\CC2530DB\..\..\..\..\..\COMP #
#                          ONENTS\SERVICES\SADDR\ -I                          #
#                          C:\Users\Administrator\Desktop\eps\ZigBeeÕ®–≈ µ—È\ #
#                          4.ZigBeeÕ¯¬Á¥´ ‰PM2.5 µ—È\Projects\zstack\Samples\ #
#                          SampleApp\CC2530DB\..\..\..\..\..\COMPONENTS\SERVI #
#                          CES\SDATA\ -I C:\Users\Administrator\Desktop\eps\Z #
#                          igBeeÕ®–≈ µ—È\4.ZigBeeÕ¯¬Á¥´ ‰PM2.5 µ—È\Projects\z #
#                          stack\Samples\SampleApp\CC2530DB\..\..\..\..\..\CO #
#                          MPONENTS\MAC\INCLUDE\ -I                           #
#                          C:\Users\Administrator\Desktop\eps\ZigBeeÕ®–≈ µ—È\ #
#                          4.ZigBeeÕ¯¬Á¥´ ‰PM2.5 µ—È\Projects\zstack\Samples\ #
#                          SampleApp\CC2530DB\..\..\..\..\..\COMPONENTS\MAC\H #
#                          IGH_LEVEL\ -I C:\Users\Administrator\Desktop\eps\Z #
#                          igBeeÕ®–≈ µ—È\4.ZigBeeÕ¯¬Á¥´ ‰PM2.5 µ—È\Projects\z #
#                          stack\Samples\SampleApp\CC2530DB\..\..\..\..\..\CO #
#                          MPONENTS\MAC\LOW_LEVEL\srf04\ -I                   #
#                          C:\Users\Administrator\Desktop\eps\ZigBeeÕ®–≈ µ—È\ #
#                          4.ZigBeeÕ¯¬Á¥´ ‰PM2.5 µ—È\Projects\zstack\Samples\ #
#                          SampleApp\CC2530DB\..\..\..\..\..\COMPONENTS\MAC\L #
#                          OW_LEVEL\srf04\SINGLE_CHIP\ -I                     #
#                          C:\Users\Administrator\Desktop\eps\ZigBeeÕ®–≈ µ—È\ #
#                          4.ZigBeeÕ¯¬Á¥´ ‰PM2.5 µ—È\Projects\zstack\Samples\ #
#                          SampleApp\CC2530DB\..\..\..\..\..\COMPONENTS\HARDW #
#                          ARE\ -Om                                           #
#    List file          =  C:\Users\Administrator\Desktop\eps\ZigBeeÕ®–≈ µ—È\ #
#                          4.ZigBeeÕ¯¬Á¥´ ‰PM2.5 µ—È\Projects\zstack\Samples\ #
#                          SampleApp\CC2530DB\EndDeviceEB\List\mac_autopend.l #
#                          st                                                 #
#    Object file        =  C:\Users\Administrator\Desktop\eps\ZigBeeÕ®–≈ µ—È\ #
#                          4.ZigBeeÕ¯¬Á¥´ ‰PM2.5 µ—È\Projects\zstack\Samples\ #
#                          SampleApp\CC2530DB\EndDeviceEB\Obj\mac_autopend.r5 #
#                          1                                                  #
#                                                                             #
#                                                                             #
###############################################################################

C:\Users\Administrator\Desktop\eps\ZigBeeÕ®–≈ µ—È\4.ZigBeeÕ¯¬Á¥´ ‰PM2.5 µ—È\Components\mac\low_level\srf04\mac_autopend.c
      1          /**************************************************************************************************
      2            Filename:       mac_autopend.c
      3            Revised:        $Date: 2009-08-28 09:29:33 -0700 (Fri, 28 Aug 2009) $
      4            Revision:       $Revision: 20674 $
      5          
      6            Description:    This file implements the TIMAC Autopend feature.
      7          
      8          
      9            Copyright 2006-2009 Texas Instruments Incorporated. All rights reserved.
     10          
     11            IMPORTANT: Your use of this Software is limited to those specific rights
     12            granted under the terms of a software license agreement between the user
     13            who downloaded the software, his/her employer (which must be your employer)
     14            and Texas Instruments Incorporated (the "License").  You may not use this
     15            Software unless you agree to abide by the terms of the License. The License
     16            limits your use, and you acknowledge, that the Software may not be modified,
     17            copied or distributed unless embedded on a Texas Instruments microcontroller
     18            or used solely and exclusively in conjunction with a Texas Instruments radio
     19            frequency transceiver, which is integrated into your product.  Other than for
     20            the foregoing purpose, you may not use, reproduce, copy, prepare derivative
     21            works of, modify, distribute, perform, display or sell this Software and/or
     22            its documentation for any purpose.
     23          
     24            YOU FURTHER ACKNOWLEDGE AND AGREE THAT THE SOFTWARE AND DOCUMENTATION ARE
     25            PROVIDED ìAS ISî WITHOUT WARRANTY OF ANY KIND, EITHER EXPRESS OR IMPLIED,
     26            INCLUDING WITHOUT LIMITATION, ANY WARRANTY OF MERCHANTABILITY, TITLE,
     27            NON-INFRINGEMENT AND FITNESS FOR A PARTICULAR PURPOSE. IN NO EVENT SHALL
     28            TEXAS INSTRUMENTS OR ITS LICENSORS BE LIABLE OR OBLIGATED UNDER CONTRACT,
     29            NEGLIGENCE, STRICT LIABILITY, CONTRIBUTION, BREACH OF WARRANTY, OR OTHER
     30            LEGAL EQUITABLE THEORY ANY DIRECT OR INDIRECT DAMAGES OR EXPENSES
     31            INCLUDING BUT NOT LIMITED TO ANY INCIDENTAL, SPECIAL, INDIRECT, PUNITIVE
     32            OR CONSEQUENTIAL DAMAGES, LOST PROFITS OR LOST DATA, COST OF PROCUREMENT
     33            OF SUBSTITUTE GOODS, TECHNOLOGY, SERVICES, OR ANY CLAIMS BY THIRD PARTIES
     34            (INCLUDING BUT NOT LIMITED TO ANY DEFENSE THEREOF), OR OTHER SIMILAR COSTS.
     35          
     36            Should you have any questions regarding your right to use this Software,
     37            contact Texas Instruments Incorporated at www.TI.com.
     38          **************************************************************************************************/
     39          
     40          /* low-level */
     41          #include "mac_api.h"
     42          #include "mac_radio_defs.h"
     43          
     44          /* osal */
     45          #include "OSAL.h"
     46          #include "saddr.h"
     47          #include "ZComDef.h"
     48          
     49          #include "mac_autopend.h"
     50          
     51          /* ------------------------------------------------------------------------------------------------
     52           *                                           Defines
     53           * ------------------------------------------------------------------------------------------------
     54           */
     55          #define MAC_SRCMATCH_INVALID_INDEX           0xFF
     56          
     57          #define MAC_SRCMATCH_SHORT_ENTRY_SIZE        4
     58          #define MAC_SRCMATCH_EXT_ENTRY_SIZE          Z_EXTADDR_LEN
     59          
     60          #define MAC_SRCMATCH_SHORT_MAX_NUM_ENTRIES   24
     61          #define MAC_SRCMATCH_EXT_MAX_NUM_ENTRIES     12
     62          
     63          #define MAC_SRCMATCH_ENABLE_BITMAP_LEN       3
     64                    
     65          /* ------------------------------------------------------------------------------------------------
     66           *                                      Global Variables
     67           * ------------------------------------------------------------------------------------------------
     68           */

   \                                 In  segment XDATA_Z, align 1, keep-with-next
     69          bool macSrcMatchIsEnabled = FALSE; 
   \                     macSrcMatchIsEnabled:
   \   000000                DS 1
   \   000001                REQUIRE __INIT_XDATA_Z
     70          
     71          /* ------------------------------------------------------------------------------------------------
     72           *                                         Local Variables
     73           * ------------------------------------------------------------------------------------------------
     74           */
     75          
     76          /* 
     77           The following local Varables are only set in MAC_SrcMatchEnable()  
     78           They are read only to the rest of the module.
     79           */

   \                                 In  segment XDATA_Z, align 1, keep-with-next
     80          uint8 macSrcMatchMaxNumEntries = 0;   
   \                     macSrcMatchMaxNumEntries:
   \   000000                DS 1
   \   000001                REQUIRE __INIT_XDATA_Z

   \                                 In  segment XDATA_I, align 1, keep-with-next
     81          uint8 macSrcMatchAddrMode = SADDR_MODE_SHORT;  
   \                     macSrcMatchAddrMode:
   \   000000                DS 1
   \   000001                REQUIRE `?<Initializer for macSrcMatchAddrMode>`
   \   000001                REQUIRE __INIT_XDATA_I

   \                                 In  segment XDATA_Z, align 1, keep-with-next
     82          bool macSrcMatchIsAckAllPending = FALSE;
   \                     macSrcMatchIsAckAllPending:
   \   000000                DS 1
   \   000001                REQUIRE __INIT_XDATA_Z
     83          
     84          /* ------------------------------------------------------------------------------------------------
     85           *                                         Local Functions
     86           * ------------------------------------------------------------------------------------------------
     87           */
     88          static uint8 macSrcMatchFindEmptyEntry( void );
     89          static uint8 macSrcMatchCheckSrcAddr ( sAddr_t *addr, uint16 panID  );
     90          static void macSrcMatchSetPendEnBit( uint8 index );
     91          static void macSrcMatchSetEnableBit( uint8 index, bool option );
     92          static bool macSrcMatchCheckEnableBit( uint8 index );
     93          static uint24 macSrcMatchGetEnableBit( void );
     94          static uint24 macSrcMatchGetPendEnBit( void );
     95          
     96          /*********************************************************************
     97           * @fn          MAC_SrcMatchEnable
     98           *
     99           * @brief      Enabled AUTOPEND and source address matching. If number of source
    100           *             address table entries asked for is more than the hardware
    101           *             supports. It will allocate maximum number of entries and return 
    102           *             MAC_INVALID_PARAMETER. This function shall be not be called from 
    103           *             ISR. It is not thread safe.
    104           *
    105           * @param      addressType - address type that the application uses
    106           *                           SADDR_MODE_SHORT or SADDR_MODE_EXT
    107           * @param      num - number of source address table entries to be used
    108           *
    109           * @return     MAC_SUCCESS or MAC_INVALID_PARAMETER
    110           */

   \                                 In  segment BANKED_CODE, align 1, keep-with-next
    111          uint8 MAC_SrcMatchEnable ( uint8 addrType, uint8 num  )
   \                     MAC_SrcMatchEnable:
    112          {
   \   000000   C082         PUSH    DPL
   \   000002   C083         PUSH    DPH
   \   000004                ; Saved register size: 2
   \   000004                ; Auto size: 0
   \   000004   E9           MOV     A,R1
   \   000005   F8           MOV     R0,A
    113            uint8 rtn;
    114            uint8 maxNum;
    115              
    116            /* Verify the address type */
    117            if( addrType != SADDR_MODE_SHORT && addrType != SADDR_MODE_EXT )
   \   000006   7402         MOV     A,#0x2
   \   000008   68           XRL     A,R0
   \   000009   6009         JZ      ??MAC_SrcMatchEnable_0
   \   00000B   7403         MOV     A,#0x3
   \   00000D   68           XRL     A,R0
   \   00000E   6004         JZ      ??MAC_SrcMatchEnable_0
    118            {
    119              return MAC_INVALID_PARAMETER;
   \   000010   79E8         MOV     R1,#-0x18
   \   000012   8041         SJMP    ??MAC_SrcMatchEnable_1
    120            }
    121            
    122            maxNum = ( addrType == SADDR_MODE_SHORT ) ? 
    123                     MAC_SRCMATCH_SHORT_MAX_NUM_ENTRIES : MAC_SRCMATCH_EXT_MAX_NUM_ENTRIES;
   \                     ??MAC_SrcMatchEnable_0:
   \   000014   7402         MOV     A,#0x2
   \   000016   68           XRL     A,R0
   \   000017   7004         JNZ     ??MAC_SrcMatchEnable_2
   \   000019   7B18         MOV     R3,#0x18
   \   00001B   8002         SJMP    ??MAC_SrcMatchEnable_3
   \                     ??MAC_SrcMatchEnable_2:
   \   00001D   7B0C         MOV     R3,#0xc
    124                     
    125            if( num > maxNum )
   \                     ??MAC_SrcMatchEnable_3:
   \   00001F   EB           MOV     A,R3
   \   000020   C3           CLR     C
   \   000021   9A           SUBB    A,R2
   \   000022   5006         JNC     ??MAC_SrcMatchEnable_4
    126            {
    127              rtn = MAC_INVALID_PARAMETER;
   \   000024   79E8         MOV     R1,#-0x18
    128              num = maxNum;
   \   000026   EB           MOV     A,R3
   \   000027   FA           MOV     R2,A
   \   000028   8002         SJMP    ??MAC_SrcMatchEnable_5
    129            }
    130            else
    131            {
    132              rtn = MAC_SUCCESS;
   \                     ??MAC_SrcMatchEnable_4:
   \   00002A   7900         MOV     R1,#0x0
    133            }
    134              
    135            /* Turn on Frame Filter (TIMAC enables frame filter by default), TBD */
    136            MAC_RADIO_TURN_ON_RX_FRAME_FILTERING();
   \                     ??MAC_SrcMatchEnable_5:
   \   00002C   906180       MOV     DPTR,#0x6180
   \   00002F   E0           MOVX    A,@DPTR
   \   000030   D2E0         SETB    0xE0 /* A   */.0
   \   000032   F0           MOVX    @DPTR,A
    137            
    138            /* Turn on Auto ACK (TIMAC turn on Auto ACK by default), TBD */
    139            MAC_RADIO_TURN_ON_AUTO_ACK();
   \   000033   906189       MOV     DPTR,#0x6189
   \   000036   E0           MOVX    A,@DPTR
   \   000037   D2E5         SETB    0xE0 /* A   */.5
   \   000039   F0           MOVX    @DPTR,A
    140            
    141            /* Turn on Autopend: set SRCMATCH.AUTOPEND and SRCMATCH.SRC_MATCH_EN */
    142            MAC_RADIO_TURN_ON_SRC_MATCH();
   \   00003A   906182       MOV     DPTR,#0x6182
   \   00003D   E0           MOVX    A,@DPTR
   \   00003E   D2E0         SETB    0xE0 /* A   */.0
   \   000040   F0           MOVX    @DPTR,A
    143           
    144            /* Set SRCMATCH.AUTOPEND */
    145            MAC_RADIO_TURN_ON_AUTOPEND();
   \   000041   E0           MOVX    A,@DPTR
   \   000042   D2E1         SETB    0xE0 /* A   */.1
   \   000044   F0           MOVX    @DPTR,A
    146            
    147            /* Configure all the globals */
    148            macSrcMatchIsEnabled = TRUE;
   \   000045   90....       MOV     DPTR,#macSrcMatchIsEnabled
   \   000048   7401         MOV     A,#0x1
   \   00004A   F0           MOVX    @DPTR,A
    149            macSrcMatchMaxNumEntries = num;
   \   00004B   EA           MOV     A,R2
   \   00004C   90....       MOV     DPTR,#macSrcMatchMaxNumEntries
   \   00004F   F0           MOVX    @DPTR,A
    150            macSrcMatchAddrMode = addrType;           
   \   000050   E8           MOV     A,R0
   \   000051   90....       MOV     DPTR,#macSrcMatchAddrMode
   \   000054   F0           MOVX    @DPTR,A
    151          
    152            return rtn;
   \                     ??MAC_SrcMatchEnable_1:
   \   000055   D083         POP     DPH
   \   000057   D082         POP     DPL
   \   000059   02....       LJMP    ?BRET
    153          }
    154          
    155          /*********************************************************************
    156           * @fn          MAC_SrcMatchAddEntry
    157           *
    158           * @brief       Add a short or extended address to source address table. This 
    159           *              function shall be not be called from ISR. It is not thread safe.
    160           *
    161           * @param       addr - a pointer to sAddr_t which contains addrMode 
    162           *                     and a union of a short 16-bit MAC address or an extended 
    163           *                     64-bit MAC address to be added to the source address table. 
    164           * @param       panID - the device PAN ID. It is only used when the addr is 
    165           *                      using short address 
    166          
    167           * @return      MAC_SUCCESS or MAC_NO_RESOURCES (source address table full) 
    168           *              or MAC_DUPLICATED_ENTRY (the entry added is duplicated),
    169           *              or MAC_INVALID_PARAMETER if the input parameters are invalid.
    170           */

   \                                 In  segment BANKED_CODE, align 1, keep-with-next
    171          uint8 MAC_SrcMatchAddEntry ( sAddr_t *addr, uint16 panID )
   \                     MAC_SrcMatchAddEntry:
    172          {
   \   000000   74F2         MOV     A,#-0xe
   \   000002   12....       LCALL   ?BANKED_ENTER_XDATA
   \   000005                ; Saved register size: 14
   \   000005                ; Auto size: 4
   \   000005   74FC         MOV     A,#-0x4
   \   000007   12....       LCALL   ?ALLOC_XSTACK8
   \   00000A   8A..         MOV     ?V0 + 0,R2
   \   00000C   8B..         MOV     ?V0 + 1,R3
   \   00000E   EC           MOV     A,R4
   \   00000F   FE           MOV     R6,A
   \   000010   ED           MOV     A,R5
   \   000011   FF           MOV     R7,A
    173            uint8 index;
    174            uint8 entry[MAC_SRCMATCH_SHORT_ENTRY_SIZE];
    175            
    176            /* Check if the input parameters are valid */
    177            if ( addr == NULL || addr->addrMode != macSrcMatchAddrMode )
   \   000012   EA           MOV     A,R2
   \   000013   45..         ORL     A,?V0 + 1
   \   000015   6015         JZ      ??MAC_SrcMatchAddEntry_0
   \   000017   8A82         MOV     DPL,R2
   \   000019   8B83         MOV     DPH,R3
   \   00001B   A3           INC     DPTR
   \   00001C   A3           INC     DPTR
   \   00001D   A3           INC     DPTR
   \   00001E   A3           INC     DPTR
   \   00001F   A3           INC     DPTR
   \   000020   A3           INC     DPTR
   \   000021   A3           INC     DPTR
   \   000022   A3           INC     DPTR
   \   000023   E0           MOVX    A,@DPTR
   \   000024   F8           MOV     R0,A
   \   000025   90....       MOV     DPTR,#macSrcMatchAddrMode
   \   000028   E0           MOVX    A,@DPTR
   \   000029   68           XRL     A,R0
   \   00002A   6005         JZ      ??MAC_SrcMatchAddEntry_1
    178            {
    179              return MAC_INVALID_PARAMETER;  
   \                     ??MAC_SrcMatchAddEntry_0:
   \   00002C   79E8         MOV     R1,#-0x18
   \   00002E   02....       LJMP    ??MAC_SrcMatchAddEntry_2 & 0xFFFF
    180            }
    181            
    182            /* Check if the entry already exists. Do not add duplicated entry */
    183            if ( macSrcMatchCheckSrcAddr( addr, panID ) != MAC_SRCMATCH_INVALID_INDEX )
   \                     ??MAC_SrcMatchAddEntry_1:
   \   000031                ; Setup parameters for call to function macSrcMatchCheckSrcAddr
   \   000031   12....       LCALL   ??macSrcMatchCheckSrcAddr?relay
   \   000034   E9           MOV     A,R1
   \   000035   F4           CPL     A
   \   000036   6005         JZ      ??MAC_SrcMatchAddEntry_3
    184            {
    185              return MAC_DUPLICATED_ENTRY; 
   \   000038   791E         MOV     R1,#0x1e
   \   00003A   02....       LJMP    ??MAC_SrcMatchAddEntry_2 & 0xFFFF
    186            }
    187            
    188            /* If not duplicated, write to the radio RAM and enable the control bit */
    189            
    190            /* Find the first empty entry */
    191            index = macSrcMatchFindEmptyEntry();
   \                     ??MAC_SrcMatchAddEntry_3:
   \   00003D                ; Setup parameters for call to function macSrcMatchFindEmptyEntry
   \   00003D   12....       LCALL   ??macSrcMatchFindEmptyEntry?relay
   \   000040   E9           MOV     A,R1
   \   000041   F5..         MOV     ?V0 + 2,A
    192            if ( index == macSrcMatchMaxNumEntries )
   \   000043   90....       MOV     DPTR,#macSrcMatchMaxNumEntries
   \   000046   E0           MOVX    A,@DPTR
   \   000047   65..         XRL     A,?V0 + 2
   \   000049   7004         JNZ     ??MAC_SrcMatchAddEntry_4
    193            {
    194              return MAC_NO_RESOURCES;   /* Table is full */
   \   00004B   791A         MOV     R1,#0x1a
   \   00004D   807C         SJMP    ??MAC_SrcMatchAddEntry_2
    195            }
    196            
    197            if ( macSrcMatchAddrMode == SADDR_MODE_SHORT )
   \                     ??MAC_SrcMatchAddEntry_4:
   \   00004F   8982         MOV     DPL,R1
   \   000051   8582..       MOV     ?V0 + 4,DPL
   \   000054   75..00       MOV     ?V0 + 5,#0x0
   \   000057   90....       MOV     DPTR,#macSrcMatchAddrMode
   \   00005A   E0           MOVX    A,@DPTR
   \   00005B   6402         XRL     A,#0x2
   \   00005D   7046         JNZ     ??MAC_SrcMatchAddEntry_5
    198            {
    199              /* Write the PanID and short address */
    200              entry[0] = LO_UINT16( panID );  /* Little Endian for the radio RAM */
   \   00005F   EE           MOV     A,R6
   \   000060   85..82       MOV     DPL,?XSP + 0
   \   000063   85..83       MOV     DPH,?XSP + 1
   \   000066   F0           MOVX    @DPTR,A
    201              entry[1] = HI_UINT16( panID );
   \   000067   EF           MOV     A,R7
   \   000068   C0E0         PUSH    A
   \   00006A   7401         MOV     A,#0x1
   \   00006C   12....       LCALL   ?XSTACK_DISP0_8
   \   00006F   D0E0         POP     A
   \   000071   F0           MOVX    @DPTR,A
    202              entry[2] = LO_UINT16( addr->addr.shortAddr );
   \   000072   85..82       MOV     DPL,?V0 + 0
   \   000075   85..83       MOV     DPH,?V0 + 1
   \   000078   E0           MOVX    A,@DPTR
   \   000079   C0E0         PUSH    A
   \   00007B   7402         MOV     A,#0x2
   \   00007D   12....       LCALL   ?XSTACK_DISP0_8
   \   000080   D0E0         POP     A
   \   000082   F0           MOVX    @DPTR,A
    203              entry[3] = HI_UINT16( addr->addr.shortAddr );
   \   000083   85..82       MOV     DPL,?V0 + 0
   \   000086   85..83       MOV     DPH,?V0 + 1
   \   000089   A3           INC     DPTR
   \   00008A   E0           MOVX    A,@DPTR
   \   00008B   C0E0         PUSH    A
   \   00008D   7403         MOV     A,#0x3
   \   00008F   12....       LCALL   ?XSTACK_DISP0_8
   \   000092   D0E0         POP     A
   \   000094   F0           MOVX    @DPTR,A
    204              MAC_RADIO_SRC_MATCH_TABLE_WRITE( ( index * MAC_SRCMATCH_SHORT_ENTRY_SIZE ), 
    205                             entry, MAC_SRCMATCH_SHORT_ENTRY_SIZE );
   \   000095                ; Setup parameters for call to function macMemWriteRam
   \   000095   7904         MOV     R1,#0x4
   \   000097   85..82       MOV     DPL,?XSP + 0
   \   00009A   85..83       MOV     DPH,?XSP + 1
   \   00009D   AC82         MOV     R4,DPL
   \   00009F   AD83         MOV     R5,DPH
   \   0000A1   7402         MOV     A,#0x2
   \   0000A3   8008         SJMP    ??MAC_SrcMatchAddEntry_6
    206            }
    207            else
    208            {
    209              /* Write the extended address */
    210              MAC_RADIO_SRC_MATCH_TABLE_WRITE( ( index * MAC_SRCMATCH_EXT_ENTRY_SIZE ), 
    211                             addr->addr.extAddr, MAC_SRCMATCH_EXT_ENTRY_SIZE ); 
   \                     ??MAC_SrcMatchAddEntry_5:
   \   0000A5                ; Setup parameters for call to function macMemWriteRam
   \   0000A5   7908         MOV     R1,#0x8
   \   0000A7   AC..         MOV     R4,?V0 + 0
   \   0000A9   AD..         MOV     R5,?V0 + 1
   \   0000AB   7403         MOV     A,#0x3
   \                     ??MAC_SrcMatchAddEntry_6:
   \   0000AD   78..         MOV     R0,#?V0 + 4
   \   0000AF   12....       LCALL   ?S_SHL
   \   0000B2   25..         ADD     A,?V0 + 4
   \   0000B4   FA           MOV     R2,A
   \   0000B5   7461         MOV     A,#0x61
   \   0000B7   35..         ADDC    A,?V0 + 5
   \   0000B9   FB           MOV     R3,A
   \   0000BA   12....       LCALL   ??macMemWriteRam?relay
    212            }
    213            
    214            /* Set the Autopend enable bits */
    215            macSrcMatchSetPendEnBit( index );
   \   0000BD                ; Setup parameters for call to function macSrcMatchSetPendEnBit
   \   0000BD   A9..         MOV     R1,?V0 + 2
   \   0000BF   12....       LCALL   ??macSrcMatchSetPendEnBit?relay
    216            
    217            /* Set the Src Match enable bits */
    218            macSrcMatchSetEnableBit( index, TRUE );
   \   0000C2                ; Setup parameters for call to function macSrcMatchSetEnableBit
   \   0000C2   7A01         MOV     R2,#0x1
   \   0000C4   A9..         MOV     R1,?V0 + 2
   \   0000C6   12....       LCALL   ??macSrcMatchSetEnableBit?relay
    219            
    220            return MAC_SUCCESS;
   \   0000C9   7900         MOV     R1,#0x0
   \                     ??MAC_SrcMatchAddEntry_2:
   \   0000CB   7404         MOV     A,#0x4
   \   0000CD   12....       LCALL   ?DEALLOC_XSTACK8
   \   0000D0   7F06         MOV     R7,#0x6
   \   0000D2   02....       LJMP    ?BANKED_LEAVE_XDATA
    221          }
    222          
    223          /*********************************************************************
    224           * @fn         MAC_SrcMatchDeleteEntry
    225           *
    226           * @brief      Delete a short or extended address from source address table. 
    227           *             This function shall be not be called from ISR. It is not thread safe.
    228           *
    229           * @param      addr - a pointer to sAddr_t which contains addrMode 
    230           *                    and a union of a short 16-bit MAC address or an extended 
    231           *                    64-bit MAC address to be deleted from the source address table. 
    232           * @param      panID - the device PAN ID. It is only used when the addr is 
    233           *                     using short address  
    234           *
    235           * @return     MAC_SUCCESS or MAC_INVALID_PARAMETER (address to be deleted 
    236           *                  cannot be found in the source address table).
    237           */

   \                                 In  segment BANKED_CODE, align 1, keep-with-next
    238          uint8 MAC_SrcMatchDeleteEntry ( sAddr_t *addr, uint16 panID  )
   \                     MAC_SrcMatchDeleteEntry:
    239          {
   \   000000   C082         PUSH    DPL
   \   000002   C083         PUSH    DPH
   \   000004                ; Saved register size: 2
   \   000004                ; Auto size: 0
    240            uint8 index;
    241            
    242            if ( addr == NULL || addr->addrMode != macSrcMatchAddrMode )
   \   000004   EA           MOV     A,R2
   \   000005   4B           ORL     A,R3
   \   000006   6015         JZ      ??MAC_SrcMatchDeleteEntry_0
   \   000008   8A82         MOV     DPL,R2
   \   00000A   8B83         MOV     DPH,R3
   \   00000C   A3           INC     DPTR
   \   00000D   A3           INC     DPTR
   \   00000E   A3           INC     DPTR
   \   00000F   A3           INC     DPTR
   \   000010   A3           INC     DPTR
   \   000011   A3           INC     DPTR
   \   000012   A3           INC     DPTR
   \   000013   A3           INC     DPTR
   \   000014   E0           MOVX    A,@DPTR
   \   000015   F8           MOV     R0,A
   \   000016   90....       MOV     DPTR,#macSrcMatchAddrMode
   \   000019   E0           MOVX    A,@DPTR
   \   00001A   68           XRL     A,R0
   \   00001B   6004         JZ      ??MAC_SrcMatchDeleteEntry_1
    243            {
    244              return MAC_INVALID_PARAMETER;  
   \                     ??MAC_SrcMatchDeleteEntry_0:
   \   00001D   79E8         MOV     R1,#-0x18
   \   00001F   800F         SJMP    ??MAC_SrcMatchDeleteEntry_2
    245            }
    246            
    247            /* Look up the source address table and find the entry. */
    248            index = macSrcMatchCheckSrcAddr( addr, panID );
   \                     ??MAC_SrcMatchDeleteEntry_1:
   \   000021                ; Setup parameters for call to function macSrcMatchCheckSrcAddr
   \   000021   12....       LCALL   ??macSrcMatchCheckSrcAddr?relay
    249          
    250            if( index == MAC_SRCMATCH_INVALID_INDEX )
   \   000024   74FF         MOV     A,#-0x1
   \   000026   69           XRL     A,R1
   \   000027   60F4         JZ      ??MAC_SrcMatchDeleteEntry_0
    251            {
    252              return MAC_INVALID_PARAMETER; 
    253            }
    254            
    255            /* Clear Src Match enable bits */
    256            macSrcMatchSetEnableBit( index, FALSE );
   \   000029                ; Setup parameters for call to function macSrcMatchSetEnableBit
   \   000029   7A00         MOV     R2,#0x0
   \   00002B   12....       LCALL   ??macSrcMatchSetEnableBit?relay
    257          
    258            return MAC_SUCCESS;
   \   00002E   7900         MOV     R1,#0x0
   \                     ??MAC_SrcMatchDeleteEntry_2:
   \   000030   D083         POP     DPH
   \   000032   D082         POP     DPL
   \   000034   02....       LJMP    ?BRET
    259          }
    260                            
    261          /*********************************************************************
    262           * @fn          MAC_SrcMatchAckAllPending
    263           *
    264           * @brief       Enabled/disable acknowledging all packets with pending bit set
    265           *              The application normally enables it when adding new entries to 
    266           *              the source address table fails due to the table is full, or 
    267           *              disables it when more entries are deleted and the table has
    268           *              empty slots.
    269           *
    270           * @param       option - TRUE (acknowledging all packets with pending field set)
    271           *                       FALSE (acknowledging all packets with pending field cleared) 
    272           *
    273           * @return      none
    274           */

   \                                 In  segment BANKED_CODE, align 1, keep-with-next
    275          void MAC_SrcMatchAckAllPending ( uint8 option  ) 
   \                     MAC_SrcMatchAckAllPending:
    276          {
   \   000000   C082         PUSH    DPL
   \   000002   C083         PUSH    DPH
   \   000004                ; Saved register size: 2
   \   000004                ; Auto size: 0
    277            if( option == TRUE )
   \   000004   7401         MOV     A,#0x1
   \   000006   69           XRL     A,R1
   \   000007   90....       MOV     DPTR,#macSrcMatchIsAckAllPending
   \   00000A   700B         JNZ     ??MAC_SrcMatchAckAllPending_0
    278            {
    279              macSrcMatchIsAckAllPending = TRUE;
   \   00000C   7401         MOV     A,#0x1
   \   00000E   F0           MOVX    @DPTR,A
    280              
    281              /* Set the PENDING_OR register */
    282              MAC_RADIO_TURN_ON_PENDING_OR();
   \   00000F   90618A       MOV     DPTR,#0x618a
   \   000012   E0           MOVX    A,@DPTR
   \   000013   D2E2         SETB    0xE0 /* A   */.2
   \   000015   8008         SJMP    ??MAC_SrcMatchAckAllPending_1
    283            }
    284            else
    285            {
    286              macSrcMatchIsAckAllPending = FALSE;
   \                     ??MAC_SrcMatchAckAllPending_0:
   \   000017   E4           CLR     A
   \   000018   F0           MOVX    @DPTR,A
    287              
    288              /* Clear the PENDING_OR register */
    289              MAC_RADIO_TURN_OFF_PENDING_OR();
   \   000019   90618A       MOV     DPTR,#0x618a
   \   00001C   E0           MOVX    A,@DPTR
   \   00001D   C2E2         CLR     0xE0 /* A   */.2
   \                     ??MAC_SrcMatchAckAllPending_1:
   \   00001F   F0           MOVX    @DPTR,A
    290            }
    291          }
   \   000020   D083         POP     DPH
   \   000022   D082         POP     DPL
   \   000024   02....       LJMP    ?BRET
    292          
    293          /*********************************************************************
    294           * @fn          MAC_SrcMatchCheckAllPending
    295           *
    296           * @brief       Check if acknowledging all packets with pending bit set
    297           *              is enabled. 
    298           *
    299           * @param       none 
    300           *
    301           * @return      MAC_AUTOACK_PENDING_ALL_ON or MAC_AUTOACK_PENDING_ALL_OFF
    302           */

   \                                 In  segment BANKED_CODE, align 1, keep-with-next
    303          uint8 MAC_SrcMatchCheckAllPending ( void )
   \                     MAC_SrcMatchCheckAllPending:
    304          {
   \   000000   C082         PUSH    DPL
   \   000002   C083         PUSH    DPH
   \   000004                ; Saved register size: 2
   \   000004                ; Auto size: 0
    305            if( macSrcMatchIsAckAllPending == TRUE )
   \   000004   90....       MOV     DPTR,#macSrcMatchIsAckAllPending
   \   000007   E0           MOVX    A,@DPTR
   \   000008   6401         XRL     A,#0x1
   \   00000A   7004         JNZ     ??MAC_SrcMatchCheckAllPending_0
    306            {
    307              return MAC_AUTOACK_PENDING_ALL_ON; 
   \   00000C   79FE         MOV     R1,#-0x2
   \   00000E   8002         SJMP    ??MAC_SrcMatchCheckAllPending_1
    308            }
    309            
    310            return MAC_AUTOACK_PENDING_ALL_OFF;
   \                     ??MAC_SrcMatchCheckAllPending_0:
   \   000010   79FF         MOV     R1,#-0x1
   \                     ??MAC_SrcMatchCheckAllPending_1:
   \   000012   D083         POP     DPH
   \   000014   D082         POP     DPL
   \   000016   02....       LJMP    ?BRET
    311          }
    312          
    313          /*********************************************************************
    314           * @fn          MAC_SrcMatchCheckResult
    315           *
    316           * @brief       Check the result of source matching
    317           *
    318           * @param       index - index of the entry in the source address table
    319           *
    320           * @return      TRUE or FALSE
    321           */

   \                                 In  segment BANKED_CODE, align 1, keep-with-next
    322          MAC_INTERNAL_API bool MAC_SrcMatchCheckResult( void )
   \                     MAC_SrcMatchCheckResult:
    323          {
   \   000000   C082         PUSH    DPL
   \   000002   C083         PUSH    DPH
   \   000004                ; Saved register size: 2
   \   000004                ; Auto size: 0
    324            uint8 resIndex;
    325            
    326            if ( macSrcMatchIsAckAllPending )
   \   000004   90....       MOV     DPTR,#macSrcMatchIsAckAllPending
   \   000007   E0           MOVX    A,@DPTR
   \   000008   6004         JZ      ??MAC_SrcMatchCheckResult_0
    327            {
    328              return (TRUE);
   \   00000A   7901         MOV     R1,#0x1
   \   00000C   8009         SJMP    ??MAC_SrcMatchCheckResult_1
    329            }
    330            
    331            MAC_RADIO_SRC_MATCH_RESINDEX( resIndex );
   \                     ??MAC_SrcMatchCheckResult_0:
   \   00000E   906163       MOV     DPTR,#0x6163
   \   000011   E0           MOVX    A,@DPTR
   \   000012   F8           MOV     R0,A
    332            
    333            return ( resIndex & AUTOPEND_RES );
   \   000013   7440         MOV     A,#0x40
   \   000015   58           ANL     A,R0
   \   000016   F9           MOV     R1,A
   \                     ??MAC_SrcMatchCheckResult_1:
   \   000017   D083         POP     DPH
   \   000019   D082         POP     DPL
   \   00001B   02....       LJMP    ?BRET
    334          }
    335          
    336          /*********************************************************************
    337           * @fn          macSrcMatchFindEmptyEntry
    338           *
    339           * @brief       return index of the first empty entry found
    340           *
    341           * @param       none
    342           *
    343           * @return      uint8 - return index of the first empty entry found
    344           */

   \                                 In  segment BANKED_CODE, align 1, keep-with-next
    345          static uint8 macSrcMatchFindEmptyEntry( void )
   \                     macSrcMatchFindEmptyEntry:
    346          {
   \   000000   74EC         MOV     A,#-0x14
   \   000002   12....       LCALL   ?BANKED_ENTER_XDATA
   \   000005                ; Saved register size: 20
   \   000005                ; Auto size: 0
    347            uint8  index;
    348            uint24 enable;
    349               
    350            enable = MAC_RADIO_SRC_MATCH_GET_EN();
   \   000005                ; Setup parameters for call to function macSrcMatchGetEnableBit
   \   000005   12....       LCALL   ??macSrcMatchGetEnableBit?relay
   \   000008   8A..         MOV     ?V0 + 4,R2
    351                  
    352            if( macSrcMatchAddrMode == SADDR_MODE_SHORT )
   \   00000A   90....       MOV     DPTR,#macSrcMatchAddrMode
   \   00000D   E0           MOVX    A,@DPTR
   \   00000E   6402         XRL     A,#0x2
   \   000010   7A00         MOV     R2,#0x0
   \   000012   7040         JNZ     ??macSrcMatchFindEmptyEntry_0
    353            {
    354              for( index = 0; index < macSrcMatchMaxNumEntries; index++ )
   \   000014   8001         SJMP    ??macSrcMatchFindEmptyEntry_1
   \                     ??macSrcMatchFindEmptyEntry_2:
   \   000016   0A           INC     R2
   \                     ??macSrcMatchFindEmptyEntry_1:
   \   000017   90....       MOV     DPTR,#macSrcMatchMaxNumEntries
   \   00001A   E0           MOVX    A,@DPTR
   \   00001B   F8           MOV     R0,A
   \   00001C   EA           MOV     A,R2
   \   00001D   C3           CLR     C
   \   00001E   98           SUBB    A,R0
   \   00001F   502C         JNC     ??macSrcMatchFindEmptyEntry_3
    355              {  
    356                if( ( enable & ( (uint24)0x01 << index ) ) == 0 )
   \   000021   85....       MOV     ?V0 + 0,?V0 + 4
   \   000024   8B..         MOV     ?V0 + 1,R3
   \   000026   8C..         MOV     ?V0 + 2,R4
   \   000028   8D..         MOV     ?V0 + 3,R5
   \   00002A   75..01       MOV     ?V0 + 8,#0x1
   \   00002D   75..00       MOV     ?V0 + 9,#0x0
   \   000030   75..00       MOV     ?V0 + 10,#0x0
   \   000033   75..00       MOV     ?V0 + 11,#0x0
   \   000036   EA           MOV     A,R2
   \   000037   78..         MOV     R0,#?V0 + 8
   \   000039   12....       LCALL   ?L_SHL
   \   00003C   78..         MOV     R0,#?V0 + 0
   \   00003E   79..         MOV     R1,#?V0 + 8
   \   000040   12....       LCALL   ?L_AND
   \   000043   E5..         MOV     A,?V0 + 0
   \   000045   45..         ORL     A,?V0 + 1
   \   000047   45..         ORL     A,?V0 + 2
   \   000049   45..         ORL     A,?V0 + 3
   \   00004B   70C9         JNZ     ??macSrcMatchFindEmptyEntry_2
    357                {
    358                  return index;
   \                     ??macSrcMatchFindEmptyEntry_3:
   \   00004D   EA           MOV     A,R2
   \   00004E   F9           MOV     R1,A
   \   00004F   7F0C         MOV     R7,#0xc
   \   000051   02....       LJMP    ?BANKED_LEAVE_XDATA
    359                }
    360              }
    361            }
    362            else
    363            {
    364              for( index = 0; index < macSrcMatchMaxNumEntries; index++ )
   \                     ??macSrcMatchFindEmptyEntry_0:
   \   000054   90....       MOV     DPTR,#macSrcMatchMaxNumEntries
   \   000057   E0           MOVX    A,@DPTR
   \   000058   F8           MOV     R0,A
   \   000059   EA           MOV     A,R2
   \   00005A   C3           CLR     C
   \   00005B   98           SUBB    A,R0
   \   00005C   50EF         JNC     ??macSrcMatchFindEmptyEntry_3
    365              {  
    366                if( ( enable & ( (uint24)0x01 << ( index * 2 ) ) ) == 0 )
   \   00005E   85....       MOV     ?V0 + 0,?V0 + 4
   \   000061   8B..         MOV     ?V0 + 1,R3
   \   000063   8C..         MOV     ?V0 + 2,R4
   \   000065   8D..         MOV     ?V0 + 3,R5
   \   000067   75..01       MOV     ?V0 + 8,#0x1
   \   00006A   75..00       MOV     ?V0 + 9,#0x0
   \   00006D   75..00       MOV     ?V0 + 10,#0x0
   \   000070   75..00       MOV     ?V0 + 11,#0x0
   \   000073   EA           MOV     A,R2
   \   000074   C3           CLR     C
   \   000075   33           RLC     A
   \   000076   78..         MOV     R0,#?V0 + 8
   \   000078   12....       LCALL   ?L_SHL
   \   00007B   78..         MOV     R0,#?V0 + 0
   \   00007D   79..         MOV     R1,#?V0 + 8
   \   00007F   12....       LCALL   ?L_AND
   \   000082   E5..         MOV     A,?V0 + 0
   \   000084   45..         ORL     A,?V0 + 1
   \   000086   45..         ORL     A,?V0 + 2
   \   000088   45..         ORL     A,?V0 + 3
   \   00008A   60C1         JZ      ??macSrcMatchFindEmptyEntry_3
    367                {
    368                  return index;
    369                }
    370              }
   \   00008C   0A           INC     R2
   \   00008D   80C5         SJMP    ??macSrcMatchFindEmptyEntry_0
    371            }
    372            
    373            /* 
    374             The value of index shall be macSrcMatchMaxNumEntries when it executes
    375             here. The table is full.
    376            */
    377            return index;
    378          }
    379          
    380          /*********************************************************************
    381           * @fn         macSrcMatchCheckSrcAddr
    382           *
    383           * @brief      Check if a short or extended address is in the source address table.
    384           *             This function shall not be called from ISR. It is not thread safe.
    385           *
    386           * @param      addr - a pointer to sAddr_t which contains addrMode 
    387           *                    and a union of a short 16-bit MAC address or an extended 
    388           *                    64-bit MAC address to be checked in the source address table. 
    389           * @param      panID - the device PAN ID. It is only used when the addr is 
    390           *                     using short address 
    391          
    392           * @return     uint8 - index of the entry in the table. Return 
    393           *                     MAC_SRCMATCH_INVALID_INDEX (0xFF) if address not found.
    394           */

   \                                 In  segment BANKED_CODE, align 1, keep-with-next
    395          static uint8 macSrcMatchCheckSrcAddr ( sAddr_t *addr, uint16 panID  )
   \                     macSrcMatchCheckSrcAddr:
    396          {
   \   000000   74F1         MOV     A,#-0xf
   \   000002   12....       LCALL   ?BANKED_ENTER_XDATA
   \   000005                ; Saved register size: 15
   \   000005                ; Auto size: 12
   \   000005   74F4         MOV     A,#-0xc
   \   000007   12....       LCALL   ?ALLOC_XSTACK8
    397            uint8 index;     
    398            uint8 *pAddr;
    399            uint8 entrySize;
    400            uint8 entry[MAC_SRCMATCH_SHORT_ENTRY_SIZE];  
    401            uint8 ramEntry[MAC_SRCMATCH_EXT_ENTRY_SIZE];
    402                
    403            /*
    404             Currently, shadow memory is not supported to optimize SPI traffic.
    405            */
    406            
    407            if( macSrcMatchAddrMode == SADDR_MODE_SHORT )
   \   00000A   90....       MOV     DPTR,#macSrcMatchAddrMode
   \   00000D   E0           MOVX    A,@DPTR
   \   00000E   6402         XRL     A,#0x2
   \   000010   7042         JNZ     ??macSrcMatchCheckSrcAddr_0
    408            {
    409              entry[0] = LO_UINT16( panID );  /* Little Endian for the radio RAM */
   \   000012   EC           MOV     A,R4
   \   000013   85..82       MOV     DPL,?XSP + 0
   \   000016   85..83       MOV     DPH,?XSP + 1
   \   000019   F0           MOVX    @DPTR,A
    410              entry[1] = HI_UINT16( panID );
   \   00001A   ED           MOV     A,R5
   \   00001B   C0E0         PUSH    A
   \   00001D   7401         MOV     A,#0x1
   \   00001F   12....       LCALL   ?XSTACK_DISP0_8
   \   000022   D0E0         POP     A
   \   000024   F0           MOVX    @DPTR,A
    411              entry[2] = LO_UINT16( addr->addr.shortAddr );
   \   000025   8A82         MOV     DPL,R2
   \   000027   8B83         MOV     DPH,R3
   \   000029   E0           MOVX    A,@DPTR
   \   00002A   C0E0         PUSH    A
   \   00002C   7402         MOV     A,#0x2
   \   00002E   12....       LCALL   ?XSTACK_DISP0_8
   \   000031   D0E0         POP     A
   \   000033   F0           MOVX    @DPTR,A
    412              entry[3] = HI_UINT16( addr->addr.shortAddr );
   \   000034   8A82         MOV     DPL,R2
   \   000036   8B83         MOV     DPH,R3
   \   000038   A3           INC     DPTR
   \   000039   E0           MOVX    A,@DPTR
   \   00003A   C0E0         PUSH    A
   \   00003C   7403         MOV     A,#0x3
   \   00003E   12....       LCALL   ?XSTACK_DISP0_8
   \   000041   D0E0         POP     A
   \   000043   F0           MOVX    @DPTR,A
    413              pAddr = entry;
   \   000044   85..82       MOV     DPL,?XSP + 0
   \   000047   85..83       MOV     DPH,?XSP + 1
   \   00004A   8582..       MOV     ?V0 + 0,DPL
   \   00004D   8583..       MOV     ?V0 + 1,DPH
    414              entrySize = MAC_SRCMATCH_SHORT_ENTRY_SIZE;
   \   000050   7F04         MOV     R7,#0x4
   \   000052   8006         SJMP    ??macSrcMatchCheckSrcAddr_1
    415            }
    416            else
    417            {
    418              pAddr = addr->addr.extAddr;
   \                     ??macSrcMatchCheckSrcAddr_0:
   \   000054   8A..         MOV     ?V0 + 0,R2
   \   000056   8B..         MOV     ?V0 + 1,R3
    419              entrySize = MAC_SRCMATCH_EXT_ENTRY_SIZE;
   \   000058   7F08         MOV     R7,#0x8
    420            }
    421            
    422            for( index = 0; index < macSrcMatchMaxNumEntries; index++ )
   \                     ??macSrcMatchCheckSrcAddr_1:
   \   00005A   7E00         MOV     R6,#0x0
   \   00005C   8001         SJMP    ??macSrcMatchCheckSrcAddr_2
   \                     ??macSrcMatchCheckSrcAddr_3:
   \   00005E   0E           INC     R6
   \                     ??macSrcMatchCheckSrcAddr_2:
   \   00005F   90....       MOV     DPTR,#macSrcMatchMaxNumEntries
   \   000062   E0           MOVX    A,@DPTR
   \   000063   F8           MOV     R0,A
   \   000064   EE           MOV     A,R6
   \   000065   C3           CLR     C
   \   000066   98           SUBB    A,R0
   \   000067   505C         JNC     ??macSrcMatchCheckSrcAddr_4
    423            {
    424              /* Check if the entry is enabled */
    425              if( macSrcMatchCheckEnableBit( index ) == FALSE )
   \   000069                ; Setup parameters for call to function macSrcMatchCheckEnableBit
   \   000069   EE           MOV     A,R6
   \   00006A   F9           MOV     R1,A
   \   00006B   12....       LCALL   ??macSrcMatchCheckEnableBit?relay
   \   00006E   E9           MOV     A,R1
   \   00006F   60ED         JZ      ??macSrcMatchCheckSrcAddr_3
    426              {
    427                continue; 
    428              }
    429                
    430              /* Compare the short address and pan ID */
    431              MAC_RADIO_SRC_MATCH_TABLE_READ( ( index * entrySize ), ramEntry, entrySize );
   \   000071                ; Setup parameters for call to function macMemReadRam
   \   000071   EF           MOV     A,R7
   \   000072   F9           MOV     R1,A
   \   000073   7404         MOV     A,#0x4
   \   000075   12....       LCALL   ?XSTACK_DISP0_8
   \   000078   AC82         MOV     R4,DPL
   \   00007A   AD83         MOV     R5,DPH
   \   00007C   EE           MOV     A,R6
   \   00007D   8F..         MOV     ?V0 + 2,R7
   \   00007F   89F0         MOV     B,R1
   \   000081   A4           MUL     AB
   \   000082   FA           MOV     R2,A
   \   000083   A8F0         MOV     R0,B
   \   000085   E4           CLR     A
   \   000086   28           ADD     A,R0
   \   000087   FB           MOV     R3,A
   \   000088   7461         MOV     A,#0x61
   \   00008A   3B           ADDC    A,R3
   \   00008B   FB           MOV     R3,A
   \   00008C   12....       LCALL   ??macMemReadRam?relay
    432               
    433              if( osal_memcmp( pAddr, ramEntry, entrySize ) == TRUE )
   \   00008F                ; Setup parameters for call to function osal_memcmp
   \   00008F   7404         MOV     A,#0x4
   \   000091   12....       LCALL   ?XSTACK_DISP0_8
   \   000094   A982         MOV     R1,DPL
   \   000096   AA83         MOV     R2,DPH
   \   000098   89..         MOV     ?V0 + 4,R1
   \   00009A   8A..         MOV     ?V0 + 5,R2
   \   00009C   75..00       MOV     ?V0 + 6,#0x0
   \   00009F   78..         MOV     R0,#?V0 + 4
   \   0000A1   12....       LCALL   ?PUSH_XSTACK_I_THREE
   \   0000A4   AC..         MOV     R4,?V0 + 2
   \   0000A6   7D00         MOV     R5,#0x0
   \   0000A8   85..82       MOV     DPL,?V0 + 0
   \   0000AB   85..83       MOV     DPH,?V0 + 1
   \   0000AE   A982         MOV     R1,DPL
   \   0000B0   AA83         MOV     R2,DPH
   \   0000B2   7B00         MOV     R3,#0x0
   \   0000B4   12....       LCALL   ??osal_memcmp?relay
   \   0000B7   7403         MOV     A,#0x3
   \   0000B9   12....       LCALL   ?DEALLOC_XSTACK8
   \   0000BC   E9           MOV     A,R1
   \   0000BD   6401         XRL     A,#0x1
   \   0000BF   709D         JNZ     ??macSrcMatchCheckSrcAddr_3
    434              {
    435                /* Match found */
    436                return index;
   \   0000C1   EE           MOV     A,R6
   \   0000C2   F9           MOV     R1,A
   \   0000C3   8002         SJMP    ??macSrcMatchCheckSrcAddr_5
    437              }
    438            }
    439            
    440            return MAC_SRCMATCH_INVALID_INDEX;
   \                     ??macSrcMatchCheckSrcAddr_4:
   \   0000C5   79FF         MOV     R1,#-0x1
   \                     ??macSrcMatchCheckSrcAddr_5:
   \   0000C7   740C         MOV     A,#0xc
   \   0000C9   12....       LCALL   ?DEALLOC_XSTACK8
   \   0000CC   7F07         MOV     R7,#0x7
   \   0000CE   02....       LJMP    ?BANKED_LEAVE_XDATA
    441          }
    442          
    443          /*********************************************************************
    444           * @fn          macSrcMatchSetPendEnBit
    445           *
    446           * @brief       Set the enable bit in the source address table
    447           *
    448           * @param       index - index of the entry in the source address table
    449           *
    450           * @return      none
    451           */

   \                                 In  segment BANKED_CODE, align 1, keep-with-next
    452          static void macSrcMatchSetPendEnBit( uint8 index )
   \                     macSrcMatchSetPendEnBit:
    453          {
   \   000000   74F0         MOV     A,#-0x10
   \   000002   12....       LCALL   ?BANKED_ENTER_XDATA
   \   000005                ; Saved register size: 16
   \   000005                ; Auto size: 3
   \   000005   74FD         MOV     A,#-0x3
   \   000007   12....       LCALL   ?ALLOC_XSTACK8
   \   00000A   E9           MOV     A,R1
   \   00000B   FE           MOV     R6,A
    454            uint24 enable;
    455            uint8 buf[MAC_SRCMATCH_ENABLE_BITMAP_LEN];
    456                 
    457            enable = MAC_RADIO_SRC_MATCH_GET_PENDEN(); 
   \   00000C                ; Setup parameters for call to function macSrcMatchGetPendEnBit
   \   00000C   12....       LCALL   ??macSrcMatchGetPendEnBit?relay
   \   00000F   8A..         MOV     ?V0 + 0,R2
   \   000011   8B..         MOV     ?V0 + 1,R3
   \   000013   8C..         MOV     ?V0 + 2,R4
   \   000015   8D..         MOV     ?V0 + 3,R5
    458                
    459            if( macSrcMatchAddrMode == SADDR_MODE_SHORT )
   \   000017   90....       MOV     DPTR,#macSrcMatchAddrMode
   \   00001A   E0           MOVX    A,@DPTR
   \   00001B   6402         XRL     A,#0x2
   \   00001D   75..01       MOV     ?V0 + 4,#0x1
   \   000020   75..00       MOV     ?V0 + 5,#0x0
   \   000023   75..00       MOV     ?V0 + 6,#0x0
   \   000026   75..00       MOV     ?V0 + 7,#0x0
   \   000029   7033         JNZ     ??macSrcMatchSetPendEnBit_0
    460            {
    461              enable |= ( (uint24)0x01 << index );
    462              osal_buffer_uint24( buf, enable );
   \   00002B                ; Setup parameters for call to function osal_buffer_uint24
   \   00002B   EE           MOV     A,R6
   \   00002C   78..         MOV     R0,#?V0 + 4
   \   00002E   12....       LCALL   ?L_SHL
   \   000031   78..         MOV     R0,#?V0 + 0
   \   000033   79..         MOV     R1,#?V0 + 4
   \   000035   12....       LCALL   ?L_IOR
   \   000038   78..         MOV     R0,#?V0 + 0
   \   00003A   12....       LCALL   ?PUSH_XSTACK_I_FOUR
   \   00003D   7404         MOV     A,#0x4
   \   00003F   12....       LCALL   ?XSTACK_DISP0_8
   \   000042   AA82         MOV     R2,DPL
   \   000044   AB83         MOV     R3,DPH
   \   000046   12....       LCALL   ??osal_buffer_uint24?relay
   \   000049   7404         MOV     A,#0x4
   \   00004B   12....       LCALL   ?DEALLOC_XSTACK8
    463              MAC_RADIO_SRC_MATCH_SET_SHORTPENDEN( buf );
   \   00004E                ; Setup parameters for call to function macMemWriteRam
   \   00004E   7903         MOV     R1,#0x3
   \   000050   85..82       MOV     DPL,?XSP + 0
   \   000053   85..83       MOV     DPH,?XSP + 1
   \   000056   AC82         MOV     R4,DPL
   \   000058   AD83         MOV     R5,DPH
   \   00005A   7A67         MOV     R2,#0x67
   \   00005C   8033         SJMP    ??macSrcMatchSetPendEnBit_1
    464            }
    465            else
    466            {
    467              enable |= ( (uint24)0x01 << ( index * 2 ) );
    468              osal_buffer_uint24( buf, enable );
   \                     ??macSrcMatchSetPendEnBit_0:
   \   00005E                ; Setup parameters for call to function osal_buffer_uint24
   \   00005E   EE           MOV     A,R6
   \   00005F   C3           CLR     C
   \   000060   33           RLC     A
   \   000061   78..         MOV     R0,#?V0 + 4
   \   000063   12....       LCALL   ?L_SHL
   \   000066   78..         MOV     R0,#?V0 + 0
   \   000068   79..         MOV     R1,#?V0 + 4
   \   00006A   12....       LCALL   ?L_IOR
   \   00006D   78..         MOV     R0,#?V0 + 0
   \   00006F   12....       LCALL   ?PUSH_XSTACK_I_FOUR
   \   000072   7404         MOV     A,#0x4
   \   000074   12....       LCALL   ?XSTACK_DISP0_8
   \   000077   AA82         MOV     R2,DPL
   \   000079   AB83         MOV     R3,DPH
   \   00007B   12....       LCALL   ??osal_buffer_uint24?relay
   \   00007E   7404         MOV     A,#0x4
   \   000080   12....       LCALL   ?DEALLOC_XSTACK8
    469              MAC_RADIO_SRC_MATCH_SET_EXTPENDEN( buf );
   \   000083                ; Setup parameters for call to function macMemWriteRam
   \   000083   7903         MOV     R1,#0x3
   \   000085   85..82       MOV     DPL,?XSP + 0
   \   000088   85..83       MOV     DPH,?XSP + 1
   \   00008B   AC82         MOV     R4,DPL
   \   00008D   AD83         MOV     R5,DPH
   \   00008F   7A64         MOV     R2,#0x64
   \                     ??macSrcMatchSetPendEnBit_1:
   \   000091   7B61         MOV     R3,#0x61
   \   000093   12....       LCALL   ??macMemWriteRam?relay
    470            }
    471          }
   \   000096   7403         MOV     A,#0x3
   \   000098   12....       LCALL   ?DEALLOC_XSTACK8
   \   00009B   7F08         MOV     R7,#0x8
   \   00009D   02....       LJMP    ?BANKED_LEAVE_XDATA
    472          
    473          /*********************************************************************
    474           * @fn          macSrcMatchSetEnableBit
    475           *
    476           * @brief       Set or clear the enable bit in the SRCMATCH EN register
    477           *
    478           * @param       index - index of the entry in the source address table
    479           * @param       option - true (set the enable bit), or false (clear the enable bit)
    480           *
    481           * @return      none
    482           */

   \                                 In  segment BANKED_CODE, align 1, keep-with-next
    483          static void macSrcMatchSetEnableBit( uint8 index, bool option )
   \                     macSrcMatchSetEnableBit:
    484          {
   \   000000   74F0         MOV     A,#-0x10
   \   000002   12....       LCALL   ?BANKED_ENTER_XDATA
   \   000005                ; Saved register size: 16
   \   000005                ; Auto size: 0
   \   000005   E9           MOV     A,R1
   \   000006   FE           MOV     R6,A
   \   000007   EA           MOV     A,R2
   \   000008   FF           MOV     R7,A
    485            uint24 enable;  
    486            
    487            enable = MAC_RADIO_SRC_MATCH_GET_EN(); 
   \   000009                ; Setup parameters for call to function macSrcMatchGetEnableBit
   \   000009   12....       LCALL   ??macSrcMatchGetEnableBit?relay
   \   00000C   8A..         MOV     ?V0 + 0,R2
   \   00000E   8B..         MOV     ?V0 + 1,R3
   \   000010   8C..         MOV     ?V0 + 2,R4
   \   000012   8D..         MOV     ?V0 + 3,R5
    488                
    489            if( option == TRUE )
   \   000014   7401         MOV     A,#0x1
   \   000016   6F           XRL     A,R7
   \   000017   90....       MOV     DPTR,#macSrcMatchAddrMode
   \   00001A   7038         JNZ     ??macSrcMatchSetEnableBit_0
    490            {
    491              if( macSrcMatchAddrMode == SADDR_MODE_SHORT )
   \   00001C   E0           MOVX    A,@DPTR
   \   00001D   6402         XRL     A,#0x2
   \   00001F   75..01       MOV     ?V0 + 4,#0x1
   \   000022   75..00       MOV     ?V0 + 5,#0x0
   \   000025   75..00       MOV     ?V0 + 6,#0x0
   \   000028   75..00       MOV     ?V0 + 7,#0x0
   \   00002B   7016         JNZ     ??macSrcMatchSetEnableBit_1
    492              {
    493                enable |= ( (uint24)0x01 << index );
    494                MAC_RADIO_SRC_MATCH_SET_SHORTEN( enable );
   \   00002D                ; Setup parameters for call to function osal_buffer_uint24
   \   00002D   EE           MOV     A,R6
   \   00002E   78..         MOV     R0,#?V0 + 4
   \   000030   12....       LCALL   ?L_SHL
   \   000033   78..         MOV     R0,#?V0 + 0
   \   000035   79..         MOV     R1,#?V0 + 4
   \   000037   12....       LCALL   ?L_IOR
   \                     ??macSrcMatchSetEnableBit_2:
   \   00003A   78..         MOV     R0,#?V0 + 0
   \   00003C   12....       LCALL   ?PUSH_XSTACK_I_FOUR
   \   00003F   7A83         MOV     R2,#-0x7d
   \   000041   8051         SJMP    ??macSrcMatchSetEnableBit_3
    495              }
    496              else
    497              {
    498                enable |= ( (uint24)0x01 << ( index * 2 ) );
    499                MAC_RADIO_SRC_MATCH_SET_EXTEN( enable );
   \                     ??macSrcMatchSetEnableBit_1:
   \   000043                ; Setup parameters for call to function osal_buffer_uint24
   \   000043   EE           MOV     A,R6
   \   000044   C3           CLR     C
   \   000045   33           RLC     A
   \   000046   78..         MOV     R0,#?V0 + 4
   \   000048   12....       LCALL   ?L_SHL
   \   00004B   78..         MOV     R0,#?V0 + 0
   \   00004D   79..         MOV     R1,#?V0 + 4
   \   00004F   12....       LCALL   ?L_IOR
   \   000052   8039         SJMP    ??macSrcMatchSetEnableBit_4
    500              }
    501            }
    502            else
    503            {
    504              if( macSrcMatchAddrMode == SADDR_MODE_SHORT )
   \                     ??macSrcMatchSetEnableBit_0:
   \   000054   E0           MOVX    A,@DPTR
   \   000055   6402         XRL     A,#0x2
   \   000057   75..01       MOV     ?V0 + 4,#0x1
   \   00005A   75..00       MOV     ?V0 + 5,#0x0
   \   00005D   75..00       MOV     ?V0 + 6,#0x0
   \   000060   75..00       MOV     ?V0 + 7,#0x0
   \   000063   7014         JNZ     ??macSrcMatchSetEnableBit_5
    505              {
    506                enable &= ~( (uint24)0x01 << index );
    507                MAC_RADIO_SRC_MATCH_SET_SHORTEN( enable );
   \   000065                ; Setup parameters for call to function osal_buffer_uint24
   \   000065   EE           MOV     A,R6
   \   000066   78..         MOV     R0,#?V0 + 4
   \   000068   12....       LCALL   ?L_SHL
   \   00006B   78..         MOV     R0,#?V0 + 4
   \   00006D   12....       LCALL   ?L_NOT
   \   000070   78..         MOV     R0,#?V0 + 0
   \   000072   79..         MOV     R1,#?V0 + 4
   \   000074   12....       LCALL   ?L_AND
   \   000077   80C1         SJMP    ??macSrcMatchSetEnableBit_2
    508              }
    509              else
    510              {
    511                enable &= ~( (uint24)0x01 << ( index * 2 ) );
    512                MAC_RADIO_SRC_MATCH_SET_EXTEN( enable );
   \                     ??macSrcMatchSetEnableBit_5:
   \   000079                ; Setup parameters for call to function osal_buffer_uint24
   \   000079   EE           MOV     A,R6
   \   00007A   C3           CLR     C
   \   00007B   33           RLC     A
   \   00007C   78..         MOV     R0,#?V0 + 4
   \   00007E   12....       LCALL   ?L_SHL
   \   000081   78..         MOV     R0,#?V0 + 4
   \   000083   12....       LCALL   ?L_NOT
   \   000086   78..         MOV     R0,#?V0 + 0
   \   000088   79..         MOV     R1,#?V0 + 4
   \   00008A   12....       LCALL   ?L_AND
   \                     ??macSrcMatchSetEnableBit_4:
   \   00008D   78..         MOV     R0,#?V0 + 0
   \   00008F   12....       LCALL   ?PUSH_XSTACK_I_FOUR
   \   000092   7A86         MOV     R2,#-0x7a
   \                     ??macSrcMatchSetEnableBit_3:
   \   000094   7B61         MOV     R3,#0x61
   \   000096   12....       LCALL   ??osal_buffer_uint24?relay
   \   000099   7404         MOV     A,#0x4
   \   00009B   12....       LCALL   ?DEALLOC_XSTACK8
    513              }
    514            }
    515          }
   \   00009E   7F08         MOV     R7,#0x8
   \   0000A0   02....       LJMP    ?BANKED_LEAVE_XDATA
    516          
    517          /*********************************************************************
    518           * @fn          macSrcMatchCheckEnableBit
    519           *
    520           * @brief       Check the enable bit in the source address table
    521           *
    522           * @param       index - index of the entry in the source address table
    523           *
    524           * @return      TRUE or FALSE
    525           */

   \                                 In  segment BANKED_CODE, align 1, keep-with-next
    526          static bool macSrcMatchCheckEnableBit( uint8 index )
   \                     macSrcMatchCheckEnableBit:
    527          {
   \   000000   74F0         MOV     A,#-0x10
   \   000002   12....       LCALL   ?BANKED_ENTER_XDATA
   \   000005                ; Saved register size: 16
   \   000005                ; Auto size: 0
   \   000005   E9           MOV     A,R1
   \   000006   FE           MOV     R6,A
    528            uint24 enable;
    529            
    530            if( macSrcMatchAddrMode == SADDR_MODE_EXT )
   \   000007   90....       MOV     DPTR,#macSrcMatchAddrMode
   \   00000A   E0           MOVX    A,@DPTR
   \   00000B   6403         XRL     A,#0x3
   \   00000D   7004         JNZ     ??macSrcMatchCheckEnableBit_0
    531            {
    532              index *= 2;
   \   00000F   EE           MOV     A,R6
   \   000010   C3           CLR     C
   \   000011   33           RLC     A
   \   000012   FE           MOV     R6,A
    533            }
    534            
    535            enable = MAC_RADIO_SRC_MATCH_GET_EN();
    536               
    537            if( enable & ( (uint24)0x01 << index ) )
   \                     ??macSrcMatchCheckEnableBit_0:
   \   000013                ; Setup parameters for call to function macSrcMatchGetEnableBit
   \   000013   12....       LCALL   ??macSrcMatchGetEnableBit?relay
   \   000016   8A..         MOV     ?V0 + 0,R2
   \   000018   8B..         MOV     ?V0 + 1,R3
   \   00001A   8C..         MOV     ?V0 + 2,R4
   \   00001C   8D..         MOV     ?V0 + 3,R5
   \   00001E   75..01       MOV     ?V0 + 4,#0x1
   \   000021   75..00       MOV     ?V0 + 5,#0x0
   \   000024   75..00       MOV     ?V0 + 6,#0x0
   \   000027   75..00       MOV     ?V0 + 7,#0x0
   \   00002A   EE           MOV     A,R6
   \   00002B   78..         MOV     R0,#?V0 + 4
   \   00002D   12....       LCALL   ?L_SHL
   \   000030   78..         MOV     R0,#?V0 + 0
   \   000032   79..         MOV     R1,#?V0 + 4
   \   000034   12....       LCALL   ?L_AND
   \   000037   E5..         MOV     A,?V0 + 0
   \   000039   45..         ORL     A,?V0 + 1
   \   00003B   45..         ORL     A,?V0 + 2
   \   00003D   45..         ORL     A,?V0 + 3
   \   00003F   6004         JZ      ??macSrcMatchCheckEnableBit_1
    538            {
    539              return TRUE;
   \   000041   7901         MOV     R1,#0x1
   \   000043   8002         SJMP    ??macSrcMatchCheckEnableBit_2
    540            }
    541          
    542            return FALSE; 
   \                     ??macSrcMatchCheckEnableBit_1:
   \   000045   7900         MOV     R1,#0x0
   \                     ??macSrcMatchCheckEnableBit_2:
   \   000047   7F08         MOV     R7,#0x8
   \   000049   02....       LJMP    ?BANKED_LEAVE_XDATA
    543          }
    544           
    545          /*********************************************************************
    546           * @fn          macSrcMatchGetEnableBit
    547           *
    548           * @brief       Return the SRCMATCH enable bitmap
    549           *
    550           * @param       none
    551           *
    552           * @return      uint24 - 24 bits bitmap
    553           */

   \                                 In  segment BANKED_CODE, align 1, keep-with-next
    554          static uint24 macSrcMatchGetEnableBit( void )
   \                     macSrcMatchGetEnableBit:
    555          { 
   \   000000   C082         PUSH    DPL
   \   000002   C083         PUSH    DPH
   \   000004                ; Saved register size: 2
   \   000004                ; Auto size: 3
   \   000004   74FD         MOV     A,#-0x3
   \   000006   12....       LCALL   ?ALLOC_XSTACK8
    556            uint8 buf[MAC_SRCMATCH_ENABLE_BITMAP_LEN];
    557            
    558            if( macSrcMatchAddrMode == SADDR_MODE_SHORT )
   \   000009   90....       MOV     DPTR,#macSrcMatchAddrMode
   \   00000C   E0           MOVX    A,@DPTR
   \   00000D   6402         XRL     A,#0x2
   \   00000F   7903         MOV     R1,#0x3
   \   000011   85..82       MOV     DPL,?XSP + 0
   \   000014   85..83       MOV     DPH,?XSP + 1
   \   000017   AC82         MOV     R4,DPL
   \   000019   AD83         MOV     R5,DPH
   \   00001B   7004         JNZ     ??macSrcMatchGetEnableBit_0
    559            {
    560              MAC_RADIO_GET_SRC_SHORTEN( buf );
   \   00001D                ; Setup parameters for call to function macMemReadRam
   \   00001D   7A83         MOV     R2,#-0x7d
   \   00001F   8002         SJMP    ??macSrcMatchGetEnableBit_1
    561            }
    562            else
    563            {
    564              MAC_RADIO_GET_SRC_EXTEN( buf );
   \                     ??macSrcMatchGetEnableBit_0:
   \   000021                ; Setup parameters for call to function macMemReadRam
   \   000021   7A86         MOV     R2,#-0x7a
   \                     ??macSrcMatchGetEnableBit_1:
   \   000023   7B61         MOV     R3,#0x61
   \   000025   12....       LCALL   ??macMemReadRam?relay
    565            }
    566            
    567            return osal_build_uint32( buf, MAC_SRCMATCH_ENABLE_BITMAP_LEN );
   \   000028                ; Setup parameters for call to function osal_build_uint32
   \   000028   7903         MOV     R1,#0x3
   \   00002A   85..82       MOV     DPL,?XSP + 0
   \   00002D   85..83       MOV     DPH,?XSP + 1
   \   000030   AA82         MOV     R2,DPL
   \   000032   AB83         MOV     R3,DPH
   \   000034   12....       LCALL   ??osal_build_uint32?relay
   \   000037   7403         MOV     A,#0x3
   \   000039   12....       LCALL   ?DEALLOC_XSTACK8
   \   00003C   D083         POP     DPH
   \   00003E   D082         POP     DPL
   \   000040   02....       LJMP    ?BRET
    568          }
    569          
    570          /*********************************************************************
    571           * @fn          macSrcMatchGetPendEnBit
    572           *
    573           * @brief       Return the SRCMATCH Pend enable bitmap
    574           *
    575           * @param       none
    576           *
    577           * @return      uint24 - 24 bits bitmap
    578           */

   \                                 In  segment BANKED_CODE, align 1, keep-with-next
    579          static uint24 macSrcMatchGetPendEnBit( void )
   \                     macSrcMatchGetPendEnBit:
    580          {
   \   000000   C082         PUSH    DPL
   \   000002   C083         PUSH    DPH
   \   000004                ; Saved register size: 2
   \   000004                ; Auto size: 3
   \   000004   74FD         MOV     A,#-0x3
   \   000006   12....       LCALL   ?ALLOC_XSTACK8
    581            uint8 buf[MAC_SRCMATCH_ENABLE_BITMAP_LEN];
    582          
    583            if( macSrcMatchAddrMode == SADDR_MODE_SHORT )
   \   000009   90....       MOV     DPTR,#macSrcMatchAddrMode
   \   00000C   E0           MOVX    A,@DPTR
   \   00000D   6402         XRL     A,#0x2
   \   00000F   7903         MOV     R1,#0x3
   \   000011   85..82       MOV     DPL,?XSP + 0
   \   000014   85..83       MOV     DPH,?XSP + 1
   \   000017   AC82         MOV     R4,DPL
   \   000019   AD83         MOV     R5,DPH
   \   00001B   7004         JNZ     ??macSrcMatchGetPendEnBit_0
    584            {
    585              MAC_RADIO_GET_SRC_SHORTPENDEN( buf );
   \   00001D                ; Setup parameters for call to function macMemReadRam
   \   00001D   7A67         MOV     R2,#0x67
   \   00001F   8002         SJMP    ??macSrcMatchGetPendEnBit_1
    586            }
    587            else
    588            {
    589              MAC_RADIO_GET_SRC_EXTENPEND( buf );
   \                     ??macSrcMatchGetPendEnBit_0:
   \   000021                ; Setup parameters for call to function macMemReadRam
   \   000021   7A64         MOV     R2,#0x64
   \                     ??macSrcMatchGetPendEnBit_1:
   \   000023   7B61         MOV     R3,#0x61
   \   000025   12....       LCALL   ??macMemReadRam?relay
    590            }
    591            
    592            return osal_build_uint32( buf, MAC_SRCMATCH_ENABLE_BITMAP_LEN );
   \   000028                ; Setup parameters for call to function osal_build_uint32
   \   000028   7903         MOV     R1,#0x3
   \   00002A   85..82       MOV     DPL,?XSP + 0
   \   00002D   85..83       MOV     DPH,?XSP + 1
   \   000030   AA82         MOV     R2,DPL
   \   000032   AB83         MOV     R3,DPH
   \   000034   12....       LCALL   ??osal_build_uint32?relay
   \   000037   7403         MOV     A,#0x3
   \   000039   12....       LCALL   ?DEALLOC_XSTACK8
   \   00003C   D083         POP     DPH
   \   00003E   D082         POP     DPL
   \   000040   02....       LJMP    ?BRET
    593          }

   \                                 In  segment XDATA_ID, align 1, keep-with-next
   \                     `?<Initializer for macSrcMatchAddrMode>`:
   \   000000   02           DB 2

   \                                 In  segment BANK_RELAYS, align 1
   \                     ??MAC_SrcMatchEnable?relay:
   \   000000   12....       LCALL   ?BDISPATCH
   \   000003   ......       DC24    MAC_SrcMatchEnable

   \                                 In  segment BANK_RELAYS, align 1
   \                     ??MAC_SrcMatchAddEntry?relay:
   \   000000   12....       LCALL   ?BDISPATCH
   \   000003   ......       DC24    MAC_SrcMatchAddEntry

   \                                 In  segment BANK_RELAYS, align 1
   \                     ??MAC_SrcMatchDeleteEntry?relay:
   \   000000   12....       LCALL   ?BDISPATCH
   \   000003   ......       DC24    MAC_SrcMatchDeleteEntry

   \                                 In  segment BANK_RELAYS, align 1
   \                     ??MAC_SrcMatchAckAllPending?relay:
   \   000000   12....       LCALL   ?BDISPATCH
   \   000003   ......       DC24    MAC_SrcMatchAckAllPending

   \                                 In  segment BANK_RELAYS, align 1
   \                     ??MAC_SrcMatchCheckAllPending?relay:
   \   000000   12....       LCALL   ?BDISPATCH
   \   000003   ......       DC24    MAC_SrcMatchCheckAllPending

   \                                 In  segment BANK_RELAYS, align 1
   \                     ??MAC_SrcMatchCheckResult?relay:
   \   000000   12....       LCALL   ?BDISPATCH
   \   000003   ......       DC24    MAC_SrcMatchCheckResult

   \                                 In  segment BANK_RELAYS, align 1
   \                     ??macSrcMatchFindEmptyEntry?relay:
   \   000000   12....       LCALL   ?BDISPATCH
   \   000003   ......       DC24    macSrcMatchFindEmptyEntry

   \                                 In  segment BANK_RELAYS, align 1
   \                     ??macSrcMatchCheckSrcAddr?relay:
   \   000000   12....       LCALL   ?BDISPATCH
   \   000003   ......       DC24    macSrcMatchCheckSrcAddr

   \                                 In  segment BANK_RELAYS, align 1
   \                     ??macSrcMatchSetPendEnBit?relay:
   \   000000   12....       LCALL   ?BDISPATCH
   \   000003   ......       DC24    macSrcMatchSetPendEnBit

   \                                 In  segment BANK_RELAYS, align 1
   \                     ??macSrcMatchSetEnableBit?relay:
   \   000000   12....       LCALL   ?BDISPATCH
   \   000003   ......       DC24    macSrcMatchSetEnableBit

   \                                 In  segment BANK_RELAYS, align 1
   \                     ??macSrcMatchCheckEnableBit?relay:
   \   000000   12....       LCALL   ?BDISPATCH
   \   000003   ......       DC24    macSrcMatchCheckEnableBit

   \                                 In  segment BANK_RELAYS, align 1
   \                     ??macSrcMatchGetEnableBit?relay:
   \   000000   12....       LCALL   ?BDISPATCH
   \   000003   ......       DC24    macSrcMatchGetEnableBit

   \                                 In  segment BANK_RELAYS, align 1
   \                     ??macSrcMatchGetPendEnBit?relay:
   \   000000   12....       LCALL   ?BDISPATCH
   \   000003   ......       DC24    macSrcMatchGetPendEnBit
    594          
    595          

   Maximum stack usage in bytes:

     Function                       ISTACK PSTACK XSTACK
     --------                       ------ ------ ------
     MAC_SrcMatchAckAllPending          2      0      0
     MAC_SrcMatchAddEntry               1      0     18
       -> macSrcMatchCheckSrcAddr       0      0     36
       -> macSrcMatchFindEmptyEntry     0      0     36
       -> macMemWriteRam                0      0     36
       -> macMemWriteRam                0      0     36
       -> macSrcMatchSetPendEnBit       0      0     36
       -> macSrcMatchSetEnableBit       0      0     36
     MAC_SrcMatchCheckAllPending        2      0      0
     MAC_SrcMatchCheckResult            2      0      0
     MAC_SrcMatchDeleteEntry            2      0      0
       -> macSrcMatchCheckSrcAddr       4      0      0
       -> macSrcMatchSetEnableBit       4      0      0
     MAC_SrcMatchEnable                 2      0      0
     macSrcMatchCheckEnableBit          0      0     43
       -> macSrcMatchGetEnableBit       0      0     32
     macSrcMatchCheckSrcAddr            1      0     48
       -> macSrcMatchCheckEnableBit     0      0     54
       -> macMemReadRam                 0      0     54
       -> osal_memcmp                   0      0     60
     macSrcMatchFindEmptyEntry          0      0     38
       -> macSrcMatchGetEnableBit       0      0     40
     macSrcMatchGetEnableBit            2      0     23
       -> macMemReadRam                 4      0      6
       -> macMemReadRam                 4      0      6
       -> osal_build_uint32             4      0      6
     macSrcMatchGetPendEnBit            2      0     22
       -> macMemReadRam                 4      0      6
       -> macMemReadRam                 4      0      6
       -> osal_build_uint32             4      0      6
     macSrcMatchSetEnableBit            0      0     38
       -> macSrcMatchGetEnableBit       0      0     32
       -> osal_buffer_uint24            0      0     40
       -> osal_buffer_uint24            0      0     40
       -> osal_buffer_uint24            0      0     40
       -> osal_buffer_uint24            0      0     40
     macSrcMatchSetPendEnBit            0      0     41
       -> macSrcMatchGetPendEnBit       0      0     38
       -> osal_buffer_uint24            0      0     46
       -> macMemWriteRam                0      0     38
       -> osal_buffer_uint24            0      0     46
       -> macMemWriteRam                0      0     38


   Segment part sizes:

     Function/Label                         Bytes
     --------------                         -----
     macSrcMatchIsEnabled                      1
     macSrcMatchMaxNumEntries                  1
     macSrcMatchAddrMode                       1
     macSrcMatchIsAckAllPending                1
     MAC_SrcMatchEnable                       92
     MAC_SrcMatchAddEntry                    213
     MAC_SrcMatchDeleteEntry                  55
     MAC_SrcMatchAckAllPending                39
     MAC_SrcMatchCheckAllPending              25
     MAC_SrcMatchCheckResult                  30
     macSrcMatchFindEmptyEntry               143
     macSrcMatchCheckSrcAddr                 209
     macSrcMatchSetPendEnBit                 160
     macSrcMatchSetEnableBit                 163
     macSrcMatchCheckEnableBit                76
     macSrcMatchGetEnableBit                  67
     macSrcMatchGetPendEnBit                  67
     ?<Initializer for macSrcMatchAddrMode>    1
     ??MAC_SrcMatchEnable?relay                6
     ??MAC_SrcMatchAddEntry?relay              6
     ??MAC_SrcMatchDeleteEntry?relay           6
     ??MAC_SrcMatchAckAllPending?relay         6
     ??MAC_SrcMatchCheckAllPending?relay       6
     ??MAC_SrcMatchCheckResult?relay           6
     ??macSrcMatchFindEmptyEntry?relay         6
     ??macSrcMatchCheckSrcAddr?relay           6
     ??macSrcMatchSetPendEnBit?relay           6
     ??macSrcMatchSetEnableBit?relay           6
     ??macSrcMatchCheckEnableBit?relay         6
     ??macSrcMatchGetEnableBit?relay           6
     ??macSrcMatchGetPendEnBit?relay           6

 
 1 339 bytes in segment BANKED_CODE
    78 bytes in segment BANK_RELAYS
     1 byte  in segment XDATA_I
     1 byte  in segment XDATA_ID
     3 bytes in segment XDATA_Z
 
 1 418 bytes of CODE  memory
     4 bytes of XDATA memory

Errors: none
Warnings: none
