###############################################################################
#                                                                             #
# IAR C/C++ Compiler V8.10.3.10338/W32 for 8051         16/Dec/2020  21:43:28 #
# Copyright 2004-2011 IAR Systems AB.                                         #
#                                                                             #
#    Core               =  plain                                              #
#    Code model         =  banked                                             #
#    Data model         =  large                                              #
#    Calling convention =  xdata reentrant                                    #
#    Constant location  =  data_rom                                           #
#    Dptr setup         =  1,16                                               #
#    Source file        =  E:\³£ÓÃÄ£¿éÊµÑé\ZigBeeÍ¨ÐÅÊµÑé\3.ZigBeeÍøÂç´«Êä³¬É #
#                          ù²¨Êý¾ÝÊµÑé\Components\hal\common\hal_drivers.c    #
#    Command line       =  -f E:\³£ÓÃÄ£¿éÊµÑé\ZigBeeÍ¨ÐÅÊµÑé\3.ZigBeeÍøÂç´«Êä #
#                          ³¬Éù²¨Êý¾ÝÊµÑé\Projects\zstack\Samples\SampleApp\C #
#                          C2530DB\..\..\..\Tools\CC2530DB\f8wEndev.cfg       #
#                          (-DCPU32MHZ -DROOT=__near_func -DBLINK_LEDS) -f    #
#                          E:\³£ÓÃÄ£¿éÊµÑé\ZigBeeÍ¨ÐÅÊµÑé\3.ZigBeeÍøÂç´«Êä³¬É #
#                          ù²¨Êý¾ÝÊµÑé\Projects\zstack\Samples\SampleApp\CC25 #
#                          30DB\..\..\..\Tools\CC2530DB\f8wConfig.cfg         #
#                          (-DSECURE=0 -DZG_SECURE_DYNAMIC=0 -DREFLECTOR      #
#                          -DDEFAULT_CHANLIST=0x00000800                      #
#                          -DZDAPP_CONFIG_PAN_ID=0xFF11                       #
#                          -DNWK_START_DELAY=100 -DEXTENDED_JOINING_RANDOM_MA #
#                          SK=0x007F -DBEACON_REQUEST_DELAY=100               #
#                          -DBEACON_REQ_DELAY_MASK=0x00FF                     #
#                          -DROUTE_EXPIRY_TIME=30 -DAPSC_ACK_WAIT_DURATION_PO #
#                          LLED=3000 -DNWK_INDIRECT_MSG_TIMEOUT=7             #
#                          -DMAX_RREQ_ENTRIES=8 -DAPSC_MAX_FRAME_RETRIES=3    #
#                          -DNWK_MAX_DATA_RETRIES=2                           #
#                          -DMAX_POLL_FAILURE_RETRIES=2 -DMAX_BCAST=9         #
#                          -DAPS_MAX_GROUPS=16 -DMAX_RTG_ENTRIES=40           #
#                          -DNWK_MAX_BINDING_ENTRIES=4                        #
#                          -DMAX_BINDING_CLUSTER_IDS=4 "-DDEFAULT_KEY={0x01,  #
#                          0x03, 0x05, 0x07, 0x09, 0x0B, 0x0D, 0x0F, 0x00,    #
#                          0x02, 0x04, 0x06, 0x08, 0x0A, 0x0C, 0x0D}"         #
#                          -DMAC_MAX_FRAME_SIZE=116 "-DCONST=const __code"    #
#                          -DGENERIC=__generic -DRFD_RCVC_ALWAYS_ON=FALSE     #
#                          -DPOLL_RATE=1000 -DQUEUED_POLL_RATE=100            #
#                          -DRESPONSE_POLL_RATE=100) -DREJOIN_POLL_RATE=440   #
#                          E:\³£ÓÃÄ£¿éÊµÑé\ZigBeeÍ¨ÐÅÊµÑé\3.ZigBeeÍøÂç´«Êä³¬É #
#                          ù²¨Êý¾ÝÊµÑé\Components\hal\common\hal_drivers.c    #
#                          -D NWK_AUTO_POLL -D ZTOOL_P1 -D MT_SYS_FUNC -D     #
#                          MT_ZDO_FUNC -D LCD_SUPPORTED=DEBUG -lC             #
#                          E:\³£ÓÃÄ£¿éÊµÑé\ZigBeeÍ¨ÐÅÊµÑé\3.ZigBeeÍøÂç´«Êä³¬É #
#                          ù²¨Êý¾ÝÊµÑé\Projects\zstack\Samples\SampleApp\CC25 #
#                          30DB\EndDeviceEB\List\ -lA                         #
#                          E:\³£ÓÃÄ£¿éÊµÑé\ZigBeeÍ¨ÐÅÊµÑé\3.ZigBeeÍøÂç´«Êä³¬É #
#                          ù²¨Êý¾ÝÊµÑé\Projects\zstack\Samples\SampleApp\CC25 #
#                          30DB\EndDeviceEB\List\ --diag_suppress             #
#                          Pe001,Pa010 -o E:\³£ÓÃÄ£¿éÊµÑé\ZigBeeÍ¨ÐÅÊµÑé\3.Zi #
#                          gBeeÍøÂç´«Êä³¬Éù²¨Êý¾ÝÊµÑé\Projects\zstack\Samples #
#                          \SampleApp\CC2530DB\EndDeviceEB\Obj\ -e            #
#                          --no_unroll --no_inline --no_tbaa --debug          #
#                          --core=plain --dptr=16,1 --data_model=large        #
#                          --code_model=banked --calling_convention=xdata_ree #
#                          ntrant --place_constants=data_rom                  #
#                          --nr_virtual_regs 16 -I E:\³£ÓÃÄ£¿éÊµÑé\ZigBeeÍ¨ÐÅ #
#                          ÊµÑé\3.ZigBeeÍøÂç´«Êä³¬Éù²¨Êý¾ÝÊµÑé\Projects\zstac #
#                          k\Samples\SampleApp\CC2530DB\ -I                   #
#                          E:\³£ÓÃÄ£¿éÊµÑé\ZigBeeÍ¨ÐÅÊµÑé\3.ZigBeeÍøÂç´«Êä³¬É #
#                          ù²¨Êý¾ÝÊµÑé\Projects\zstack\Samples\SampleApp\CC25 #
#                          30DB\..\SOURCE\ -I E:\³£ÓÃÄ£¿éÊµÑé\ZigBeeÍ¨ÐÅÊµÑé\ #
#                          3.ZigBeeÍøÂç´«Êä³¬Éù²¨Êý¾ÝÊµÑé\Projects\zstack\Sam #
#                          ples\SampleApp\CC2530DB\..\..\..\ZMAIN\TI2530DB\   #
#                          -I E:\³£ÓÃÄ£¿éÊµÑé\ZigBeeÍ¨ÐÅÊµÑé\3.ZigBeeÍøÂç´«Êä #
#                          ³¬Éù²¨Êý¾ÝÊµÑé\Projects\zstack\Samples\SampleApp\C #
#                          C2530DB\..\..\..\..\..\COMPONENTS\MT\ -I           #
#                          E:\³£ÓÃÄ£¿éÊµÑé\ZigBeeÍ¨ÐÅÊµÑé\3.ZigBeeÍøÂç´«Êä³¬É #
#                          ù²¨Êý¾ÝÊµÑé\Projects\zstack\Samples\SampleApp\CC25 #
#                          30DB\..\..\..\..\..\COMPONENTS\HAL\INCLUDE\ -I     #
#                          E:\³£ÓÃÄ£¿éÊµÑé\ZigBeeÍ¨ÐÅÊµÑé\3.ZigBeeÍøÂç´«Êä³¬É #
#                          ù²¨Êý¾ÝÊµÑé\Projects\zstack\Samples\SampleApp\CC25 #
#                          30DB\..\..\..\..\..\COMPONENTS\HAL\TARGET\CC2530EB #
#                          \ -I E:\³£ÓÃÄ£¿éÊµÑé\ZigBeeÍ¨ÐÅÊµÑé\3.ZigBeeÍøÂç´« #
#                          Êä³¬Éù²¨Êý¾ÝÊµÑé\Projects\zstack\Samples\SampleApp #
#                          \CC2530DB\..\..\..\..\..\COMPONENTS\OSAL\MCU\CCSOC #
#                          \ -I E:\³£ÓÃÄ£¿éÊµÑé\ZigBeeÍ¨ÐÅÊµÑé\3.ZigBeeÍøÂç´« #
#                          Êä³¬Éù²¨Êý¾ÝÊµÑé\Projects\zstack\Samples\SampleApp #
#                          \CC2530DB\..\..\..\..\..\COMPONENTS\OSAL\INCLUDE\  #
#                          -I E:\³£ÓÃÄ£¿éÊµÑé\ZigBeeÍ¨ÐÅÊµÑé\3.ZigBeeÍøÂç´«Êä #
#                          ³¬Éù²¨Êý¾ÝÊµÑé\Projects\zstack\Samples\SampleApp\C #
#                          C2530DB\..\..\..\..\..\COMPONENTS\STACK\AF\ -I     #
#                          E:\³£ÓÃÄ£¿éÊµÑé\ZigBeeÍ¨ÐÅÊµÑé\3.ZigBeeÍøÂç´«Êä³¬É #
#                          ù²¨Êý¾ÝÊµÑé\Projects\zstack\Samples\SampleApp\CC25 #
#                          30DB\..\..\..\..\..\COMPONENTS\STACK\NWK\ -I       #
#                          E:\³£ÓÃÄ£¿éÊµÑé\ZigBeeÍ¨ÐÅÊµÑé\3.ZigBeeÍøÂç´«Êä³¬É #
#                          ù²¨Êý¾ÝÊµÑé\Projects\zstack\Samples\SampleApp\CC25 #
#                          30DB\..\..\..\..\..\COMPONENTS\STACK\SEC\ -I       #
#                          E:\³£ÓÃÄ£¿éÊµÑé\ZigBeeÍ¨ÐÅÊµÑé\3.ZigBeeÍøÂç´«Êä³¬É #
#                          ù²¨Êý¾ÝÊµÑé\Projects\zstack\Samples\SampleApp\CC25 #
#                          30DB\..\..\..\..\..\COMPONENTS\STACK\SAPI\ -I      #
#                          E:\³£ÓÃÄ£¿éÊµÑé\ZigBeeÍ¨ÐÅÊµÑé\3.ZigBeeÍøÂç´«Êä³¬É #
#                          ù²¨Êý¾ÝÊµÑé\Projects\zstack\Samples\SampleApp\CC25 #
#                          30DB\..\..\..\..\..\COMPONENTS\STACK\SYS\ -I       #
#                          E:\³£ÓÃÄ£¿éÊµÑé\ZigBeeÍ¨ÐÅÊµÑé\3.ZigBeeÍøÂç´«Êä³¬É #
#                          ù²¨Êý¾ÝÊµÑé\Projects\zstack\Samples\SampleApp\CC25 #
#                          30DB\..\..\..\..\..\COMPONENTS\STACK\ZDO\ -I       #
#                          E:\³£ÓÃÄ£¿éÊµÑé\ZigBeeÍ¨ÐÅÊµÑé\3.ZigBeeÍøÂç´«Êä³¬É #
#                          ù²¨Êý¾ÝÊµÑé\Projects\zstack\Samples\SampleApp\CC25 #
#                          30DB\..\..\..\..\..\COMPONENTS\ZMAC\F8W\ -I        #
#                          E:\³£ÓÃÄ£¿éÊµÑé\ZigBeeÍ¨ÐÅÊµÑé\3.ZigBeeÍøÂç´«Êä³¬É #
#                          ù²¨Êý¾ÝÊµÑé\Projects\zstack\Samples\SampleApp\CC25 #
#                          30DB\..\..\..\..\..\COMPONENTS\ZMAC\ -I            #
#                          E:\³£ÓÃÄ£¿éÊµÑé\ZigBeeÍ¨ÐÅÊµÑé\3.ZigBeeÍøÂç´«Êä³¬É #
#                          ù²¨Êý¾ÝÊµÑé\Projects\zstack\Samples\SampleApp\CC25 #
#                          30DB\..\..\..\..\..\COMPONENTS\SERVICES\SADDR\ -I  #
#                          E:\³£ÓÃÄ£¿éÊµÑé\ZigBeeÍ¨ÐÅÊµÑé\3.ZigBeeÍøÂç´«Êä³¬É #
#                          ù²¨Êý¾ÝÊµÑé\Projects\zstack\Samples\SampleApp\CC25 #
#                          30DB\..\..\..\..\..\COMPONENTS\SERVICES\SDATA\ -I  #
#                          E:\³£ÓÃÄ£¿éÊµÑé\ZigBeeÍ¨ÐÅÊµÑé\3.ZigBeeÍøÂç´«Êä³¬É #
#                          ù²¨Êý¾ÝÊµÑé\Projects\zstack\Samples\SampleApp\CC25 #
#                          30DB\..\..\..\..\..\COMPONENTS\MAC\INCLUDE\ -I     #
#                          E:\³£ÓÃÄ£¿éÊµÑé\ZigBeeÍ¨ÐÅÊµÑé\3.ZigBeeÍøÂç´«Êä³¬É #
#                          ù²¨Êý¾ÝÊµÑé\Projects\zstack\Samples\SampleApp\CC25 #
#                          30DB\..\..\..\..\..\COMPONENTS\MAC\HIGH_LEVEL\ -I  #
#                          E:\³£ÓÃÄ£¿éÊµÑé\ZigBeeÍ¨ÐÅÊµÑé\3.ZigBeeÍøÂç´«Êä³¬É #
#                          ù²¨Êý¾ÝÊµÑé\Projects\zstack\Samples\SampleApp\CC25 #
#                          30DB\..\..\..\..\..\COMPONENTS\MAC\LOW_LEVEL\srf04 #
#                          \ -I E:\³£ÓÃÄ£¿éÊµÑé\ZigBeeÍ¨ÐÅÊµÑé\3.ZigBeeÍøÂç´« #
#                          Êä³¬Éù²¨Êý¾ÝÊµÑé\Projects\zstack\Samples\SampleApp #
#                          \CC2530DB\..\..\..\..\..\COMPONENTS\MAC\LOW_LEVEL\ #
#                          srf04\SINGLE_CHIP\ -I E:\³£ÓÃÄ£¿éÊµÑé\ZigBeeÍ¨ÐÅÊµ #
#                          Ñé\3.ZigBeeÍøÂç´«Êä³¬Éù²¨Êý¾ÝÊµÑé\Projects\zstack\ #
#                          Samples\SampleApp\CC2530DB\..\..\..\..\..\COMPONEN #
#                          TS\HARDWARE\ -Om                                   #
#    List file          =  E:\³£ÓÃÄ£¿éÊµÑé\ZigBeeÍ¨ÐÅÊµÑé\3.ZigBeeÍøÂç´«Êä³¬É #
#                          ù²¨Êý¾ÝÊµÑé\Projects\zstack\Samples\SampleApp\CC25 #
#                          30DB\EndDeviceEB\List\hal_drivers.lst              #
#    Object file        =  E:\³£ÓÃÄ£¿éÊµÑé\ZigBeeÍ¨ÐÅÊµÑé\3.ZigBeeÍøÂç´«Êä³¬É #
#                          ù²¨Êý¾ÝÊµÑé\Projects\zstack\Samples\SampleApp\CC25 #
#                          30DB\EndDeviceEB\Obj\hal_drivers.r51               #
#                                                                             #
#                                                                             #
###############################################################################

E:\³£ÓÃÄ£¿éÊµÑé\ZigBeeÍ¨ÐÅÊµÑé\3.ZigBeeÍøÂç´«Êä³¬Éù²¨Êý¾ÝÊµÑé\Components\hal\common\hal_drivers.c
      1          /**************************************************************************************************
      2            Filename:       hal_drivers.c
      3            Revised:        $Date: 2007-07-06 10:42:24 -0700 (Fri, 06 Jul 2007) $
      4            Revision:       $Revision: 13579 $
      5          
      6            Description:    This file contains the interface to the Drivers Service.
      7          
      8          
      9            Copyright 2005-2009 Texas Instruments Incorporated. All rights reserved.
     10          
     11            IMPORTANT: Your use of this Software is limited to those specific rights
     12            granted under the terms of a software license agreement between the user
     13            who downloaded the software, his/her employer (which must be your employer)
     14            and Texas Instruments Incorporated (the "License").  You may not use this
     15            Software unless you agree to abide by the terms of the License. The License
     16            limits your use, and you acknowledge, that the Software may not be modified,
     17            copied or distributed unless embedded on a Texas Instruments microcontroller
     18            or used solely and exclusively in conjunction with a Texas Instruments radio
     19            frequency transceiver, which is integrated into your product.  Other than for
     20            the foregoing purpose, you may not use, reproduce, copy, prepare derivative
     21            works of, modify, distribute, perform, display or sell this Software and/or
     22            its documentation for any purpose.
     23          
     24            YOU FURTHER ACKNOWLEDGE AND AGREE THAT THE SOFTWARE AND DOCUMENTATION ARE
     25            PROVIDED “AS IS?WITHOUT WARRANTY OF ANY KIND, EITHER EXPRESS OR IMPLIED,
     26            INCLUDING WITHOUT LIMITATION, ANY WARRANTY OF MERCHANTABILITY, TITLE,
     27            NON-INFRINGEMENT AND FITNESS FOR A PARTICULAR PURPOSE. IN NO EVENT SHALL
     28            TEXAS INSTRUMENTS OR ITS LICENSORS BE LIABLE OR OBLIGATED UNDER CONTRACT,
     29            NEGLIGENCE, STRICT LIABILITY, CONTRIBUTION, BREACH OF WARRANTY, OR OTHER
     30            LEGAL EQUITABLE THEORY ANY DIRECT OR INDIRECT DAMAGES OR EXPENSES
     31            INCLUDING BUT NOT LIMITED TO ANY INCIDENTAL, SPECIAL, INDIRECT, PUNITIVE
     32            OR CONSEQUENTIAL DAMAGES, LOST PROFITS OR LOST DATA, COST OF PROCUREMENT
     33            OF SUBSTITUTE GOODS, TECHNOLOGY, SERVICES, OR ANY CLAIMS BY THIRD PARTIES
     34            (INCLUDING BUT NOT LIMITED TO ANY DEFENSE THEREOF), OR OTHER SIMILAR COSTS.
     35          
     36            Should you have any questions regarding your right to use this Software,
     37            contact Texas Instruments Incorporated at www.TI.com.
     38          **************************************************************************************************/
     39          
     40          
     41          /**************************************************************************************************
     42           *                                            INCLUDES
     43           **************************************************************************************************/
     44          #include "hal_types.h"
     45          #include "OSAL.h"
     46          #include "hal_drivers.h"
     47          #include "hal_adc.h"
     48          #if (defined HAL_DMA) && (HAL_DMA == TRUE)
     49            #include "hal_dma.h"
     50          #endif
     51          #include "hal_flash.h"
     52          #include "hal_key.h"
     53          #include "hal_lcd.h"
     54          #include "hal_led.h"
     55          #include "hal_timer.h"
     56          #include "hal_uart.h"
     57          #include "hal_sleep.h"
     58          
     59          #include "OLED.h"
     60          #include "bottom_led.h"
     61          #include "SHT20.h"
     62          #include "UART2RS485.h"
     63          #include "Fan.h"
     64          
     65          #if (defined HAL_AES) && (HAL_AES == TRUE)
     66            #include "hal_aes.h"
     67          #endif
     68          
     69          #if (defined HAL_SPI) && (HAL_SPI == TRUE)
     70            #include "hal_spi.h"
     71          #endif
     72          #if (defined HAL_HID) && (HAL_HID == TRUE)
     73            #include "usb_hid.h"
     74          #endif
     75          
     76          /**************************************************************************************************
     77           *                                            MACROS
     78           **************************************************************************************************/
     79          
     80          
     81          
     82          /**************************************************************************************************
     83           *                                          CONSTANTS
     84           **************************************************************************************************/
     85          
     86          
     87          /**************************************************************************************************
     88           *                                          TYPEDEFS
     89           **************************************************************************************************/
     90          
     91          
     92          /**************************************************************************************************
     93           *                                      GLOBAL VARIABLES
     94           **************************************************************************************************/

   \                                 In  segment XDATA_Z, align 1, keep-with-next
     95          uint8 Hal_TaskID;
   \                     Hal_TaskID:
   \   000000                DS 1
   \   000001                REQUIRE __INIT_XDATA_Z
     96          
     97          extern void HalLedUpdate( void ); /* Notes: This for internal only so it shouldn't be in hal_led.h */
     98          
     99          /**************************************************************************************************
    100           *                                      FUNCTIONS - API
    101           **************************************************************************************************/
    102          
    103          /**************************************************************************************************
    104           * @fn      Hal_Init
    105           *
    106           * @brief   Hal Initialization function.
    107           *
    108           * @param   task_id - Hal TaskId
    109           *
    110           * @return  None
    111           **************************************************************************************************/

   \                                 In  segment BANKED_CODE, align 1, keep-with-next
    112          void Hal_Init( uint8 task_id )
   \                     Hal_Init:
    113          {
   \   000000   C082         PUSH    DPL
   \   000002   C083         PUSH    DPH
   \   000004                ; Saved register size: 2
   \   000004                ; Auto size: 0
    114            /* Register task ID */
    115            Hal_TaskID = task_id;
   \   000004   E9           MOV     A,R1
   \   000005   90....       MOV     DPTR,#Hal_TaskID
   \   000008   F0           MOVX    @DPTR,A
    116          }
   \   000009   D083         POP     DPH
   \   00000B   D082         POP     DPL
   \   00000D   02....       LJMP    ?BRET
    117          
    118          /**************************************************************************************************
    119           * @fn      Hal_DriverInit
    120           *
    121           * @brief   Initialize HW - These need to be initialized before anyone.
    122           *
    123           * @param   task_id - Hal TaskId
    124           *
    125           * @return  None
    126           **************************************************************************************************/

   \                                 In  segment BANKED_CODE, align 1, keep-with-next
    127          void HalDriverInit (void)
   \                     HalDriverInit:
    128          {
   \   000000   C082         PUSH    DPL
   \   000002   C083         PUSH    DPH
   \   000004                ; Saved register size: 2
   \   000004                ; Auto size: 0
    129            /* TIMER */
    130          #if (defined HAL_TIMER) && (HAL_TIMER == TRUE)
    131            HalTimerInit();
    132          #endif
    133          
    134            /* ADC */
    135          #if (defined HAL_ADC) && (HAL_ADC == TRUE)
    136            HalAdcInit();
   \   000004                ; Setup parameters for call to function HalAdcInit
   \   000004   12....       LCALL   ??HalAdcInit?relay
    137          #endif
    138          
    139            /* DMA */
    140          #if (defined HAL_DMA) && (HAL_DMA == TRUE)
    141            // Must be called before the init call to any module that uses DMA.
    142            HalDmaInit();
   \   000007                ; Setup parameters for call to function HalDmaInit
   \   000007   12....       LCALL   ??HalDmaInit?relay
    143          #endif
    144          
    145            /* Flash */
    146          #if (defined HAL_FLASH) && (HAL_FLASH == TRUE)
    147            // Must be called before the init call to any module that uses Flash access or NV.
    148            HalFlashInit();
   \   00000A                ; Setup parameters for call to function HalFlashInit
   \   00000A   12....       LCALL   ??HalFlashInit?relay
    149          #endif
    150          
    151            /* AES */
    152          #if (defined HAL_AES) && (HAL_AES == TRUE)
    153            HalAesInit();
   \   00000D                ; Setup parameters for call to function HalAesInit
   \   00000D   12....       LCALL   ??HalAesInit?relay
    154          #endif
    155          
    156          //  /* LCD */
    157          //#if (defined HAL_LCD) && (HAL_LCD == TRUE)
    158          //  HalLcdInit();
    159          //#endif
    160          
    161            /* LED */
    162          //#if (defined HAL_LED) && (HAL_LED == TRUE)
    163          //  HalLedInit();
    164          //#endif
    165          
    166            /* UART */
    167          #if (defined HAL_UART) && (HAL_UART == TRUE)
    168            HalUARTInit();
   \   000010                ; Setup parameters for call to function HalUARTInit
   \   000010   12....       LCALL   ??HalUARTInit?relay
    169          #endif
    170          
    171          //  /* KEY */
    172          //#if (defined HAL_KEY) && (HAL_KEY == TRUE)
    173          //  //HalKeyInit();  
    174          //#endif
    175          
    176            /* SPI */
    177          #if (defined HAL_SPI) && (HAL_SPI == TRUE)
    178            HalSpiInit();
    179          #endif
    180          
    181            /* HID */
    182          #if (defined HAL_HID) && (HAL_HID == TRUE)
    183            usbHidInit();
    184          #endif
    185            
    186          //   OLED_Init(); //OLED³õÊ¼»¯  
    187          //   SHT2x_Init();//³õÊ¼»¯ÎÂ¶È´«¸ÐÆ÷
    188          //   bottom_led_init(); //³õÊ¼»¯µ×²¿LED
    189          //   UART2RS485_Init(); //RS485 UART1 ³õÊ¼»¯
    190          }
   \   000013   D083         POP     DPH
   \   000015   D082         POP     DPL
   \   000017   02....       LJMP    ?BRET
    191          
    192          
    193          /**************************************************************************************************
    194           * @fn      Hal_ProcessEvent
    195           *
    196           * @brief   Hal Process Event
    197           *
    198           * @param   task_id - Hal TaskId
    199           *          events - events
    200           *
    201           * @return  None
    202           **************************************************************************************************/

   \                                 In  segment BANKED_CODE, align 1, keep-with-next
    203          uint16 Hal_ProcessEvent( uint8 task_id, uint16 events )
   \                     Hal_ProcessEvent:
    204          {
   \   000000   74F6         MOV     A,#-0xa
   \   000002   12....       LCALL   ?BANKED_ENTER_XDATA
   \   000005                ; Saved register size: 10
   \   000005                ; Auto size: 0
   \   000005   EA           MOV     A,R2
   \   000006   FE           MOV     R6,A
   \   000007   EB           MOV     A,R3
   \   000008   FF           MOV     R7,A
    205            uint8 *msgPtr;
    206            
    207            (void)task_id;  // Intentionally unreferenced parameter
    208          
    209            if ( events & SYS_EVENT_MSG )
   \   000009   5480         ANL     A,#0x80
   \   00000B   6019         JZ      ??Hal_ProcessEvent_0
    210            {
    211              msgPtr = osal_msg_receive(Hal_TaskID);
   \   00000D                ; Setup parameters for call to function osal_msg_receive
   \   00000D   8003         SJMP    ??Hal_ProcessEvent_1
    212          
    213              while (msgPtr)
    214              {
    215                /* Do something here - for now, just deallocate the msg and move on */
    216          
    217                /* De-allocate */
    218                osal_msg_deallocate( msgPtr );
   \                     ??Hal_ProcessEvent_2:
   \   00000F                ; Setup parameters for call to function osal_msg_deallocate
   \   00000F   12....       LCALL   ??osal_msg_deallocate?relay
    219                /* Next */
    220                msgPtr = osal_msg_receive( Hal_TaskID );
   \   000012                ; Setup parameters for call to function osal_msg_receive
   \                     ??Hal_ProcessEvent_1:
   \   000012   90....       MOV     DPTR,#Hal_TaskID
   \   000015   E0           MOVX    A,@DPTR
   \   000016   F9           MOV     R1,A
   \   000017   12....       LCALL   ??osal_msg_receive?relay
    221              }
   \   00001A   EA           MOV     A,R2
   \   00001B   4B           ORL     A,R3
   \   00001C   70F1         JNZ     ??Hal_ProcessEvent_2
    222              return events ^ SYS_EVENT_MSG;
   \   00001E   EE           MOV     A,R6
   \   00001F   FA           MOV     R2,A
   \   000020   EF           MOV     A,R7
   \   000021   6480         XRL     A,#0x80
   \                     ??Hal_ProcessEvent_3:
   \   000023   FB           MOV     R3,A
   \   000024   8036         SJMP    ??Hal_ProcessEvent_4
    223            }
    224          
    225            if ( events & HAL_LED_BLINK_EVENT )
   \                     ??Hal_ProcessEvent_0:
   \   000026   EE           MOV     A,R6
   \   000027   5402         ANL     A,#0x2
   \   000029   600A         JZ      ??Hal_ProcessEvent_5
    226            {
    227          #if (defined (BLINK_LEDS)) && (HAL_LED == TRUE)
    228              HalLedUpdate();
   \   00002B                ; Setup parameters for call to function HalLedUpdate
   \   00002B   12....       LCALL   ??HalLedUpdate?relay
    229          #endif /* BLINK_LEDS && HAL_LED */
    230              return events ^ HAL_LED_BLINK_EVENT;
   \   00002E   EE           MOV     A,R6
   \   00002F   6402         XRL     A,#0x2
   \                     ??Hal_ProcessEvent_6:
   \   000031   FA           MOV     R2,A
   \   000032   EF           MOV     A,R7
   \   000033   80EE         SJMP    ??Hal_ProcessEvent_3
    231            }
    232          
    233            if (events & HAL_KEY_EVENT)
   \                     ??Hal_ProcessEvent_5:
   \   000035   EE           MOV     A,R6
   \   000036   A2E0         MOV     C,0xE0 /* A   */.0
   \   000038   501E         JNC     ??Hal_ProcessEvent_7
    234            {
    235          
    236          #if (defined HAL_KEY) && (HAL_KEY == TRUE)
    237              /* Check for keys */
    238              HalKeyPoll();
   \   00003A                ; Setup parameters for call to function HalKeyPoll
   \   00003A   12....       LCALL   ??HalKeyPoll?relay
    239          
    240              /* if interrupt disabled, do next polling */
    241              if (!Hal_KeyIntEnable)
   \   00003D   90....       MOV     DPTR,#Hal_KeyIntEnable
   \   000040   E0           MOVX    A,@DPTR
   \   000041   7010         JNZ     ??Hal_ProcessEvent_8
    242              {
    243                osal_start_timerEx( Hal_TaskID, HAL_KEY_EVENT, 100);
   \   000043                ; Setup parameters for call to function osal_start_timerEx
   \   000043   7C64         MOV     R4,#0x64
   \   000045   7D00         MOV     R5,#0x0
   \   000047   7A01         MOV     R2,#0x1
   \   000049   7B00         MOV     R3,#0x0
   \   00004B   90....       MOV     DPTR,#Hal_TaskID
   \   00004E   E0           MOVX    A,@DPTR
   \   00004F   F9           MOV     R1,A
   \   000050   12....       LCALL   ??osal_start_timerEx?relay
    244              }
    245          #endif // HAL_KEY
    246          
    247              return events ^ HAL_KEY_EVENT;
   \                     ??Hal_ProcessEvent_8:
   \   000053   EE           MOV     A,R6
   \   000054   6401         XRL     A,#0x1
   \   000056   80D9         SJMP    ??Hal_ProcessEvent_6
    248            }
    249          
    250          #ifdef POWER_SAVING
    251            if ( events & HAL_SLEEP_TIMER_EVENT )
    252            {
    253              halRestoreSleepLevel();
    254              return events ^ HAL_SLEEP_TIMER_EVENT;
    255            }
    256          #endif
    257          
    258            /* Nothing interested, discard the message */
    259            return 0;
   \                     ??Hal_ProcessEvent_7:
   \   000058   7A00         MOV     R2,#0x0
   \   00005A   7B00         MOV     R3,#0x0
   \                     ??Hal_ProcessEvent_4:
   \   00005C   7F02         MOV     R7,#0x2
   \   00005E   02....       LJMP    ?BANKED_LEAVE_XDATA
    260          
    261          }
    262          
    263          /**************************************************************************************************
    264           * @fn      Hal_ProcessPoll
    265           *
    266           * @brief   This routine will be called by OSAL to poll UART, TIMER...
    267           *
    268           * @param   task_id - Hal TaskId
    269           *
    270           * @return  None
    271           **************************************************************************************************/

   \                                 In  segment BANKED_CODE, align 1, keep-with-next
    272          void Hal_ProcessPoll ()
   \                     Hal_ProcessPoll:
    273          {
   \   000000   C082         PUSH    DPL
   \   000002   C083         PUSH    DPH
   \   000004                ; Saved register size: 2
   \   000004                ; Auto size: 0
    274          
    275            /* Timer Poll */
    276          #if (defined HAL_TIMER) && (HAL_TIMER == TRUE)
    277            HalTimerTick();
    278          #endif
    279          
    280            /* UART Poll */
    281          #if (defined HAL_UART) && (HAL_UART == TRUE)
    282            HalUARTPoll();
   \   000004                ; Setup parameters for call to function HalUARTPoll
   \   000004   12....       LCALL   ??HalUARTPoll?relay
    283          #endif  
    284          
    285            /* SPI Poll */
    286          #if (defined HAL_SPI) && (HAL_SPI == TRUE)
    287            HalSpiPoll();
    288          #endif
    289          
    290            /* HID poll */
    291          #if (defined HAL_HID) && (HAL_HID == TRUE)
    292            usbHidProcessEvents();
    293          #endif
    294          
    295          }
   \   000007   D083         POP     DPH
   \   000009   D082         POP     DPL
   \   00000B   02....       LJMP    ?BRET

   \                                 In  segment BANK_RELAYS, align 1
   \                     ??Hal_Init?relay:
   \   000000   12....       LCALL   ?BDISPATCH
   \   000003   ......       DC24    Hal_Init

   \                                 In  segment BANK_RELAYS, align 1
   \                     ??HalDriverInit?relay:
   \   000000   12....       LCALL   ?BDISPATCH
   \   000003   ......       DC24    HalDriverInit

   \                                 In  segment BANK_RELAYS, align 1
   \                     ??Hal_ProcessEvent?relay:
   \   000000   12....       LCALL   ?BDISPATCH
   \   000003   ......       DC24    Hal_ProcessEvent

   \                                 In  segment BANK_RELAYS, align 1
   \                     ??Hal_ProcessPoll?relay:
   \   000000   12....       LCALL   ?BDISPATCH
   \   000003   ......       DC24    Hal_ProcessPoll
    296          
    297          
    298          /**************************************************************************************************
    299          **************************************************************************************************/
    300          

   Maximum stack usage in bytes:

     Function                 ISTACK PSTACK XSTACK
     --------                 ------ ------ ------
     HalDriverInit                2      0      0
       -> HalAdcInit              4      0      0
       -> HalDmaInit              4      0      0
       -> HalFlashInit            4      0      0
       -> HalAesInit              4      0      0
       -> HalUARTInit             4      0      0
     Hal_Init                     2      0      0
     Hal_ProcessEvent             0      0     10
       -> osal_msg_receive        0      0     20
       -> osal_msg_deallocate     0      0     20
       -> osal_msg_receive        0      0     20
       -> HalLedUpdate            0      0     20
       -> HalKeyPoll              0      0     20
       -> osal_start_timerEx      0      0     20
     Hal_ProcessPoll              2      0      0
       -> HalUARTPoll             4      0      0


   Segment part sizes:

     Function/Label           Bytes
     --------------           -----
     Hal_TaskID                  1
     Hal_Init                   16
     HalDriverInit              26
     Hal_ProcessEvent           97
     Hal_ProcessPoll            14
     ??Hal_Init?relay            6
     ??HalDriverInit?relay       6
     ??Hal_ProcessEvent?relay    6
     ??Hal_ProcessPoll?relay     6

 
 153 bytes in segment BANKED_CODE
  24 bytes in segment BANK_RELAYS
   1 byte  in segment XDATA_Z
 
 177 bytes of CODE  memory
   1 byte  of XDATA memory

Errors: none
Warnings: none
