###############################################################################
#                                                                             #
# IAR C/C++ Compiler V8.10.3.10338/W32 for 8051         16/Dec/2020  21:43:33 #
# Copyright 2004-2011 IAR Systems AB.                                         #
#                                                                             #
#    Core               =  plain                                              #
#    Code model         =  banked                                             #
#    Data model         =  large                                              #
#    Calling convention =  xdata reentrant                                    #
#    Constant location  =  data_rom                                           #
#    Dptr setup         =  1,16                                               #
#    Source file        =  E:\³£ÓÃÄ£¿éÊµÑé\ZigBeeÍ¨ÐÅÊµÑé\3.ZigBeeÍøÂç´«Êä³¬É #
#                          ù²¨Êý¾ÝÊµÑé\Components\zmac\f8w\zmac_cb.c          #
#    Command line       =  -f E:\³£ÓÃÄ£¿éÊµÑé\ZigBeeÍ¨ÐÅÊµÑé\3.ZigBeeÍøÂç´«Êä #
#                          ³¬Éù²¨Êý¾ÝÊµÑé\Projects\zstack\Samples\SampleApp\C #
#                          C2530DB\..\..\..\Tools\CC2530DB\f8wEndev.cfg       #
#                          (-DCPU32MHZ -DROOT=__near_func -DBLINK_LEDS) -f    #
#                          E:\³£ÓÃÄ£¿éÊµÑé\ZigBeeÍ¨ÐÅÊµÑé\3.ZigBeeÍøÂç´«Êä³¬É #
#                          ù²¨Êý¾ÝÊµÑé\Projects\zstack\Samples\SampleApp\CC25 #
#                          30DB\..\..\..\Tools\CC2530DB\f8wConfig.cfg         #
#                          (-DSECURE=0 -DZG_SECURE_DYNAMIC=0 -DREFLECTOR      #
#                          -DDEFAULT_CHANLIST=0x00000800                      #
#                          -DZDAPP_CONFIG_PAN_ID=0xFF11                       #
#                          -DNWK_START_DELAY=100 -DEXTENDED_JOINING_RANDOM_MA #
#                          SK=0x007F -DBEACON_REQUEST_DELAY=100               #
#                          -DBEACON_REQ_DELAY_MASK=0x00FF                     #
#                          -DROUTE_EXPIRY_TIME=30 -DAPSC_ACK_WAIT_DURATION_PO #
#                          LLED=3000 -DNWK_INDIRECT_MSG_TIMEOUT=7             #
#                          -DMAX_RREQ_ENTRIES=8 -DAPSC_MAX_FRAME_RETRIES=3    #
#                          -DNWK_MAX_DATA_RETRIES=2                           #
#                          -DMAX_POLL_FAILURE_RETRIES=2 -DMAX_BCAST=9         #
#                          -DAPS_MAX_GROUPS=16 -DMAX_RTG_ENTRIES=40           #
#                          -DNWK_MAX_BINDING_ENTRIES=4                        #
#                          -DMAX_BINDING_CLUSTER_IDS=4 "-DDEFAULT_KEY={0x01,  #
#                          0x03, 0x05, 0x07, 0x09, 0x0B, 0x0D, 0x0F, 0x00,    #
#                          0x02, 0x04, 0x06, 0x08, 0x0A, 0x0C, 0x0D}"         #
#                          -DMAC_MAX_FRAME_SIZE=116 "-DCONST=const __code"    #
#                          -DGENERIC=__generic -DRFD_RCVC_ALWAYS_ON=FALSE     #
#                          -DPOLL_RATE=1000 -DQUEUED_POLL_RATE=100            #
#                          -DRESPONSE_POLL_RATE=100) -DREJOIN_POLL_RATE=440   #
#                          E:\³£ÓÃÄ£¿éÊµÑé\ZigBeeÍ¨ÐÅÊµÑé\3.ZigBeeÍøÂç´«Êä³¬É #
#                          ù²¨Êý¾ÝÊµÑé\Components\zmac\f8w\zmac_cb.c -D       #
#                          NWK_AUTO_POLL -D ZTOOL_P1 -D MT_SYS_FUNC -D        #
#                          MT_ZDO_FUNC -D LCD_SUPPORTED=DEBUG -lC             #
#                          E:\³£ÓÃÄ£¿éÊµÑé\ZigBeeÍ¨ÐÅÊµÑé\3.ZigBeeÍøÂç´«Êä³¬É #
#                          ù²¨Êý¾ÝÊµÑé\Projects\zstack\Samples\SampleApp\CC25 #
#                          30DB\EndDeviceEB\List\ -lA                         #
#                          E:\³£ÓÃÄ£¿éÊµÑé\ZigBeeÍ¨ÐÅÊµÑé\3.ZigBeeÍøÂç´«Êä³¬É #
#                          ù²¨Êý¾ÝÊµÑé\Projects\zstack\Samples\SampleApp\CC25 #
#                          30DB\EndDeviceEB\List\ --diag_suppress             #
#                          Pe001,Pa010 -o E:\³£ÓÃÄ£¿éÊµÑé\ZigBeeÍ¨ÐÅÊµÑé\3.Zi #
#                          gBeeÍøÂç´«Êä³¬Éù²¨Êý¾ÝÊµÑé\Projects\zstack\Samples #
#                          \SampleApp\CC2530DB\EndDeviceEB\Obj\ -e            #
#                          --no_unroll --no_inline --no_tbaa --debug          #
#                          --core=plain --dptr=16,1 --data_model=large        #
#                          --code_model=banked --calling_convention=xdata_ree #
#                          ntrant --place_constants=data_rom                  #
#                          --nr_virtual_regs 16 -I E:\³£ÓÃÄ£¿éÊµÑé\ZigBeeÍ¨ÐÅ #
#                          ÊµÑé\3.ZigBeeÍøÂç´«Êä³¬Éù²¨Êý¾ÝÊµÑé\Projects\zstac #
#                          k\Samples\SampleApp\CC2530DB\ -I                   #
#                          E:\³£ÓÃÄ£¿éÊµÑé\ZigBeeÍ¨ÐÅÊµÑé\3.ZigBeeÍøÂç´«Êä³¬É #
#                          ù²¨Êý¾ÝÊµÑé\Projects\zstack\Samples\SampleApp\CC25 #
#                          30DB\..\SOURCE\ -I E:\³£ÓÃÄ£¿éÊµÑé\ZigBeeÍ¨ÐÅÊµÑé\ #
#                          3.ZigBeeÍøÂç´«Êä³¬Éù²¨Êý¾ÝÊµÑé\Projects\zstack\Sam #
#                          ples\SampleApp\CC2530DB\..\..\..\ZMAIN\TI2530DB\   #
#                          -I E:\³£ÓÃÄ£¿éÊµÑé\ZigBeeÍ¨ÐÅÊµÑé\3.ZigBeeÍøÂç´«Êä #
#                          ³¬Éù²¨Êý¾ÝÊµÑé\Projects\zstack\Samples\SampleApp\C #
#                          C2530DB\..\..\..\..\..\COMPONENTS\MT\ -I           #
#                          E:\³£ÓÃÄ£¿éÊµÑé\ZigBeeÍ¨ÐÅÊµÑé\3.ZigBeeÍøÂç´«Êä³¬É #
#                          ù²¨Êý¾ÝÊµÑé\Projects\zstack\Samples\SampleApp\CC25 #
#                          30DB\..\..\..\..\..\COMPONENTS\HAL\INCLUDE\ -I     #
#                          E:\³£ÓÃÄ£¿éÊµÑé\ZigBeeÍ¨ÐÅÊµÑé\3.ZigBeeÍøÂç´«Êä³¬É #
#                          ù²¨Êý¾ÝÊµÑé\Projects\zstack\Samples\SampleApp\CC25 #
#                          30DB\..\..\..\..\..\COMPONENTS\HAL\TARGET\CC2530EB #
#                          \ -I E:\³£ÓÃÄ£¿éÊµÑé\ZigBeeÍ¨ÐÅÊµÑé\3.ZigBeeÍøÂç´« #
#                          Êä³¬Éù²¨Êý¾ÝÊµÑé\Projects\zstack\Samples\SampleApp #
#                          \CC2530DB\..\..\..\..\..\COMPONENTS\OSAL\MCU\CCSOC #
#                          \ -I E:\³£ÓÃÄ£¿éÊµÑé\ZigBeeÍ¨ÐÅÊµÑé\3.ZigBeeÍøÂç´« #
#                          Êä³¬Éù²¨Êý¾ÝÊµÑé\Projects\zstack\Samples\SampleApp #
#                          \CC2530DB\..\..\..\..\..\COMPONENTS\OSAL\INCLUDE\  #
#                          -I E:\³£ÓÃÄ£¿éÊµÑé\ZigBeeÍ¨ÐÅÊµÑé\3.ZigBeeÍøÂç´«Êä #
#                          ³¬Éù²¨Êý¾ÝÊµÑé\Projects\zstack\Samples\SampleApp\C #
#                          C2530DB\..\..\..\..\..\COMPONENTS\STACK\AF\ -I     #
#                          E:\³£ÓÃÄ£¿éÊµÑé\ZigBeeÍ¨ÐÅÊµÑé\3.ZigBeeÍøÂç´«Êä³¬É #
#                          ù²¨Êý¾ÝÊµÑé\Projects\zstack\Samples\SampleApp\CC25 #
#                          30DB\..\..\..\..\..\COMPONENTS\STACK\NWK\ -I       #
#                          E:\³£ÓÃÄ£¿éÊµÑé\ZigBeeÍ¨ÐÅÊµÑé\3.ZigBeeÍøÂç´«Êä³¬É #
#                          ù²¨Êý¾ÝÊµÑé\Projects\zstack\Samples\SampleApp\CC25 #
#                          30DB\..\..\..\..\..\COMPONENTS\STACK\SEC\ -I       #
#                          E:\³£ÓÃÄ£¿éÊµÑé\ZigBeeÍ¨ÐÅÊµÑé\3.ZigBeeÍøÂç´«Êä³¬É #
#                          ù²¨Êý¾ÝÊµÑé\Projects\zstack\Samples\SampleApp\CC25 #
#                          30DB\..\..\..\..\..\COMPONENTS\STACK\SAPI\ -I      #
#                          E:\³£ÓÃÄ£¿éÊµÑé\ZigBeeÍ¨ÐÅÊµÑé\3.ZigBeeÍøÂç´«Êä³¬É #
#                          ù²¨Êý¾ÝÊµÑé\Projects\zstack\Samples\SampleApp\CC25 #
#                          30DB\..\..\..\..\..\COMPONENTS\STACK\SYS\ -I       #
#                          E:\³£ÓÃÄ£¿éÊµÑé\ZigBeeÍ¨ÐÅÊµÑé\3.ZigBeeÍøÂç´«Êä³¬É #
#                          ù²¨Êý¾ÝÊµÑé\Projects\zstack\Samples\SampleApp\CC25 #
#                          30DB\..\..\..\..\..\COMPONENTS\STACK\ZDO\ -I       #
#                          E:\³£ÓÃÄ£¿éÊµÑé\ZigBeeÍ¨ÐÅÊµÑé\3.ZigBeeÍøÂç´«Êä³¬É #
#                          ù²¨Êý¾ÝÊµÑé\Projects\zstack\Samples\SampleApp\CC25 #
#                          30DB\..\..\..\..\..\COMPONENTS\ZMAC\F8W\ -I        #
#                          E:\³£ÓÃÄ£¿éÊµÑé\ZigBeeÍ¨ÐÅÊµÑé\3.ZigBeeÍøÂç´«Êä³¬É #
#                          ù²¨Êý¾ÝÊµÑé\Projects\zstack\Samples\SampleApp\CC25 #
#                          30DB\..\..\..\..\..\COMPONENTS\ZMAC\ -I            #
#                          E:\³£ÓÃÄ£¿éÊµÑé\ZigBeeÍ¨ÐÅÊµÑé\3.ZigBeeÍøÂç´«Êä³¬É #
#                          ù²¨Êý¾ÝÊµÑé\Projects\zstack\Samples\SampleApp\CC25 #
#                          30DB\..\..\..\..\..\COMPONENTS\SERVICES\SADDR\ -I  #
#                          E:\³£ÓÃÄ£¿éÊµÑé\ZigBeeÍ¨ÐÅÊµÑé\3.ZigBeeÍøÂç´«Êä³¬É #
#                          ù²¨Êý¾ÝÊµÑé\Projects\zstack\Samples\SampleApp\CC25 #
#                          30DB\..\..\..\..\..\COMPONENTS\SERVICES\SDATA\ -I  #
#                          E:\³£ÓÃÄ£¿éÊµÑé\ZigBeeÍ¨ÐÅÊµÑé\3.ZigBeeÍøÂç´«Êä³¬É #
#                          ù²¨Êý¾ÝÊµÑé\Projects\zstack\Samples\SampleApp\CC25 #
#                          30DB\..\..\..\..\..\COMPONENTS\MAC\INCLUDE\ -I     #
#                          E:\³£ÓÃÄ£¿éÊµÑé\ZigBeeÍ¨ÐÅÊµÑé\3.ZigBeeÍøÂç´«Êä³¬É #
#                          ù²¨Êý¾ÝÊµÑé\Projects\zstack\Samples\SampleApp\CC25 #
#                          30DB\..\..\..\..\..\COMPONENTS\MAC\HIGH_LEVEL\ -I  #
#                          E:\³£ÓÃÄ£¿éÊµÑé\ZigBeeÍ¨ÐÅÊµÑé\3.ZigBeeÍøÂç´«Êä³¬É #
#                          ù²¨Êý¾ÝÊµÑé\Projects\zstack\Samples\SampleApp\CC25 #
#                          30DB\..\..\..\..\..\COMPONENTS\MAC\LOW_LEVEL\srf04 #
#                          \ -I E:\³£ÓÃÄ£¿éÊµÑé\ZigBeeÍ¨ÐÅÊµÑé\3.ZigBeeÍøÂç´« #
#                          Êä³¬Éù²¨Êý¾ÝÊµÑé\Projects\zstack\Samples\SampleApp #
#                          \CC2530DB\..\..\..\..\..\COMPONENTS\MAC\LOW_LEVEL\ #
#                          srf04\SINGLE_CHIP\ -I E:\³£ÓÃÄ£¿éÊµÑé\ZigBeeÍ¨ÐÅÊµ #
#                          Ñé\3.ZigBeeÍøÂç´«Êä³¬Éù²¨Êý¾ÝÊµÑé\Projects\zstack\ #
#                          Samples\SampleApp\CC2530DB\..\..\..\..\..\COMPONEN #
#                          TS\HARDWARE\ -Om                                   #
#    List file          =  E:\³£ÓÃÄ£¿éÊµÑé\ZigBeeÍ¨ÐÅÊµÑé\3.ZigBeeÍøÂç´«Êä³¬É #
#                          ù²¨Êý¾ÝÊµÑé\Projects\zstack\Samples\SampleApp\CC25 #
#                          30DB\EndDeviceEB\List\zmac_cb.lst                  #
#    Object file        =  E:\³£ÓÃÄ£¿éÊµÑé\ZigBeeÍ¨ÐÅÊµÑé\3.ZigBeeÍøÂç´«Êä³¬É #
#                          ù²¨Êý¾ÝÊµÑé\Projects\zstack\Samples\SampleApp\CC25 #
#                          30DB\EndDeviceEB\Obj\zmac_cb.r51                   #
#                                                                             #
#                                                                             #
###############################################################################

E:\³£ÓÃÄ£¿éÊµÑé\ZigBeeÍ¨ÐÅÊµÑé\3.ZigBeeÍøÂç´«Êä³¬Éù²¨Êý¾ÝÊµÑé\Components\zmac\f8w\zmac_cb.c
      1          /**************************************************************************************************
      2            Filename:       zmac_cb.c
      3            Revised:        $Date: 2009-12-04 08:04:20 -0800 (Fri, 04 Dec 2009) $
      4            Revision:       $Revision: 21276 $
      5          
      6            Description:    This file contains the NWK functions that the ZMAC calls
      7          
      8          
      9            Copyright 2005-2009 Texas Instruments Incorporated. All rights reserved.
     10          
     11            IMPORTANT: Your use of this Software is limited to those specific rights
     12            granted under the terms of a software license agreement between the user
     13            who downloaded the software, his/her employer (which must be your employer)
     14            and Texas Instruments Incorporated (the "License").  You may not use this
     15            Software unless you agree to abide by the terms of the License. The License
     16            limits your use, and you acknowledge, that the Software may not be modified,
     17            copied or distributed unless embedded on a Texas Instruments microcontroller
     18            or used solely and exclusively in conjunction with a Texas Instruments radio
     19            frequency transceiver, which is integrated into your product.  Other than for
     20            the foregoing purpose, you may not use, reproduce, copy, prepare derivative
     21            works of, modify, distribute, perform, display or sell this Software and/or
     22            its documentation for any purpose.
     23          
     24            YOU FURTHER ACKNOWLEDGE AND AGREE THAT THE SOFTWARE AND DOCUMENTATION ARE
     25            PROVIDED “AS IS” WITHOUT WARRANTY OF ANY KIND, EITHER EXPRESS OR IMPLIED,
     26            INCLUDING WITHOUT LIMITATION, ANY WARRANTY OF MERCHANTABILITY, TITLE,
     27            NON-INFRINGEMENT AND FITNESS FOR A PARTICULAR PURPOSE. IN NO EVENT SHALL
     28            TEXAS INSTRUMENTS OR ITS LICENSORS BE LIABLE OR OBLIGATED UNDER CONTRACT,
     29            NEGLIGENCE, STRICT LIABILITY, CONTRIBUTION, BREACH OF WARRANTY, OR OTHER
     30            LEGAL EQUITABLE THEORY ANY DIRECT OR INDIRECT DAMAGES OR EXPENSES
     31            INCLUDING BUT NOT LIMITED TO ANY INCIDENTAL, SPECIAL, INDIRECT, PUNITIVE
     32            OR CONSEQUENTIAL DAMAGES, LOST PROFITS OR LOST DATA, COST OF PROCUREMENT
     33            OF SUBSTITUTE GOODS, TECHNOLOGY, SERVICES, OR ANY CLAIMS BY THIRD PARTIES
     34            (INCLUDING BUT NOT LIMITED TO ANY DEFENSE THEREOF), OR OTHER SIMILAR COSTS.
     35          
     36            Should you have any questions regarding your right to use this Software,
     37            contact Texas Instruments Incorporated at www.TI.com.
     38          **************************************************************************************************/
     39          
     40          /********************************************************************************************************
     41           *                                               INCLUDES
     42           ********************************************************************************************************/
     43          
     44          #include "ZComDef.h"
     45          #include "OSAL.h"
     46          #include "ZMAC.h"
     47          #include "MT_MAC.h"
     48          #include "hal_mcu.h"

   \                                 In  segment SFR_AN, at 0xa8
   \   union <unnamed> volatile __sfr _A_IEN0
   \                     _A_IEN0:
   \   000000                DS 1
     49          
     50          #if !defined NONWK
     51          #include "nwk.h"
     52          #include "nwk_bufs.h"
     53          #include "ZGlobals.h"
     54          #endif
     55          
     56          #if defined( MACSIM )
     57            #include "mac_sim.h"
     58          #endif
     59          
     60          #include "mac_main.h"
     61          extern void *ZMac_ScanBuf;
     62          
     63          /********************************************************************************************************
     64           *                                               CONSTANTS
     65           ********************************************************************************************************/
     66          
     67          #if !defined NONWK
     68          /* Lookup table for size of structures. Must match with the order of MAC callback events */

   \                                 In  segment CODE_C, align 1
     69          const uint8 CODE zmacCBSizeTable [] = {
   \                     zmacCBSizeTable:
   \   000000   00           DB 0
   \   000001   16           DB 22
   \   000002   0F           DB 15
   \   000003   00           DB 0
   \   000004   00           DB 0
   \   000005   0B           DB 11
   \   000006   15           DB 21
   \   000007   0B           DB 11
   \   000008   02           DB 2
   \   000009   00           DB 0
   \   00000A   02           DB 2
   \   00000B   22           DB 34
   \   00000C   0F           DB 15
   \   00000D   32           DB 50
   \   00000E   00           DB 0
   \   00000F   00           DB 0
   \   000010   06           DB 6
     70            0,
     71            sizeof(ZMacAssociateInd_t),       // MAC_MLME_ASSOCIATE_IND      1   Associate indication
     72            sizeof(ZMacAssociateCnf_t),       // MAC_MLME_ASSOCIATE_CNF      2   Associate confirm
     73            0,                                // MAC_MLME_DISASSOCIATE_IND   3   Disassociate indication
     74            0,                                // MAC_MLME_DISASSOCIATE_CNF   4   Disassociate confirm
     75            sizeof(macMlmeBeaconNotifyInd_t), // MAC_MLME_BEACON_NOTIFY_IND  5   con notify indication
     76            sizeof(ZMacOrphanInd_t),          // MAC_MLME_ORPHAN_IND         6   Orphan indication
     77            sizeof(ZMacScanCnf_t),            // MAC_MLME_SCAN_CNF           7   Scan confirm
     78            sizeof(ZMacStartCnf_t),           // MAC_MLME_START_CNF          8   Start confirm
     79            0,                                // MAC_MLME_SYNC_LOSS_IND      9   Sync loss indication
     80            sizeof(ZMacPollCnf_t),            // MAC_MLME_POLL_CNF           10  Poll confirm
     81            sizeof(ZMacCommStatusInd_t),      // MAC_MLME_COMM_STATUS_IND    11  Comm status indication
     82            sizeof(ZMacDataCnf_t),            // MAC_MCPS_DATA_CNF           12  Data confirm
     83            sizeof(macMcpsDataInd_t),         // MAC_MCPS_DATA_IND           13  Data indication
     84            0,                                // MAC_MCPS_PURGE_CNF          14  Purge confirm
     85            0,                                // MAC_PWR_ON_CNF              15  Power on confirm
     86            sizeof(ZMacPollInd_t)             // MAC_MLME_POLL_IND           16  Poll indication
     87          };
     88          #endif /* !defined NONWK */
     89          
     90          
     91          /*********************************************************************
     92           * ZMAC Function Pointers
     93           */
     94          
     95          /*
     96           * ZMac Application callback function. This function will be called
     97           * for every MAC message that is received over-the-air or generated
     98           * locally by MAC for the application.
     99           *
    100           * The callback function should return TRUE if it has handled the
    101           * MAC message and no further action should be taken with it. It
    102           * should return FALSE if it has not handled the MAC message and
    103           * normal processing should take place.
    104           *
    105           * NOTE: The processing in this function should be kept to the
    106           *       minimum.
    107           */

   \                                 In  segment XDATA_Z, align 1, keep-with-next
    108          uint8 (*pZMac_AppCallback)( uint8 *msgPtr ) = (void*)NULL;
   \                     pZMac_AppCallback:
   \   000000                DS 2
   \   000002                REQUIRE __INIT_XDATA_Z
    109          
    110          
    111          /*********************************************************************
    112           * ZMAC Functions
    113           */
    114          
    115          /**************************************************************************************************
    116           * @fn       MAC_CbackEvent()
    117           *
    118           * @brief    convert MAC data confirm and indication to ZMac and send to NWK
    119           *
    120           * @param    pData - pointer to macCbackEvent_t
    121           *
    122           * @return   none
    123           *************************************************************************************************/

   \                                 In  segment BANKED_CODE, align 1, keep-with-next
    124          void MAC_CbackEvent(macCbackEvent_t *pData)
   \                     MAC_CbackEvent:
    125          #ifndef MT_MAC_CB_FUNC
    126          {
   \   000000   74ED         MOV     A,#-0x13
   \   000002   12....       LCALL   ?BANKED_ENTER_XDATA
   \   000005                ; Saved register size: 19
   \   000005                ; Auto size: 4
   \   000005   74FC         MOV     A,#-0x4
   \   000007   12....       LCALL   ?ALLOC_XSTACK8
   \   00000A   85..82       MOV     DPL,?XSP + 0
   \   00000D   85..83       MOV     DPH,?XSP + 1
   \   000010   EA           MOV     A,R2
   \   000011   F0           MOVX    @DPTR,A
   \   000012   A3           INC     DPTR
   \   000013   EB           MOV     A,R3
   \   000014   F0           MOVX    @DPTR,A
    127          #if !defined NONWK
    128            uint8 event = pData->hdr.event;
   \   000015   85..82       MOV     DPL,?XSP + 0
   \   000018   85..83       MOV     DPH,?XSP + 1
   \   00001B   E0           MOVX    A,@DPTR
   \   00001C   F8           MOV     R0,A
   \   00001D   A3           INC     DPTR
   \   00001E   E0           MOVX    A,@DPTR
   \   00001F   F583         MOV     DPH,A
   \   000021   8882         MOV     DPL,R0
   \   000023   E0           MOVX    A,@DPTR
   \   000024   F5..         MOV     ?V0 + 4,A
    129            uint16 tmp = zmacCBSizeTable[event];
   \   000026   F5..         MOV     ?V0 + 0,A
   \   000028   74..         MOV     A,#zmacCBSizeTable & 0xff
   \   00002A   25..         ADD     A,?V0 + 0
   \   00002C   F582         MOV     DPL,A
   \   00002E   74..         MOV     A,#(zmacCBSizeTable >> 8) & 0xff
   \   000030   3400         ADDC    A,#0x0
   \   000032   F583         MOV     DPH,A
   \   000034   E4           CLR     A
   \   000035   93           MOVC    A,@A+DPTR
   \   000036   F5..         MOV     ?V0 + 0,A
   \   000038   7402         MOV     A,#0x2
   \   00003A   12....       LCALL   ?XSTACK_DISP0_8
   \   00003D   E5..         MOV     A,?V0 + 0
   \   00003F   F0           MOVX    @DPTR,A
   \   000040   A3           INC     DPTR
   \   000041   E4           CLR     A
   \   000042   F0           MOVX    @DPTR,A
    130            macCbackEvent_t *msgPtr;
    131          
    132            /* If the Network layer will handle a new MAC callback, a non-zero value must be entered in the
    133             * corresponding location in the zmacCBSizeTable[] - thus the table acts as "should handle"?
    134             */
    135            if (tmp == 0)
   \   000043   7402         MOV     A,#0x2
   \   000045   12....       LCALL   ?XSTACK_DISP0_8
   \   000048   E0           MOVX    A,@DPTR
   \   000049   F8           MOV     R0,A
   \   00004A   A3           INC     DPTR
   \   00004B   E0           MOVX    A,@DPTR
   \   00004C   F9           MOV     R1,A
   \   00004D   E8           MOV     A,R0
   \   00004E   49           ORL     A,R1
   \   00004F   7003         JNZ     $+5
   \   000051   02....       LJMP    ??MAC_CbackEvent_0 & 0xFFFF
    136            {
    137              return;
    138            }
    139          
    140            // MAC_MCPS_DATA_IND is very special - it is the only event where the MAC does not free *pData.
    141            if ( event == MAC_MCPS_DATA_IND )
   \   000054   740D         MOV     A,#0xd
   \   000056   65..         XRL     A,?V0 + 4
   \   000058   705B         JNZ     ??MAC_CbackEvent_1
    142            {
    143              MAC_MlmeGetReq( MAC_SHORT_ADDRESS, &tmp );
   \   00005A                ; Setup parameters for call to function MAC_MlmeGetReq
   \   00005A   7402         MOV     A,#0x2
   \   00005C   12....       LCALL   ?XSTACK_DISP0_8
   \   00005F   AA82         MOV     R2,DPL
   \   000061   AB83         MOV     R3,DPH
   \   000063   7953         MOV     R1,#0x53
   \   000065   12....       LCALL   ??MAC_MlmeGetReq?relay
    144              if ((tmp == INVALID_NODE_ADDR) || (tmp == NWK_BROADCAST_SHORTADDR_DEVALL) ||
    145                  (pData->dataInd.msdu.len == 0))
   \   000068   7402         MOV     A,#0x2
   \   00006A   12....       LCALL   ?XSTACK_DISP0_8
   \   00006D   E0           MOVX    A,@DPTR
   \   00006E   64FE         XRL     A,#0xfe
   \   000070   7003         JNZ     ??MAC_CbackEvent_2
   \   000072   A3           INC     DPTR
   \   000073   E0           MOVX    A,@DPTR
   \   000074   F4           CPL     A
   \                     ??MAC_CbackEvent_2:
   \   000075   6023         JZ      ??MAC_CbackEvent_3
   \   000077   7402         MOV     A,#0x2
   \   000079   12....       LCALL   ?XSTACK_DISP0_8
   \   00007C   E0           MOVX    A,@DPTR
   \   00007D   F4           CPL     A
   \   00007E   7003         JNZ     ??MAC_CbackEvent_4
   \   000080   A3           INC     DPTR
   \   000081   E0           MOVX    A,@DPTR
   \   000082   F4           CPL     A
   \                     ??MAC_CbackEvent_4:
   \   000083   6015         JZ      ??MAC_CbackEvent_3
   \   000085   85..82       MOV     DPL,?XSP + 0
   \   000088   85..83       MOV     DPH,?XSP + 1
   \   00008B   E0           MOVX    A,@DPTR
   \   00008C   F8           MOV     R0,A
   \   00008D   A3           INC     DPTR
   \   00008E   E0           MOVX    A,@DPTR
   \   00008F   F583         MOV     DPH,A
   \   000091   8882         MOV     DPL,R0
   \   000093   A3           INC     DPTR
   \   000094   A3           INC     DPTR
   \   000095   A3           INC     DPTR
   \   000096   A3           INC     DPTR
   \   000097   E0           MOVX    A,@DPTR
   \   000098   700D         JNZ     ??MAC_CbackEvent_5
    146              {
    147                mac_msg_deallocate( (uint8 **)&pData );
   \                     ??MAC_CbackEvent_3:
   \   00009A                ; Setup parameters for call to function mac_msg_deallocate
   \   00009A   85..82       MOV     DPL,?XSP + 0
   \   00009D   85..83       MOV     DPH,?XSP + 1
   \   0000A0   AA82         MOV     R2,DPL
   \   0000A2   AB83         MOV     R3,DPH
   \   0000A4   02....       LJMP    ??MAC_CbackEvent_6 & 0xFFFF
    148                return;
    149              }
    150              msgPtr = pData;
   \                     ??MAC_CbackEvent_5:
   \   0000A7   85..82       MOV     DPL,?XSP + 0
   \   0000AA   85..83       MOV     DPH,?XSP + 1
   \   0000AD   E0           MOVX    A,@DPTR
   \   0000AE   FE           MOV     R6,A
   \   0000AF   A3           INC     DPTR
   \   0000B0   E0           MOVX    A,@DPTR
   \   0000B1   FF           MOV     R7,A
   \   0000B2   02....       LJMP    ??MAC_CbackEvent_7 & 0xFFFF
    151            }
    152            else
    153            {
    154              if (event == MAC_MLME_BEACON_NOTIFY_IND )
   \                     ??MAC_CbackEvent_1:
   \   0000B5   7405         MOV     A,#0x5
   \   0000B7   65..         XRL     A,?V0 + 4
   \   0000B9   7020         JNZ     ??MAC_CbackEvent_8
    155              {
    156                tmp += sizeof(macPanDesc_t) + pData->beaconNotifyInd.sduLength;
   \   0000BB   85..82       MOV     DPL,?XSP + 0
   \   0000BE   85..83       MOV     DPH,?XSP + 1
   \   0000C1   E0           MOVX    A,@DPTR
   \   0000C2   F8           MOV     R0,A
   \   0000C3   A3           INC     DPTR
   \   0000C4   E0           MOVX    A,@DPTR
   \   0000C5   F583         MOV     DPH,A
   \   0000C7   8882         MOV     DPL,R0
   \   0000C9   A3           INC     DPTR
   \   0000CA   A3           INC     DPTR
   \   0000CB   A3           INC     DPTR
   \   0000CC   A3           INC     DPTR
   \   0000CD   A3           INC     DPTR
   \   0000CE   A3           INC     DPTR
   \   0000CF   A3           INC     DPTR
   \   0000D0   A3           INC     DPTR
   \   0000D1   E0           MOVX    A,@DPTR
   \   0000D2   2421         ADD     A,#0x21
   \   0000D4   F8           MOV     R0,A
   \   0000D5   E4           CLR     A
   \   0000D6   3400         ADDC    A,#0x0
   \   0000D8   F9           MOV     R1,A
   \   0000D9   8046         SJMP    ??MAC_CbackEvent_9
    157              }
    158              else if (event == MAC_MLME_SCAN_CNF)
   \                     ??MAC_CbackEvent_8:
   \   0000DB   7407         MOV     A,#0x7
   \   0000DD   65..         XRL     A,?V0 + 4
   \   0000DF   704C         JNZ     ??MAC_CbackEvent_10
    159              {
    160                if (pData->scanCnf.scanType == ZMAC_ED_SCAN)
   \   0000E1   85..82       MOV     DPL,?XSP + 0
   \   0000E4   85..83       MOV     DPH,?XSP + 1
   \   0000E7   E0           MOVX    A,@DPTR
   \   0000E8   F8           MOV     R0,A
   \   0000E9   A3           INC     DPTR
   \   0000EA   E0           MOVX    A,@DPTR
   \   0000EB   F583         MOV     DPH,A
   \   0000ED   8882         MOV     DPL,R0
   \   0000EF   A3           INC     DPTR
   \   0000F0   A3           INC     DPTR
   \   0000F1   E0           MOVX    A,@DPTR
   \   0000F2   700F         JNZ     ??MAC_CbackEvent_11
    161                {
    162                  tmp += ZMAC_ED_SCAN_MAXCHANNELS;
   \   0000F4   7402         MOV     A,#0x2
   \   0000F6   12....       LCALL   ?XSTACK_DISP0_8
   \   0000F9   E0           MOVX    A,@DPTR
   \   0000FA   241B         ADD     A,#0x1b
   \   0000FC   F0           MOVX    @DPTR,A
   \   0000FD   A3           INC     DPTR
   \   0000FE   E0           MOVX    A,@DPTR
   \   0000FF   3400         ADDC    A,#0x0
   \   000101   8029         SJMP    ??MAC_CbackEvent_12
    163                }
    164                else
    165                {
    166                  tmp += sizeof( ZMacPanDesc_t ) * pData->scanCnf.resultListSize;
   \                     ??MAC_CbackEvent_11:
   \   000103   85..82       MOV     DPL,?XSP + 0
   \   000106   85..83       MOV     DPH,?XSP + 1
   \   000109   E0           MOVX    A,@DPTR
   \   00010A   F8           MOV     R0,A
   \   00010B   A3           INC     DPTR
   \   00010C   E0           MOVX    A,@DPTR
   \   00010D   F583         MOV     DPH,A
   \   00010F   8882         MOV     DPL,R0
   \   000111   A3           INC     DPTR
   \   000112   A3           INC     DPTR
   \   000113   A3           INC     DPTR
   \   000114   A3           INC     DPTR
   \   000115   A3           INC     DPTR
   \   000116   A3           INC     DPTR
   \   000117   A3           INC     DPTR
   \   000118   A3           INC     DPTR
   \   000119   E0           MOVX    A,@DPTR
   \   00011A   75F021       MOV     B,#0x21
   \   00011D   A4           MUL     AB
   \   00011E   F8           MOV     R0,A
   \   00011F   A9F0         MOV     R1,B
   \                     ??MAC_CbackEvent_9:
   \   000121   7402         MOV     A,#0x2
   \   000123   12....       LCALL   ?XSTACK_DISP0_8
   \   000126   E0           MOVX    A,@DPTR
   \   000127   28           ADD     A,R0
   \   000128   F0           MOVX    @DPTR,A
   \   000129   A3           INC     DPTR
   \   00012A   E0           MOVX    A,@DPTR
   \   00012B   39           ADDC    A,R1
   \                     ??MAC_CbackEvent_12:
   \   00012C   F0           MOVX    @DPTR,A
    167                }
    168              }
    169          
    170              if ( !(msgPtr = (macCbackEvent_t *)osal_msg_allocate(tmp)) )
   \                     ??MAC_CbackEvent_10:
   \   00012D                ; Setup parameters for call to function osal_msg_allocate
   \   00012D   7402         MOV     A,#0x2
   \   00012F   12....       LCALL   ?XSTACK_DISP0_8
   \   000132   E0           MOVX    A,@DPTR
   \   000133   FA           MOV     R2,A
   \   000134   A3           INC     DPTR
   \   000135   E0           MOVX    A,@DPTR
   \   000136   FB           MOV     R3,A
   \   000137   12....       LCALL   ??osal_msg_allocate?relay
   \   00013A   8A..         MOV     ?V0 + 2,R2
   \   00013C   8B..         MOV     ?V0 + 3,R3
   \   00013E   AE..         MOV     R6,?V0 + 2
   \   000140   AF..         MOV     R7,?V0 + 3
   \   000142   EE           MOV     A,R6
   \   000143   4F           ORL     A,R7
   \   000144   7060         JNZ     ??MAC_CbackEvent_13
    171              {
    172                // Not enough memory. If data confirm - try again
    173                if ( event == MAC_MCPS_DATA_CNF )
   \   000146   740C         MOV     A,#0xc
   \   000148   65..         XRL     A,?V0 + 4
   \   00014A   6003         JZ      $+5
   \   00014C   02....       LJMP    ??MAC_CbackEvent_0 & 0xFFFF
    174                {
    175                  halIntState_t intState;
    176          
    177                  // This is not normally deallocated here because the pZMac_AppCallback()
    178                  // application may need it.
    179                  HAL_ENTER_CRITICAL_SECTION( intState );  // Hold off interrupts.
   \   00014F   A2AF         MOV     C,0xa8.7
   \   000151   E4           CLR     A
   \   000152   33           RLC     A
   \   000153   F5..         MOV     ?V0 + 2,A
   \   000155   C2AF         CLR     0xa8.7
    180          
    181                  mac_msg_deallocate( (uint8**)&(pData->dataCnf.pDataReq) );
   \   000157                ; Setup parameters for call to function mac_msg_deallocate
   \   000157   85..82       MOV     DPL,?XSP + 0
   \   00015A   85..83       MOV     DPH,?XSP + 1
   \   00015D   E0           MOVX    A,@DPTR
   \   00015E   2403         ADD     A,#0x3
   \   000160   FA           MOV     R2,A
   \   000161   A3           INC     DPTR
   \   000162   E0           MOVX    A,@DPTR
   \   000163   3400         ADDC    A,#0x0
   \   000165   FB           MOV     R3,A
   \   000166   12....       LCALL   ??mac_msg_deallocate?relay
    182                  if ( !(msgPtr = (macCbackEvent_t *)osal_msg_allocate(tmp)) )
   \   000169                ; Setup parameters for call to function osal_msg_allocate
   \   000169   7402         MOV     A,#0x2
   \   00016B   12....       LCALL   ?XSTACK_DISP0_8
   \   00016E   E0           MOVX    A,@DPTR
   \   00016F   FA           MOV     R2,A
   \   000170   A3           INC     DPTR
   \   000171   E0           MOVX    A,@DPTR
   \   000172   FB           MOV     R3,A
   \   000173   12....       LCALL   ??osal_msg_allocate?relay
   \   000176   8A..         MOV     ?V0 + 6,R2
   \   000178   8B..         MOV     ?V0 + 7,R3
   \   00017A   AE..         MOV     R6,?V0 + 6
   \   00017C   AF..         MOV     R7,?V0 + 7
   \   00017E   EE           MOV     A,R6
   \   00017F   4F           ORL     A,R7
   \   000180   7009         JNZ     ??MAC_CbackEvent_14
    183                  {
    184                    // Still no allocation, something is wrong
    185                    HAL_EXIT_CRITICAL_SECTION( intState );   // Re-enable interrupts.
   \   000182   E5..         MOV     A,?V0 + 2
   \   000184   A2E0         MOV     C,0xE0 /* A   */.0
   \   000186   92AF         MOV     0xa8.7,C
    186                    return;
   \   000188   02....       LJMP    ??MAC_CbackEvent_0 & 0xFFFF
    187                  }
    188                  HAL_EXIT_CRITICAL_SECTION( intState );   // Re-enable interrupts.
   \                     ??MAC_CbackEvent_14:
   \   00018B   E5..         MOV     A,?V0 + 2
   \   00018D   A2E0         MOV     C,0xE0 /* A   */.0
   \   00018F   92AF         MOV     0xa8.7,C
    189                  pData->dataCnf.pDataReq = NULL;
   \   000191   85..82       MOV     DPL,?XSP + 0
   \   000194   85..83       MOV     DPH,?XSP + 1
   \   000197   E0           MOVX    A,@DPTR
   \   000198   F8           MOV     R0,A
   \   000199   A3           INC     DPTR
   \   00019A   E0           MOVX    A,@DPTR
   \   00019B   F583         MOV     DPH,A
   \   00019D   8882         MOV     DPL,R0
   \   00019F   A3           INC     DPTR
   \   0001A0   A3           INC     DPTR
   \   0001A1   A3           INC     DPTR
   \   0001A2   E4           CLR     A
   \   0001A3   F0           MOVX    @DPTR,A
   \   0001A4   A3           INC     DPTR
   \   0001A5   F0           MOVX    @DPTR,A
    190                }
    191                else
    192                {
    193                  // This message is dropped
    194                  return;
    195                }
    196              }
    197              osal_memcpy(msgPtr, pData, zmacCBSizeTable[event]);
   \                     ??MAC_CbackEvent_13:
   \   0001A6                ; Setup parameters for call to function osal_memcpy
   \   0001A6   85..82       MOV     DPL,?XSP + 0
   \   0001A9   85..83       MOV     DPH,?XSP + 1
   \   0001AC   E0           MOVX    A,@DPTR
   \   0001AD   F5..         MOV     ?V0 + 8,A
   \   0001AF   A3           INC     DPTR
   \   0001B0   E0           MOVX    A,@DPTR
   \   0001B1   F5..         MOV     ?V0 + 9,A
   \   0001B3   75..00       MOV     ?V0 + 10,#0x0
   \   0001B6   78..         MOV     R0,#?V0 + 8
   \   0001B8   12....       LCALL   ?PUSH_XSTACK_I_THREE
   \   0001BB   AC..         MOV     R4,?V0 + 0
   \   0001BD   7D00         MOV     R5,#0x0
   \   0001BF   EE           MOV     A,R6
   \   0001C0   FA           MOV     R2,A
   \   0001C1   EF           MOV     A,R7
   \   0001C2   FB           MOV     R3,A
   \   0001C3   12....       LCALL   ??osal_memcpy?relay
   \   0001C6   7403         MOV     A,#0x3
   \   0001C8   12....       LCALL   ?DEALLOC_XSTACK8
    198            }
    199          
    200            if ( event == MAC_MLME_BEACON_NOTIFY_IND )
   \                     ??MAC_CbackEvent_7:
   \   0001CB   7405         MOV     A,#0x5
   \   0001CD   65..         XRL     A,?V0 + 4
   \   0001CF   6003         JZ      $+5
   \   0001D1   02....       LJMP    ??MAC_CbackEvent_15 & 0xFFFF
    201            {
    202              macMlmeBeaconNotifyInd_t *pBeacon = (macMlmeBeaconNotifyInd_t*)msgPtr;
    203          
    204              osal_memcpy(pBeacon+1, pBeacon->pPanDesc, sizeof(macPanDesc_t));
   \   0001D4   EE           MOV     A,R6
   \   0001D5   240B         ADD     A,#0xb
   \   0001D7   F5..         MOV     ?V0 + 0,A
   \   0001D9   EF           MOV     A,R7
   \   0001DA   3400         ADDC    A,#0x0
   \   0001DC   F5..         MOV     ?V0 + 1,A
   \   0001DE   EE           MOV     A,R6
   \   0001DF   2403         ADD     A,#0x3
   \   0001E1   F5..         MOV     ?V0 + 6,A
   \   0001E3   EF           MOV     A,R7
   \   0001E4   3400         ADDC    A,#0x0
   \   0001E6   F5..         MOV     ?V0 + 7,A
   \   0001E8                ; Setup parameters for call to function osal_memcpy
   \   0001E8   85..82       MOV     DPL,?V0 + 6
   \   0001EB   F583         MOV     DPH,A
   \   0001ED   E0           MOVX    A,@DPTR
   \   0001EE   F5..         MOV     ?V0 + 8,A
   \   0001F0   A3           INC     DPTR
   \   0001F1   E0           MOVX    A,@DPTR
   \   0001F2   F5..         MOV     ?V0 + 9,A
   \   0001F4   75..00       MOV     ?V0 + 10,#0x0
   \   0001F7   78..         MOV     R0,#?V0 + 8
   \   0001F9   12....       LCALL   ?PUSH_XSTACK_I_THREE
   \   0001FC   7C21         MOV     R4,#0x21
   \   0001FE   7D00         MOV     R5,#0x0
   \   000200   AA..         MOV     R2,?V0 + 0
   \   000202   AB..         MOV     R3,?V0 + 1
   \   000204   12....       LCALL   ??osal_memcpy?relay
   \   000207   7403         MOV     A,#0x3
   \   000209   12....       LCALL   ?DEALLOC_XSTACK8
    205              pBeacon->pPanDesc = (macPanDesc_t *)(pBeacon+1);
   \   00020C   85..82       MOV     DPL,?V0 + 6
   \   00020F   85..83       MOV     DPH,?V0 + 7
   \   000212   E5..         MOV     A,?V0 + 0
   \   000214   F0           MOVX    @DPTR,A
   \   000215   A3           INC     DPTR
   \   000216   E5..         MOV     A,?V0 + 1
   \   000218   F0           MOVX    @DPTR,A
    206              osal_memcpy(pBeacon->pPanDesc+1, pBeacon->pSdu, pBeacon->sduLength);
   \   000219   EE           MOV     A,R6
   \   00021A   2409         ADD     A,#0x9
   \   00021C   F5..         MOV     ?V0 + 2,A
   \   00021E   EF           MOV     A,R7
   \   00021F   3400         ADDC    A,#0x0
   \   000221   F5..         MOV     ?V0 + 3,A
   \   000223                ; Setup parameters for call to function osal_memcpy
   \   000223   85..82       MOV     DPL,?V0 + 2
   \   000226   F583         MOV     DPH,A
   \   000228   E0           MOVX    A,@DPTR
   \   000229   F5..         MOV     ?V0 + 8,A
   \   00022B   A3           INC     DPTR
   \   00022C   E0           MOVX    A,@DPTR
   \   00022D   F5..         MOV     ?V0 + 9,A
   \   00022F   78..         MOV     R0,#?V0 + 8
   \   000231   12....       LCALL   ?PUSH_XSTACK_I_THREE
   \   000234   8E82         MOV     DPL,R6
   \   000236   8F83         MOV     DPH,R7
   \   000238   A3           INC     DPTR
   \   000239   A3           INC     DPTR
   \   00023A   A3           INC     DPTR
   \   00023B   A3           INC     DPTR
   \   00023C   A3           INC     DPTR
   \   00023D   A3           INC     DPTR
   \   00023E   A3           INC     DPTR
   \   00023F   A3           INC     DPTR
   \   000240   E0           MOVX    A,@DPTR
   \   000241   FC           MOV     R4,A
   \   000242   7D00         MOV     R5,#0x0
   \   000244   85..82       MOV     DPL,?V0 + 6
   \   000247   85..83       MOV     DPH,?V0 + 7
   \   00024A   E0           MOVX    A,@DPTR
   \   00024B   2421         ADD     A,#0x21
   \   00024D   FA           MOV     R2,A
   \   00024E   A3           INC     DPTR
   \   00024F   E0           MOVX    A,@DPTR
   \   000250   3400         ADDC    A,#0x0
   \   000252   FB           MOV     R3,A
   \   000253   12....       LCALL   ??osal_memcpy?relay
   \   000256   7403         MOV     A,#0x3
   \   000258   12....       LCALL   ?DEALLOC_XSTACK8
    207              pBeacon->pSdu = (uint8 *)(pBeacon->pPanDesc+1);
   \   00025B   85..82       MOV     DPL,?V0 + 6
   \   00025E   85..83       MOV     DPH,?V0 + 7
   \   000261   E0           MOVX    A,@DPTR
   \   000262   2421         ADD     A,#0x21
   \   000264   F8           MOV     R0,A
   \   000265   A3           INC     DPTR
   \   000266   E0           MOVX    A,@DPTR
   \   000267   3400         ADDC    A,#0x0
   \   000269   F9           MOV     R1,A
   \   00026A   85..82       MOV     DPL,?V0 + 2
   \   00026D   85..83       MOV     DPH,?V0 + 3
   \   000270   E8           MOV     A,R0
   \   000271   F0           MOVX    @DPTR,A
   \   000272   A3           INC     DPTR
   \   000273   E9           MOV     A,R1
   \   000274   F0           MOVX    @DPTR,A
   \   000275   02....       LJMP    ??MAC_CbackEvent_16 & 0xFFFF
    208            }
    209            else if (event == MAC_MLME_SCAN_CNF)
   \                     ??MAC_CbackEvent_15:
   \   000278   7407         MOV     A,#0x7
   \   00027A   65..         XRL     A,?V0 + 4
   \   00027C   6003         JZ      $+5
   \   00027E   02....       LJMP    ??MAC_CbackEvent_16 & 0xFFFF
    210            {
    211              macMlmeScanCnf_t *pScan = (macMlmeScanCnf_t*)msgPtr;
    212          
    213              if (ZMac_ScanBuf != NULL)
   \   000281   90....       MOV     DPTR,#ZMac_ScanBuf
   \   000284   E0           MOVX    A,@DPTR
   \   000285   F8           MOV     R0,A
   \   000286   A3           INC     DPTR
   \   000287   E0           MOVX    A,@DPTR
   \   000288   F9           MOV     R1,A
   \   000289   E8           MOV     A,R0
   \   00028A   49           ORL     A,R1
   \   00028B   7003         JNZ     $+5
   \   00028D   02....       LJMP    ??MAC_CbackEvent_16 & 0xFFFF
    214              {
    215                void *pTmp = ZMac_ScanBuf;
   \   000290   90....       MOV     DPTR,#ZMac_ScanBuf
   \   000293   E0           MOVX    A,@DPTR
   \   000294   F5..         MOV     ?V0 + 6,A
   \   000296   A3           INC     DPTR
   \   000297   E0           MOVX    A,@DPTR
   \   000298   F5..         MOV     ?V0 + 7,A
    216                ZMac_ScanBuf = NULL;
   \   00029A   90....       MOV     DPTR,#ZMac_ScanBuf
   \   00029D   E4           CLR     A
   \   00029E   F0           MOVX    @DPTR,A
   \   00029F   A3           INC     DPTR
   \   0002A0   F0           MOVX    @DPTR,A
    217          
    218                if (pScan->scanType == ZMAC_ED_SCAN)
   \   0002A1   85....       MOV     ?V0 + 8,?V0 + 6
   \   0002A4   85....       MOV     ?V0 + 9,?V0 + 7
   \   0002A7   F5..         MOV     ?V0 + 10,A
   \   0002A9   EE           MOV     A,R6
   \   0002AA   2409         ADD     A,#0x9
   \   0002AC   F5..         MOV     ?V0 + 2,A
   \   0002AE   EF           MOV     A,R7
   \   0002AF   3400         ADDC    A,#0x0
   \   0002B1   F5..         MOV     ?V0 + 3,A
   \   0002B3   EE           MOV     A,R6
   \   0002B4   240B         ADD     A,#0xb
   \   0002B6   F5..         MOV     ?V0 + 0,A
   \   0002B8   EF           MOV     A,R7
   \   0002B9   3400         ADDC    A,#0x0
   \   0002BB   F5..         MOV     ?V0 + 1,A
   \   0002BD   8E82         MOV     DPL,R6
   \   0002BF   8F83         MOV     DPH,R7
   \   0002C1   A3           INC     DPTR
   \   0002C2   A3           INC     DPTR
   \   0002C3   E0           MOVX    A,@DPTR
   \   0002C4   85..82       MOV     DPL,?V0 + 2
   \   0002C7   85..83       MOV     DPH,?V0 + 3
   \   0002CA   701D         JNZ     ??MAC_CbackEvent_17
    219                {
    220                  pScan->result.pEnergyDetect = (uint8*) (pScan + 1);
   \   0002CC   E5..         MOV     A,?V0 + 0
   \   0002CE   F0           MOVX    @DPTR,A
   \   0002CF   A3           INC     DPTR
   \   0002D0   E5..         MOV     A,?V0 + 1
   \   0002D2   F0           MOVX    @DPTR,A
    221                  osal_memcpy(pScan->result.pEnergyDetect, pTmp, ZMAC_ED_SCAN_MAXCHANNELS);
   \   0002D3                ; Setup parameters for call to function osal_memcpy
   \   0002D3   78..         MOV     R0,#?V0 + 8
   \   0002D5   12....       LCALL   ?PUSH_XSTACK_I_THREE
   \   0002D8   7C1B         MOV     R4,#0x1b
   \   0002DA   7D00         MOV     R5,#0x0
   \   0002DC   85..82       MOV     DPL,?V0 + 2
   \   0002DF   85..83       MOV     DPH,?V0 + 3
   \   0002E2   E0           MOVX    A,@DPTR
   \   0002E3   FA           MOV     R2,A
   \   0002E4   A3           INC     DPTR
   \   0002E5   E0           MOVX    A,@DPTR
   \   0002E6   FB           MOV     R3,A
   \   0002E7   8024         SJMP    ??MAC_CbackEvent_18
    222                }
    223                else
    224                {
    225                  pScan->result.pPanDescriptor = (macPanDesc_t*) (pScan + 1);
   \                     ??MAC_CbackEvent_17:
   \   0002E9   E5..         MOV     A,?V0 + 0
   \   0002EB   F0           MOVX    @DPTR,A
   \   0002EC   A3           INC     DPTR
   \   0002ED   E5..         MOV     A,?V0 + 1
   \   0002EF   F0           MOVX    @DPTR,A
    226                  osal_memcpy(pScan + 1, pTmp, sizeof( ZMacPanDesc_t ) * pScan->resultListSize);
   \   0002F0                ; Setup parameters for call to function osal_memcpy
   \   0002F0   78..         MOV     R0,#?V0 + 8
   \   0002F2   12....       LCALL   ?PUSH_XSTACK_I_THREE
   \   0002F5   8E82         MOV     DPL,R6
   \   0002F7   8F83         MOV     DPH,R7
   \   0002F9   A3           INC     DPTR
   \   0002FA   A3           INC     DPTR
   \   0002FB   A3           INC     DPTR
   \   0002FC   A3           INC     DPTR
   \   0002FD   A3           INC     DPTR
   \   0002FE   A3           INC     DPTR
   \   0002FF   A3           INC     DPTR
   \   000300   A3           INC     DPTR
   \   000301   E0           MOVX    A,@DPTR
   \   000302   75F021       MOV     B,#0x21
   \   000305   A4           MUL     AB
   \   000306   FC           MOV     R4,A
   \   000307   ADF0         MOV     R5,B
   \   000309   AA..         MOV     R2,?V0 + 0
   \   00030B   AB..         MOV     R3,?V0 + 1
   \                     ??MAC_CbackEvent_18:
   \   00030D   12....       LCALL   ??osal_memcpy?relay
   \   000310   7403         MOV     A,#0x3
   \   000312   12....       LCALL   ?DEALLOC_XSTACK8
    227                }
    228          
    229                osal_mem_free(pTmp);
   \   000315                ; Setup parameters for call to function osal_mem_free
   \   000315   AA..         MOV     R2,?V0 + 6
   \   000317   AB..         MOV     R3,?V0 + 7
   \   000319   12....       LCALL   ??osal_mem_free?relay
    230              }
    231            }
    232          
    233            if ( ( pZMac_AppCallback == NULL ) || ( pZMac_AppCallback( (uint8 *)msgPtr ) == FALSE ) )
   \                     ??MAC_CbackEvent_16:
   \   00031C   90....       MOV     DPTR,#pZMac_AppCallback
   \   00031F   E0           MOVX    A,@DPTR
   \   000320   F8           MOV     R0,A
   \   000321   A3           INC     DPTR
   \   000322   E0           MOVX    A,@DPTR
   \   000323   F9           MOV     R1,A
   \   000324   E8           MOV     A,R0
   \   000325   49           ORL     A,R1
   \   000326   6018         JZ      ??MAC_CbackEvent_19
   \   000328                ; Setup parameters for indirect call
   \   000328   EE           MOV     A,R6
   \   000329   FA           MOV     R2,A
   \   00032A   EF           MOV     A,R7
   \   00032B   FB           MOV     R3,A
   \   00032C   90....       MOV     DPTR,#pZMac_AppCallback
   \   00032F   E0           MOVX    A,@DPTR
   \   000330   F8           MOV     R0,A
   \   000331   A3           INC     DPTR
   \   000332   E0           MOVX    A,@DPTR
   \   000333   F583         MOV     DPH,A
   \   000335   8882         MOV     DPL,R0
   \   000337   12....       LCALL   ?CALL_IND
   \   00033A   E9           MOV     A,R1
   \   00033B   6003         JZ      $+5
   \   00033D   02....       LJMP    ??MAC_CbackEvent_20 & 0xFFFF
    234            {
    235              // Filter out non-zigbee packets
    236              if ( event == MAC_MCPS_DATA_IND )
   \                     ??MAC_CbackEvent_19:
   \   000340   740D         MOV     A,#0xd
   \   000342   65..         XRL     A,?V0 + 4
   \   000344   6003         JZ      $+5
   \   000346   02....       LJMP    ??MAC_CbackEvent_21 & 0xFFFF
    237              {
    238                uint8 fcFrameType = (pData->dataInd.msdu.p[0] & 0x03);
    239                uint8 fcProtoVer = ((pData->dataInd.msdu.p[0] >> 2) & 0x0F);
    240                uint8 fcReserve = (pData->dataInd.msdu.p[1] & 0xE0);
   \   000349   85..82       MOV     DPL,?XSP + 0
   \   00034C   85..83       MOV     DPH,?XSP + 1
   \   00034F   E0           MOVX    A,@DPTR
   \   000350   2402         ADD     A,#0x2
   \   000352   F8           MOV     R0,A
   \   000353   A3           INC     DPTR
   \   000354   E0           MOVX    A,@DPTR
   \   000355   3400         ADDC    A,#0x0
   \   000357   F9           MOV     R1,A
   \   000358   8882         MOV     DPL,R0
   \   00035A   8983         MOV     DPH,R1
   \   00035C   E0           MOVX    A,@DPTR
   \   00035D   FA           MOV     R2,A
   \   00035E   A3           INC     DPTR
   \   00035F   E0           MOVX    A,@DPTR
   \   000360   F583         MOV     DPH,A
   \   000362   8A82         MOV     DPL,R2
   \   000364   A3           INC     DPTR
   \   000365   E0           MOVX    A,@DPTR
   \   000366   54E0         ANL     A,#0xe0
   \   000368   FA           MOV     R2,A
    241                if ( (fcFrameType > 0x01) || (fcProtoVer != _NIB.nwkProtocolVersion) || (fcReserve != 0) 
    242                    || (pData->dataInd.mac.srcAddr.addrMode != SADDR_MODE_SHORT) )
   \   000369   8882         MOV     DPL,R0
   \   00036B   8983         MOV     DPH,R1
   \   00036D   E0           MOVX    A,@DPTR
   \   00036E   FB           MOV     R3,A
   \   00036F   A3           INC     DPTR
   \   000370   E0           MOVX    A,@DPTR
   \   000371   F583         MOV     DPH,A
   \   000373   8B82         MOV     DPL,R3
   \   000375   E0           MOVX    A,@DPTR
   \   000376   5403         ANL     A,#0x3
   \   000378   C3           CLR     C
   \   000379   9402         SUBB    A,#0x2
   \   00037B   4003         JC      $+5
   \   00037D   02....       LJMP    ??MAC_CbackEvent_3 & 0xFFFF
   \   000380   8882         MOV     DPL,R0
   \   000382   8983         MOV     DPH,R1
   \   000384   E0           MOVX    A,@DPTR
   \   000385   F8           MOV     R0,A
   \   000386   A3           INC     DPTR
   \   000387   E0           MOVX    A,@DPTR
   \   000388   F583         MOV     DPH,A
   \   00038A   8882         MOV     DPL,R0
   \   00038C   E0           MOVX    A,@DPTR
   \   00038D   13           RRC     A
   \   00038E   13           RRC     A
   \   00038F   543F         ANL     A,#0x3f
   \   000391   540F         ANL     A,#0xf
   \   000393   F8           MOV     R0,A
   \   000394   90....       MOV     DPTR,#_NIB + 17
   \   000397   E0           MOVX    A,@DPTR
   \   000398   68           XRL     A,R0
   \   000399   6003         JZ      $+5
   \   00039B   02....       LJMP    ??MAC_CbackEvent_3 & 0xFFFF
   \   00039E   EA           MOV     A,R2
   \   00039F   6003         JZ      $+5
   \   0003A1   02....       LJMP    ??MAC_CbackEvent_3 & 0xFFFF
   \   0003A4   85..82       MOV     DPL,?XSP + 0
   \   0003A7   85..83       MOV     DPH,?XSP + 1
   \   0003AA   E0           MOVX    A,@DPTR
   \   0003AB   241A         ADD     A,#0x1a
   \   0003AD   F8           MOV     R0,A
   \   0003AE   A3           INC     DPTR
   \   0003AF   E0           MOVX    A,@DPTR
   \   0003B0   3400         ADDC    A,#0x0
   \   0003B2   F9           MOV     R1,A
   \   0003B3   8882         MOV     DPL,R0
   \   0003B5   8983         MOV     DPH,R1
   \   0003B7   E0           MOVX    A,@DPTR
   \   0003B8   6402         XRL     A,#0x2
   \   0003BA   6003         JZ      $+5
   \   0003BC   02....       LJMP    ??MAC_CbackEvent_3 & 0xFFFF
    243                {
    244                  // Drop the message 
    245                  mac_msg_deallocate( (uint8 **)&pData );
    246                  return;
    247                }
    248                else if ( pData->dataInd.mac.dstAddr.addr.shortAddr == 0xFFFF )
   \   0003BF   85..82       MOV     DPL,?XSP + 0
   \   0003C2   85..83       MOV     DPH,?XSP + 1
   \   0003C5   E0           MOVX    A,@DPTR
   \   0003C6   241B         ADD     A,#0x1b
   \   0003C8   F8           MOV     R0,A
   \   0003C9   A3           INC     DPTR
   \   0003CA   E0           MOVX    A,@DPTR
   \   0003CB   3400         ADDC    A,#0x0
   \   0003CD   F9           MOV     R1,A
   \   0003CE   8882         MOV     DPL,R0
   \   0003D0   8983         MOV     DPH,R1
   \   0003D2   E0           MOVX    A,@DPTR
   \   0003D3   F4           CPL     A
   \   0003D4   7003         JNZ     ??MAC_CbackEvent_22
   \   0003D6   A3           INC     DPTR
   \   0003D7   E0           MOVX    A,@DPTR
   \   0003D8   F4           CPL     A
   \                     ??MAC_CbackEvent_22:
   \   0003D9   700F         JNZ     ??MAC_CbackEvent_21
    249                {
    250                  // Send the messsage to a special broadcast queue
    251                  if ( nwk_broadcastSend( (uint8 *)msgPtr ) == SUCCESS )
   \   0003DB                ; Setup parameters for call to function nwk_broadcastSend
   \   0003DB   EE           MOV     A,R6
   \   0003DC   FA           MOV     R2,A
   \   0003DD   EF           MOV     A,R7
   \   0003DE   FB           MOV     R3,A
   \   0003DF   12....       LCALL   ??nwk_broadcastSend?relay
   \   0003E2   E9           MOV     A,R1
   \   0003E3   6003         JZ      $+5
   \   0003E5   02....       LJMP    ??MAC_CbackEvent_3 & 0xFFFF
   \   0003E8   8024         SJMP    ??MAC_CbackEvent_0
    252                  {
    253                    return;
    254                  }
    255                  else
    256                  {
    257                    // Drop the message, too many broadcast messages to process
    258                    mac_msg_deallocate( (uint8 **)&pData );
    259                    return;
    260                  }
    261                }
    262              }
    263              
    264              // Application hasn't already processed this message. Send it to NWK task.
    265              osal_msg_send( NWK_TaskID, (uint8 *)msgPtr );
   \                     ??MAC_CbackEvent_21:
   \   0003EA                ; Setup parameters for call to function osal_msg_send
   \   0003EA   EE           MOV     A,R6
   \   0003EB   FA           MOV     R2,A
   \   0003EC   EF           MOV     A,R7
   \   0003ED   FB           MOV     R3,A
   \   0003EE   90....       MOV     DPTR,#NWK_TaskID
   \   0003F1   E0           MOVX    A,@DPTR
   \   0003F2   F9           MOV     R1,A
   \   0003F3   12....       LCALL   ??osal_msg_send?relay
    266            }
    267          
    268            if ( event == MAC_MCPS_DATA_CNF )
   \                     ??MAC_CbackEvent_20:
   \   0003F6   740C         MOV     A,#0xc
   \   0003F8   65..         XRL     A,?V0 + 4
   \   0003FA   7012         JNZ     ??MAC_CbackEvent_0
    269            {
    270              // If the application needs 'pDataReq' then we cannot free it here.
    271              // The application must free it after using it. Note that 'pDataReq'
    272              // is of macMcpsDataReq_t (and not ZMacDataReq_t) type.
    273          
    274              mac_msg_deallocate( (uint8**)&(pData->dataCnf.pDataReq) );
   \   0003FC                ; Setup parameters for call to function mac_msg_deallocate
   \   0003FC   85..82       MOV     DPL,?XSP + 0
   \   0003FF   85..83       MOV     DPH,?XSP + 1
   \   000402   E0           MOVX    A,@DPTR
   \   000403   2403         ADD     A,#0x3
   \   000405   FA           MOV     R2,A
   \   000406   A3           INC     DPTR
   \   000407   E0           MOVX    A,@DPTR
   \   000408   3400         ADDC    A,#0x0
   \   00040A   FB           MOV     R3,A
   \                     ??MAC_CbackEvent_6:
   \   00040B   12....       LCALL   ??mac_msg_deallocate?relay
   \                     ??MAC_CbackEvent_0:
   \   00040E   7404         MOV     A,#0x4
   \   000410   12....       LCALL   ?DEALLOC_XSTACK8
   \   000413   7F0B         MOV     R7,#0xb
   \   000415   02....       LJMP    ?BANKED_LEAVE_XDATA
   \   000418                REQUIRE _A_IEN0
    275            }
    276          #endif
    277          }
    278          #else  // ifdef MT_MAC_CB_FUNC
    279          {
    280            /* Check if MT has subscribed for this callback If so, pass it as an event to MonitorTest */
    281            switch (pData->hdr.event)
    282            {
    283              case MAC_MLME_ASSOCIATE_IND:
    284                if ( _macCallbackSub & CB_ID_NWK_ASSOCIATE_IND )
    285                  nwk_MTCallbackSubNwkAssociateInd ( (ZMacAssociateInd_t *)pData );
    286                break;
    287          
    288              case MAC_MLME_ASSOCIATE_CNF:
    289                if ( _macCallbackSub & CB_ID_NWK_ASSOCIATE_CNF )
    290                  nwk_MTCallbackSubNwkAssociateCnf ( (ZMacAssociateCnf_t *)pData );
    291                break;
    292          
    293              case MAC_MLME_DISASSOCIATE_IND:
    294                if ( _macCallbackSub & CB_ID_NWK_DISASSOCIATE_IND )
    295                  nwk_MTCallbackSubNwkDisassociateInd ( (ZMacDisassociateInd_t *)pData );
    296                break;
    297          
    298              case MAC_MLME_DISASSOCIATE_CNF:
    299                if ( _macCallbackSub & CB_ID_NWK_DISASSOCIATE_CNF )
    300                  nwk_MTCallbackSubNwkDisassociateCnf ( (ZMacDisassociateCnf_t *)pData );
    301                break;
    302          
    303              case MAC_MLME_BEACON_NOTIFY_IND:
    304                if ( _macCallbackSub & CB_ID_NWK_BEACON_NOTIFY_IND )
    305                  nwk_MTCallbackSubNwkBeaconNotifyInd( (ZMacBeaconNotifyInd_t *)pData );
    306                break;
    307          
    308              case MAC_MLME_ORPHAN_IND:
    309                if ( _macCallbackSub & CB_ID_NWK_ORPHAN_IND )
    310                  nwk_MTCallbackSubNwkOrphanInd( (ZMacOrphanInd_t *) pData );
    311                break;
    312          
    313              case MAC_MLME_SCAN_CNF:
    314                if ( _macCallbackSub & CB_ID_NWK_SCAN_CNF )
    315                {
    316                  pData->scanCnf.result.pEnergyDetect = ZMac_ScanBuf;
    317                  nwk_MTCallbackSubNwkScanCnf ( (ZMacScanCnf_t *) pData );
    318                }
    319          
    320                if (ZMac_ScanBuf != NULL)
    321                {
    322                  void *pTmp = ZMac_ScanBuf;
    323                  ZMac_ScanBuf = NULL;
    324                  osal_mem_free(pTmp);
    325                }
    326                break;
    327          
    328              case MAC_MLME_START_CNF:
    329                if ( _macCallbackSub & CB_ID_NWK_START_CNF )
    330                  nwk_MTCallbackSubNwkStartCnf ( pData->hdr.status );
    331                break;
    332          
    333              case MAC_MLME_SYNC_LOSS_IND:
    334                if ( _macCallbackSub & CB_ID_NWK_SYNC_LOSS_IND )
    335                 nwk_MTCallbackSubNwkSyncLossInd( (ZMacSyncLossInd_t *) pData );
    336                break;
    337          
    338              case MAC_MLME_POLL_CNF:
    339                if ( _macCallbackSub & CB_ID_NWK_POLL_CNF )
    340                   nwk_MTCallbackSubNwkPollCnf( pData->hdr.status );
    341                break;
    342          
    343              case MAC_MLME_COMM_STATUS_IND:
    344                if ( _macCallbackSub & CB_ID_NWK_COMM_STATUS_IND )
    345                  nwk_MTCallbackSubCommStatusInd ( (ZMacCommStatusInd_t *) pData );
    346                break;
    347          
    348              case MAC_MCPS_DATA_CNF:
    349                mac_msg_deallocate((uint8**)&pData->dataCnf.pDataReq);
    350          
    351                if ( _macCallbackSub & CB_ID_NWK_DATA_CNF )
    352                  nwk_MTCallbackSubNwkDataCnf( (ZMacDataCnf_t *) pData );
    353                break;
    354          
    355              case MAC_MCPS_DATA_IND:
    356                  {
    357                    /*
    358                       Data Ind is unconventional: to save an alloc/copy, reuse the MAC
    359                       buffer and re-organize the contents into ZMAC format.
    360                    */
    361                    ZMacDataInd_t *pDataInd = (ZMacDataInd_t *) pData;
    362                    uint8 event, status, len, *msdu;
    363          
    364                    /* Store parameters */
    365                    event = pData->hdr.event;
    366                    status = pData->hdr.status;
    367                    len = pData->dataInd.msdu.len;
    368                    msdu = pData->dataInd.msdu.p;
    369          
    370                    /* Copy header */
    371                    osal_memcpy(&pDataInd->SrcAddr, &pData->dataInd.mac, sizeof(ZMacDataInd_t) - sizeof(ZMacEventHdr_t));
    372          
    373                    /* Security - set to zero for now*/
    374                    pDataInd->Sec.SecurityLevel = false;
    375          
    376                    /* Restore parameters */
    377                    pDataInd->hdr.Status = status;
    378                    pDataInd->hdr.Event = event;
    379                    pDataInd->msduLength = len;
    380          
    381                    if (len)
    382                      pDataInd->msdu = msdu;
    383                    else
    384                      pDataInd->msdu = NULL;
    385          
    386                    if ( _macCallbackSub & CB_ID_NWK_DATA_IND )
    387                      nwk_MTCallbackSubNwkDataInd ( pDataInd );
    388          
    389                    /* free buffer */
    390                    mac_msg_deallocate( (uint8 **)&pData );
    391                  }
    392                  break;
    393          
    394              case MAC_MCPS_PURGE_CNF:
    395                if ( _macCallbackSub & CB_ID_NWK_PURGE_CNF )
    396                  nwk_MTCallbackSubNwkPurgeCnf( (ZMacPurgeCnf_t *) pData);
    397                break;
    398          
    399              default:
    400                break;
    401            }
    402          }
    403          #endif
    404          
    405          /********************************************************************************************************
    406           * @fn      MAC_CbackCheckPending
    407           *
    408           * @brief   Return number of pending indirect msg
    409           *
    410           * @param   None
    411           *
    412           * @return  Number of indirect msg holding
    413           ********************************************************************************************************/

   \                                 In  segment BANKED_CODE, align 1, keep-with-next
    414          uint8 MAC_CbackCheckPending(void)
   \                     MAC_CbackCheckPending:
    415          {
   \   000000                ; Saved register size: 0
   \   000000                ; Auto size: 0
    416          #if !defined (NONWK)
    417            if ( ZSTACK_ROUTER_BUILD )
    418            {
    419              return (nwkDB_ReturnIndirectHoldingCnt());
    420            }
    421            else
    422            {
    423              return (0);
   \   000000   7900         MOV     R1,#0x0
   \   000002   02....       LJMP    ?BRET
    424            }
    425          #else
    426            return (0);
    427          #endif
    428          }

   \                                 In  segment BANK_RELAYS, align 1
   \                     ??MAC_CbackEvent?relay:
   \   000000   12....       LCALL   ?BDISPATCH
   \   000003   ......       DC24    MAC_CbackEvent

   \                                 In  segment BANK_RELAYS, align 1
   \                     ??MAC_CbackCheckPending?relay:
   \   000000   12....       LCALL   ?BDISPATCH
   \   000003   ......       DC24    MAC_CbackCheckPending

   Maximum stack usage in bytes:

     Function                ISTACK PSTACK XSTACK
     --------                ------ ------ ------
     MAC_CbackCheckPending       0      0      0
     MAC_CbackEvent              0      0     26
       -> MAC_MlmeGetReq         0      0     46
       -> mac_msg_deallocate     0      0     46
       -> osal_msg_allocate      0      0     46
       -> mac_msg_deallocate     0      0     46
       -> osal_msg_allocate      0      0     46
       -> osal_memcpy            0      0     52
       -> osal_memcpy            0      0     52
       -> osal_memcpy            0      0     52
       -> osal_memcpy            0      0     52
       -> osal_memcpy            0      0     52
       -> osal_mem_free          0      0     46
       -> nwk_broadcastSend      0      0     46
       -> osal_msg_send          0      0     46
       -> mac_msg_deallocate     0      0     46


   Segment part sizes:

     Function/Label                Bytes
     --------------                -----
     _A_IEN0                          1
     zmacCBSizeTable                 17
     pZMac_AppCallback                2
     MAC_CbackEvent                1048
     MAC_CbackCheckPending            5
     ??MAC_CbackEvent?relay           6
     ??MAC_CbackCheckPending?relay    6

 
 1 053 bytes in segment BANKED_CODE
    12 bytes in segment BANK_RELAYS
    17 bytes in segment CODE_C
     1 byte  in segment SFR_AN
     2 bytes in segment XDATA_Z
 
 1 082 bytes of CODE  memory
     0 bytes of DATA  memory (+ 1 byte shared)
     2 bytes of XDATA memory

Errors: none
Warnings: none
