###############################################################################
#                                                                             #
# IAR C/C++ Compiler V8.10.3.10338/W32 for 8051         15/Dec/2020  22:48:26 #
# Copyright 2004-2011 IAR Systems AB.                                         #
#                                                                             #
#    Core               =  plain                                              #
#    Code model         =  banked                                             #
#    Data model         =  large                                              #
#    Calling convention =  xdata reentrant                                    #
#    Constant location  =  data_rom                                           #
#    Dptr setup         =  1,16                                               #
#    Source file        =  E:\ณฃำรฤฃฟ้สตั้\ZigBeeอจะลสตั้\1.ZigBeeอ๘ย็ดซสไฮยส #
#                          ชถศสตั้\Components\HARDWARE\delay.c                #
#    Command line       =  -f E:\ณฃำรฤฃฟ้สตั้\ZigBeeอจะลสตั้\1.ZigBeeอ๘ย็ดซสไ #
#                          ฮยสชถศสตั้\Projects\zstack\Samples\SampleApp\CC253 #
#                          0DB\..\..\..\Tools\CC2530DB\f8wCoord.cfg           #
#                          (-DCPU32MHZ -DROOT=__near_func                     #
#                          -DMAC_CFG_APP_PENDING_QUEUE=TRUE                   #
#                          -DZDO_COORDINATOR -DRTR_NWK -DBLINK_LEDS) -f       #
#                          E:\ณฃำรฤฃฟ้สตั้\ZigBeeอจะลสตั้\1.ZigBeeอ๘ย็ดซสไฮยส #
#                          ชถศสตั้\Projects\zstack\Samples\SampleApp\CC2530DB #
#                          \..\..\..\Tools\CC2530DB\f8wConfig.cfg             #
#                          (-DSECURE=0 -DZG_SECURE_DYNAMIC=0 -DREFLECTOR      #
#                          -DDEFAULT_CHANLIST=0x00000800                      #
#                          -DZDAPP_CONFIG_PAN_ID=0xFF11                       #
#                          -DNWK_START_DELAY=100 -DEXTENDED_JOINING_RANDOM_MA #
#                          SK=0x007F -DBEACON_REQUEST_DELAY=100               #
#                          -DBEACON_REQ_DELAY_MASK=0x00FF                     #
#                          -DROUTE_EXPIRY_TIME=30 -DAPSC_ACK_WAIT_DURATION_PO #
#                          LLED=3000 -DNWK_INDIRECT_MSG_TIMEOUT=7             #
#                          -DMAX_RREQ_ENTRIES=8 -DAPSC_MAX_FRAME_RETRIES=3    #
#                          -DNWK_MAX_DATA_RETRIES=2                           #
#                          -DMAX_POLL_FAILURE_RETRIES=2 -DMAX_BCAST=9         #
#                          -DAPS_MAX_GROUPS=16 -DMAX_RTG_ENTRIES=40           #
#                          -DNWK_MAX_BINDING_ENTRIES=4                        #
#                          -DMAX_BINDING_CLUSTER_IDS=4 "-DDEFAULT_KEY={0x01,  #
#                          0x03, 0x05, 0x07, 0x09, 0x0B, 0x0D, 0x0F, 0x00,    #
#                          0x02, 0x04, 0x06, 0x08, 0x0A, 0x0C, 0x0D}"         #
#                          -DMAC_MAX_FRAME_SIZE=116 "-DCONST=const __code"    #
#                          -DGENERIC=__generic -DRFD_RCVC_ALWAYS_ON=FALSE     #
#                          -DPOLL_RATE=1000 -DQUEUED_POLL_RATE=100            #
#                          -DRESPONSE_POLL_RATE=100) -DREJOIN_POLL_RATE=440   #
#                          E:\ณฃำรฤฃฟ้สตั้\ZigBeeอจะลสตั้\1.ZigBeeอ๘ย็ดซสไฮยส #
#                          ชถศสตั้\Components\HARDWARE\delay.c -D ZIGBEEPRO   #
#                          -D ZTOOL_P1 -D MT_SYS_FUNC -D xMT_ZDO_FUNC -D      #
#                          LCD_SUPPORTED=DEBUG -D NV_RESTORE -lC              #
#                          E:\ณฃำรฤฃฟ้สตั้\ZigBeeอจะลสตั้\1.ZigBeeอ๘ย็ดซสไฮยส #
#                          ชถศสตั้\Projects\zstack\Samples\SampleApp\CC2530DB #
#                          \CoordinatorEB\List\ -lA                           #
#                          E:\ณฃำรฤฃฟ้สตั้\ZigBeeอจะลสตั้\1.ZigBeeอ๘ย็ดซสไฮยส #
#                          ชถศสตั้\Projects\zstack\Samples\SampleApp\CC2530DB #
#                          \CoordinatorEB\List\ --diag_suppress Pe001,Pa010   #
#                          -o E:\ณฃำรฤฃฟ้สตั้\ZigBeeอจะลสตั้\1.ZigBeeอ๘ย็ดซสไ #
#                          ฮยสชถศสตั้\Projects\zstack\Samples\SampleApp\CC253 #
#                          0DB\CoordinatorEB\Obj\ -e --debug --core=plain     #
#                          --dptr=16,1 --data_model=large                     #
#                          --code_model=banked --calling_convention=xdata_ree #
#                          ntrant --place_constants=data_rom                  #
#                          --nr_virtual_regs 16 -I E:\ณฃำรฤฃฟ้สตั้\ZigBeeอจะล #
#                          สตั้\1.ZigBeeอ๘ย็ดซสไฮยสชถศสตั้\Projects\zstack\Sa #
#                          mples\SampleApp\CC2530DB\ -I                       #
#                          E:\ณฃำรฤฃฟ้สตั้\ZigBeeอจะลสตั้\1.ZigBeeอ๘ย็ดซสไฮยส #
#                          ชถศสตั้\Projects\zstack\Samples\SampleApp\CC2530DB #
#                          \..\SOURCE\ -I E:\ณฃำรฤฃฟ้สตั้\ZigBeeอจะลสตั้\1.Zi #
#                          gBeeอ๘ย็ดซสไฮยสชถศสตั้\Projects\zstack\Samples\Sam #
#                          pleApp\CC2530DB\..\..\..\ZMAIN\TI2530DB\ -I        #
#                          E:\ณฃำรฤฃฟ้สตั้\ZigBeeอจะลสตั้\1.ZigBeeอ๘ย็ดซสไฮยส #
#                          ชถศสตั้\Projects\zstack\Samples\SampleApp\CC2530DB #
#                          \..\..\..\..\..\COMPONENTS\MT\ -I                  #
#                          E:\ณฃำรฤฃฟ้สตั้\ZigBeeอจะลสตั้\1.ZigBeeอ๘ย็ดซสไฮยส #
#                          ชถศสตั้\Projects\zstack\Samples\SampleApp\CC2530DB #
#                          \..\..\..\..\..\COMPONENTS\HAL\INCLUDE\ -I         #
#                          E:\ณฃำรฤฃฟ้สตั้\ZigBeeอจะลสตั้\1.ZigBeeอ๘ย็ดซสไฮยส #
#                          ชถศสตั้\Projects\zstack\Samples\SampleApp\CC2530DB #
#                          \..\..\..\..\..\COMPONENTS\HAL\TARGET\CC2530EB\    #
#                          -I E:\ณฃำรฤฃฟ้สตั้\ZigBeeอจะลสตั้\1.ZigBeeอ๘ย็ดซสไ #
#                          ฮยสชถศสตั้\Projects\zstack\Samples\SampleApp\CC253 #
#                          0DB\..\..\..\..\..\COMPONENTS\OSAL\MCU\CCSOC\ -I   #
#                          E:\ณฃำรฤฃฟ้สตั้\ZigBeeอจะลสตั้\1.ZigBeeอ๘ย็ดซสไฮยส #
#                          ชถศสตั้\Projects\zstack\Samples\SampleApp\CC2530DB #
#                          \..\..\..\..\..\COMPONENTS\OSAL\INCLUDE\ -I        #
#                          E:\ณฃำรฤฃฟ้สตั้\ZigBeeอจะลสตั้\1.ZigBeeอ๘ย็ดซสไฮยส #
#                          ชถศสตั้\Projects\zstack\Samples\SampleApp\CC2530DB #
#                          \..\..\..\..\..\COMPONENTS\STACK\AF\ -I            #
#                          E:\ณฃำรฤฃฟ้สตั้\ZigBeeอจะลสตั้\1.ZigBeeอ๘ย็ดซสไฮยส #
#                          ชถศสตั้\Projects\zstack\Samples\SampleApp\CC2530DB #
#                          \..\..\..\..\..\COMPONENTS\STACK\NWK\ -I           #
#                          E:\ณฃำรฤฃฟ้สตั้\ZigBeeอจะลสตั้\1.ZigBeeอ๘ย็ดซสไฮยส #
#                          ชถศสตั้\Projects\zstack\Samples\SampleApp\CC2530DB #
#                          \..\..\..\..\..\COMPONENTS\STACK\SEC\ -I           #
#                          E:\ณฃำรฤฃฟ้สตั้\ZigBeeอจะลสตั้\1.ZigBeeอ๘ย็ดซสไฮยส #
#                          ชถศสตั้\Projects\zstack\Samples\SampleApp\CC2530DB #
#                          \..\..\..\..\..\COMPONENTS\STACK\SAPI\ -I          #
#                          E:\ณฃำรฤฃฟ้สตั้\ZigBeeอจะลสตั้\1.ZigBeeอ๘ย็ดซสไฮยส #
#                          ชถศสตั้\Projects\zstack\Samples\SampleApp\CC2530DB #
#                          \..\..\..\..\..\COMPONENTS\STACK\SYS\ -I           #
#                          E:\ณฃำรฤฃฟ้สตั้\ZigBeeอจะลสตั้\1.ZigBeeอ๘ย็ดซสไฮยส #
#                          ชถศสตั้\Projects\zstack\Samples\SampleApp\CC2530DB #
#                          \..\..\..\..\..\COMPONENTS\STACK\ZDO\ -I           #
#                          E:\ณฃำรฤฃฟ้สตั้\ZigBeeอจะลสตั้\1.ZigBeeอ๘ย็ดซสไฮยส #
#                          ชถศสตั้\Projects\zstack\Samples\SampleApp\CC2530DB #
#                          \..\..\..\..\..\COMPONENTS\ZMAC\F8W\ -I            #
#                          E:\ณฃำรฤฃฟ้สตั้\ZigBeeอจะลสตั้\1.ZigBeeอ๘ย็ดซสไฮยส #
#                          ชถศสตั้\Projects\zstack\Samples\SampleApp\CC2530DB #
#                          \..\..\..\..\..\COMPONENTS\ZMAC\ -I                #
#                          E:\ณฃำรฤฃฟ้สตั้\ZigBeeอจะลสตั้\1.ZigBeeอ๘ย็ดซสไฮยส #
#                          ชถศสตั้\Projects\zstack\Samples\SampleApp\CC2530DB #
#                          \..\..\..\..\..\COMPONENTS\SERVICES\SADDR\ -I      #
#                          E:\ณฃำรฤฃฟ้สตั้\ZigBeeอจะลสตั้\1.ZigBeeอ๘ย็ดซสไฮยส #
#                          ชถศสตั้\Projects\zstack\Samples\SampleApp\CC2530DB #
#                          \..\..\..\..\..\COMPONENTS\SERVICES\SDATA\ -I      #
#                          E:\ณฃำรฤฃฟ้สตั้\ZigBeeอจะลสตั้\1.ZigBeeอ๘ย็ดซสไฮยส #
#                          ชถศสตั้\Projects\zstack\Samples\SampleApp\CC2530DB #
#                          \..\..\..\..\..\COMPONENTS\MAC\INCLUDE\ -I         #
#                          E:\ณฃำรฤฃฟ้สตั้\ZigBeeอจะลสตั้\1.ZigBeeอ๘ย็ดซสไฮยส #
#                          ชถศสตั้\Projects\zstack\Samples\SampleApp\CC2530DB #
#                          \..\..\..\..\..\COMPONENTS\MAC\HIGH_LEVEL\ -I      #
#                          E:\ณฃำรฤฃฟ้สตั้\ZigBeeอจะลสตั้\1.ZigBeeอ๘ย็ดซสไฮยส #
#                          ชถศสตั้\Projects\zstack\Samples\SampleApp\CC2530DB #
#                          \..\..\..\..\..\COMPONENTS\MAC\LOW_LEVEL\srf04\    #
#                          -I E:\ณฃำรฤฃฟ้สตั้\ZigBeeอจะลสตั้\1.ZigBeeอ๘ย็ดซสไ #
#                          ฮยสชถศสตั้\Projects\zstack\Samples\SampleApp\CC253 #
#                          0DB\..\..\..\..\..\COMPONENTS\MAC\LOW_LEVEL\srf04\ #
#                          SINGLE_CHIP\ -I E:\ณฃำรฤฃฟ้สตั้\ZigBeeอจะลสตั้\1.Z #
#                          igBeeอ๘ย็ดซสไฮยสชถศสตั้\Projects\zstack\Samples\Sa #
#                          mpleApp\CC2530DB\..\..\..\..\..\COMPONENTS\HARDWAR #
#                          E\ -Ohz                                            #
#    List file          =  E:\ณฃำรฤฃฟ้สตั้\ZigBeeอจะลสตั้\1.ZigBeeอ๘ย็ดซสไฮยส #
#                          ชถศสตั้\Projects\zstack\Samples\SampleApp\CC2530DB #
#                          \CoordinatorEB\List\delay.lst                      #
#    Object file        =  E:\ณฃำรฤฃฟ้สตั้\ZigBeeอจะลสตั้\1.ZigBeeอ๘ย็ดซสไฮยส #
#                          ชถศสตั้\Projects\zstack\Samples\SampleApp\CC2530DB #
#                          \CoordinatorEB\Obj\delay.r51                       #
#                                                                             #
#                                                                             #
###############################################################################

E:\ณฃำรฤฃฟ้สตั้\ZigBeeอจะลสตั้\1.ZigBeeอ๘ย็ดซสไฮยสชถศสตั้\Components\HARDWARE\delay.c
      1          #include "delay.h"
      2          
      3          //==========================================================
      4          //	บฏสร๛ณฦฃบ	delay_ms()
      5          //
      6          //	บฏสนฆฤฃบ	บมร๋ัำสฑบฏส
      7          //
      8          //	ศ๋ฟฺฒฮสฃบ	ฮ
      9          //
     10          //	ทตปุฒฮสฃบ	ฮ
     11          //
     12          //	หตร๗ฃบ		
     13          //==========================================================

   \                                 In  segment BANKED_CODE, align 1, keep-with-next
     14          void delay_ms(uint32 nms)
   \                     delay_ms:
     15          {		
   \   000000   74F0         MOV     A,#-0x10
   \   000002   12....       LCALL   ?BANKED_ENTER_XDATA
   \   000005                ; Saved register size: 16
   \   000005                ; Auto size: 0
   \   000005   8A..         MOV     ?V0 + 4,R2
   \   000007   8B..         MOV     ?V0 + 5,R3
   \   000009   8C..         MOV     ?V0 + 6,R4
   \   00000B   8D..         MOV     ?V0 + 7,R5
     16              uint16 i,j;
     17              
     18              for (i=0; i<nms; i++)
   \   00000D   7A00         MOV     R2,#0x0
   \   00000F   7B00         MOV     R3,#0x0
   \   000011   8008         SJMP    ??delay_ms_0
     19                  for (j=0; j<535; j++);
   \                     ??delay_ms_1:
   \   000013   EA           MOV     A,R2
   \   000014   2401         ADD     A,#0x1
   \   000016   0A           INC     R2
   \   000017   EB           MOV     A,R3
   \   000018   3400         ADDC    A,#0x0
   \   00001A   FB           MOV     R3,A
   \                     ??delay_ms_0:
   \   00001B   8A..         MOV     ?V0 + 0,R2
   \   00001D   8B..         MOV     ?V0 + 1,R3
   \   00001F   E4           CLR     A
   \   000020   F5..         MOV     ?V0 + 2,A
   \   000022   F5..         MOV     ?V0 + 3,A
   \   000024   78..         MOV     R0,#?V0 + 4
   \   000026   79..         MOV     R1,#?V0 + 0
   \   000028   12....       LCALL   ?UL_GT
   \   00002B   40E6         JC      ??delay_ms_1
     20          }
   \   00002D                REQUIRE ?Subroutine0
   \   00002D                ; // Fall through to label ?Subroutine0

   \                                 In  segment BANKED_CODE, align 1, keep-with-next
   \                     ?Subroutine0:
   \   000000   7F08         MOV     R7,#0x8
   \   000002   02....       LJMP    ?BANKED_LEAVE_XDATA
     21          
     22          //==========================================================
     23          //	บฏสร๛ณฦฃบ	delay_us()
     24          //
     25          //	บฏสนฆฤฃบ	ฮขร๋ัำสฑบฏส
     26          //
     27          //	ศ๋ฟฺฒฮสฃบ	ฮ
     28          //
     29          //	ทตปุฒฮสฃบ	ฮ
     30          //
     31          //	หตร๗ฃบ		
     32          //==========================================================

   \                                 In  segment BANKED_CODE, align 1, keep-with-next
     33          void delay_us(uint32 nus)
   \                     delay_us:
     34          {		
   \   000000   74F0         MOV     A,#-0x10
   \   000002   12....       LCALL   ?BANKED_ENTER_XDATA
   \   000005                ; Saved register size: 16
   \   000005                ; Auto size: 0
   \   000005   8A..         MOV     ?V0 + 4,R2
   \   000007   8B..         MOV     ?V0 + 5,R3
   \   000009   8C..         MOV     ?V0 + 6,R4
   \   00000B   8D..         MOV     ?V0 + 7,R5
     35              uint8 i;
     36              
     37              for (i=0; i<nus; i++);
   \   00000D   7A00         MOV     R2,#0x0
   \   00000F   8001         SJMP    ??delay_us_0
   \                     ??delay_us_1:
   \   000011   0A           INC     R2
   \                     ??delay_us_0:
   \   000012   8A..         MOV     ?V0 + 0,R2
   \   000014   E4           CLR     A
   \   000015   F5..         MOV     ?V0 + 1,A
   \   000017   F5..         MOV     ?V0 + 2,A
   \   000019   F5..         MOV     ?V0 + 3,A
   \   00001B   78..         MOV     R0,#?V0 + 4
   \   00001D   79..         MOV     R1,#?V0 + 0
   \   00001F   12....       LCALL   ?UL_GT
   \   000022   40ED         JC      ??delay_us_1
     38          }
   \   000024   80..         SJMP    ?Subroutine0

   \                                 In  segment BANK_RELAYS, align 1
   \                     ??delay_ms?relay:
   \   000000   12....       LCALL   ?BDISPATCH
   \   000003   ......       DC24    delay_ms

   \                                 In  segment BANK_RELAYS, align 1
   \                     ??delay_us?relay:
   \   000000   12....       LCALL   ?BDISPATCH
   \   000003   ......       DC24    delay_us
     39          
     40          
     41          //==========================================================
     42          //	บฏสร๛ณฦฃบ	Hal_Init_Mcu()
     43          //
     44          //	บฏสนฆฤฃบ	สฑึำณ๕สผปฏ
     45          //
     46          //	ศ๋ฟฺฒฮสฃบ	ฮ
     47          //
     48          //	ทตปุฒฮสฃบ	ฮ
     49          //
     50          //	หตร๗ฃบ		
     51          //==========================================================
     52          //void Hal_Init_Mcu(void)
     53          //{
     54          //
     55          //  SLEEPCMD &= ~0X04;//ฝซมฝธ๖ธ฿ฦตตฤพงี๑อฌสฑษฯต็(ผดอฌสฑฟชฦ๔)
     56          //
     57          //
     58          //  while(!(SLEEPSTA & 0x20) || !(SLEEPSTA & 0x40));//ตศดมฝธ๖ธ฿ฦตพงี๑ถผฮศถจ
     59          //  
     60          //  asm("NOP");
     61          //
     62          //  {
     63          //
     64          //    uint16 i;
     65          //
     66          //    for(i=0;i<504;i++)
     67          //
     68          //    asm("NOP");
     69          //  }
     70          //
     71          //  CLKCONCMD = 0X00;
     72          //  SLEEPCMD |= 0X04;
     73          //
     74          //}

   Maximum stack usage in bytes:

     Function ISTACK PSTACK XSTACK
     -------- ------ ------ ------
     delay_ms     0      0     16
     delay_us     0      0     16


   Segment part sizes:

     Function/Label   Bytes
     --------------   -----
     delay_ms           45
     ?Subroutine0        5
     delay_us           38
     ??delay_ms?relay    6
     ??delay_us?relay    6

 
 88 bytes in segment BANKED_CODE
 12 bytes in segment BANK_RELAYS
 
 100 bytes of CODE memory

Errors: none
Warnings: none
